@game/gac/lua/world/npc/NpcBornPointMgr.lua:88
@game/gac/lua/world/npc/NpcBornPointMgr.lua:85
@game/gac/lua/world/npc/NpcBornPointMgr.lua:85
@game/gac/lua/world/npc/NpcBornPointMgr.lua:88
@game/gac/lua/world/npc/NpcBornPointMgr.lua:88
@game/gac/lua/world/npc/NpcBornPointMgr.lua:85
@game/gac/lua/world/npc/NpcBornPointMgr.lua:88
@game/gac/lua/world/npc/NpcBornPointMgr.lua:88
@game/gac/lua/world/npc/NpcBornPointMgr.lua:85
@game/gac/lua/world/npc/NpcBornPointMgr.lua:85
@game/gac/lua/world/npc/NpcBornPointMgr.lua:85
@game/gac/lua/world/npc/NpcBornPointMgr.lua:85
@game/gac/lua/world/npc/NpcBornPointMgr.lua:85
@game/gac/lua/world/npc/NpcBornPointMgr.lua:85
@game/gac/lua/world/npc/NpcBornPointMgr.lua:88
@game/gac/lua/world/npc/NpcBornPointMgr.lua:88
@game/gac/lua/world/npc/NpcBornPointMgr.lua:85
@game/gac/lua/world/npc/NpcBornPointMgr.lua:88
@game/gac/lua/world/npc/NpcBornPointMgr.lua:88
@game/gac/lua/world/npc/NpcBornPointMgr.lua:88
@game/gac/lua/world/npc/NpcBornPointMgr.lua:88
@game/gac/lua/world/npc/NpcBornPointMgr.lua:88
@game/gac/lua/world/npc/NpcBornPointMgr.lua:85
@game/gac/lua/world/npc/NpcBornPointMgr.lua:88
@game/gac/lua/world/npc/NpcBornPointMgr.lua:88
@game/gac/lua/world/npc/NpcBornPointMgr.lua:85
@game/gac/lua/world/npc/NpcBornPointMgr.lua:85
@game/gac/lua/world/npc/NpcBornPointMgr.lua:88
@game/gac/lua/world/npc/NpcBornPointMgr.lua:85
@game/gac/lua/world/npc/NpcBornPointMgr.lua:85
@game/gac/lua/world/npc/NpcBornPointMgr.lua:88
@game/gac/lua/world/npc/NpcBornPointMgr.lua:88
@game/gac/lua/world/npc/NpcBornPointMgr.lua:85
@game/gac/lua/world/npc/NpcBornPointMgr.lua:85
@game/gac/lua/world/npc/NpcBornPointMgr.lua:85
@game/gac/lua/world/npc/NpcBornPointMgr.lua:88
@game/gac/lua/world/npc/NpcBornPointMgr.lua:88
@game/gac/lua/world/npc/NpcBornPointMgr.lua:88
@game/gac/lua/world/npc/NpcBornPointMgr.lua:88
@game/gac/lua/world/npc/NpcBornPointMgr.lua:88
@game/gac/lua/world/npc/NpcBornPointMgr.lua:85
@game/gac/lua/world/npc/NpcBornPointMgr.lua:85
@game/gac/lua/world/npc/NpcBornPointMgr.lua:88
@game/gac/lua/world/npc/NpcBornPointMgr.lua:88
@game/gac/lua/world/npc/NpcBornPointMgr.lua:85
@game/gac/lua/world/npc/NpcBornPointMgr.lua:85
@game/gac/lua/world/npc/NpcBornPointMgr.lua:85
@game/gac/lua/world/npc/NpcBornPointMgr.lua:88
@game/gac/lua/world/npc/NpcBornPointMgr.lua:85
@game/gac/lua/world/npc/NpcBornPointMgr.lua:88
@game/gac/lua/world/npc/NpcBornPointMgr.lua:85
@game/gac/lua/world/npc/NpcBornPointMgr.lua:88
@game/gac/lua/world/npc/NpcBornPointMgr.lua:85
@game/gac/lua/world/npc/NpcBornPointMgr.lua:85
@game/gac/lua/world/npc/NpcBornPointMgr.lua:88
@game/gac/lua/world/npc/NpcBornPointMgr.lua:88
@game/gac/lua/world/npc/NpcBornPointMgr.lua:88
@game/gac/lua/message/chat_wnd/ChatWnd.lua:1762
@game/gac/lua/world/npc/NpcBornPointMgr.lua:85
@game/gac/lua/world/npc/NpcBornPointMgr.lua:85
@game/gac/lua/world/npc/NpcBornPointMgr.lua:88
@game/gac/lua/world/npc/NpcBornPointMgr.lua:85
@game/gac/lua/world/npc/NpcBornPointMgr.lua:88
@game/gac/lua/world/npc/NpcBornPointMgr.lua:85
@game/gac/lua/world/npc/NpcBornPointMgr.lua:85
@game/gac/lua/world/npc/NpcBornPointMgr.lua:85
@game/gac/lua/world/npc/NpcBornPointMgr.lua:85
@game/gac/lua/world/npc/NpcBornPointMgr.lua:88
@game/gac/lua/world/npc/NpcBornPointMgr.lua:88
@game/gac/lua/world/npc/NpcBornPointMgr.lua:88
@game/gac/lua/world/npc/NpcBornPointMgr.lua:88
@game/gac/lua/world/npc/NpcBornPointMgr.lua:85
@game/gac/lua/world/npc/NpcBornPointMgr.lua:85
@game/gac/lua/world/npc/NpcBornPointMgr.lua:85
@game/gac/lua/world/npc/NpcBornPointMgr.lua:85
@game/gac/lua/world/npc/NpcBornPointMgr.lua:88
@game/gac/lua/world/npc/NpcBornPointMgr.lua:88
@game/gac/lua/world/npc/NpcBornPointMgr.lua:88
@game/gac/lua/world/npc/NpcBornPointMgr.lua:85
@game/gac/lua/world/npc/NpcBornPointMgr.lua:88
@game/gac/lua/world/npc/NpcBornPointMgr.lua:88
@game/gac/lua/world/npc/NpcBornPointMgr.lua:85
@game/gac/lua/world/npc/NpcBornPointMgr.lua:88
@game/gac/lua/world/npc/NpcBornPointMgr.lua:85
@game/gac/lua/world/npc/NpcBornPointMgr.lua:85
@game/gac/lua/world/npc/NpcBornPointMgr.lua:88
@game/gac/lua/world/npc/NpcBornPointMgr.lua:88
@game/gac/lua/world/npc/NpcBornPointMgr.lua:85
@game/gac/lua/world/npc/NpcBornPointMgr.lua:88
@game/gac/lua/world/npc/NpcBornPointMgr.lua:85
@game/gac/lua/world/npc/NpcBornPointMgr.lua:88
@game/gac/lua/world/npc/NpcBornPointMgr.lua:88
@game/gac/lua/world/npc/NpcBornPointMgr.lua:85
@game/gac/lua/world/npc/NpcBornPointMgr.lua:88
@game/gac/lua/world/npc/NpcBornPointMgr.lua:88
@game/gac/lua/world/npc/NpcBornPointMgr.lua:85
@game/gac/lua/world/npc/NpcBornPointMgr.lua:88
@game/gac/lua/world/npc/NpcBornPointMgr.lua:88
@game/gac/lua/world/npc/NpcBornPointMgr.lua:88
@game/gac/lua/world/npc/NpcBornPointMgr.lua:88
@game/gac/lua/world/npc/NpcBornPointMgr.lua:85
@game/gac/lua/world/npc/NpcBornPointMgr.lua:85
@game/gac/lua/world/npc/NpcBornPointMgr.lua:88
@game/gac/lua/world/npc/NpcBornPointMgr.lua:88
@game/gac/lua/world/npc/NpcBornPointMgr.lua:88
@game/gac/lua/smallgames/GetFungusClient/CGetFungusWnd.lua:21
@game/gac/lua/world/npc/NpcBornPointMgr.lua:85
@game/gac/lua/world/npc/NpcBornPointMgr.lua:85
@game/gac/lua/world/npc/NpcBornPointMgr.lua:88
@game/gac/lua/world/npc/NpcBornPointMgr.lua:85
@game/gac/lua/world/npc/NpcBornPointMgr.lua:85
@game/gac/lua/world/npc/NpcBornPointMgr.lua:88
@game/gac/lua/world/npc/NpcBornPointMgr.lua:88
@game/gac/lua/smallgames/HeadGames/HeadFishing.lua:4
@game/gac/lua/world/npc/NpcBornPointMgr.lua:88
@game/gac/lua/world/npc/NpcBornPointMgr.lua:88
@game/gac/lua/world/npc/NpcBornPointMgr.lua:88
@game/gac/lua/world/npc/NpcBornPointMgr.lua:85
@game/gac/lua/world/npc/NpcBornPointMgr.lua:88
@game/gac/lua/world/npc/NpcBornPointMgr.lua:88
@game/gac/lua/world/npc/NpcBornPointMgr.lua:85
@game/gac/lua/world/npc/NpcBornPointMgr.lua:88
@game/gac/lua/world/npc/NpcBornPointMgr.lua:88
@game/gac/lua/world/npc/NpcBornPointMgr.lua:85
@game/gac/lua/world/npc/NpcBornPointMgr.lua:85
@game/gac/lua/world/npc/NpcBornPointMgr.lua:85
@game/gac/lua/world/npc/NpcBornPointMgr.lua:88
@game/gac/lua/world/npc/NpcBornPointMgr.lua:85
@game/gac/lua/world/npc/NpcBornPointMgr.lua:85
@game/gac/lua/world/npc/NpcBornPointMgr.lua:85
@game/gac/lua/world/npc/NpcBornPointMgr.lua:88
@game/gac/lua/world/npc/NpcBornPointMgr.lua:88
@game/gac/lua/world/npc/NpcBornPointMgr.lua:88
@game/gac/lua/world/npc/NpcBornPointMgr.lua:85
@game/gac/lua/world/npc/NpcBornPointMgr.lua:85
@game/gac/lua/world/npc/NpcBornPointMgr.lua:85
@game/gac/lua/world/npc/NpcBornPointMgr.lua:85
@game/gac/lua/world/npc/NpcBornPointMgr.lua:85
@game/gac/lua/world/npc/NpcBornPointMgr.lua:85
@game/gac/lua/world/npc/NpcBornPointMgr.lua:88
@game/gac/lua/world/npc/NpcBornPointMgr.lua:88
@game/gac/lua/world/npc/NpcBornPointMgr.lua:85
@game/gac/lua/world/npc/NpcBornPointMgr.lua:88
@game/gac/lua/world/npc/NpcBornPointMgr.lua:85
@game/gac/lua/world/npc/NpcBornPointMgr.lua:88
@game/gac/lua/world/npc/NpcBornPointMgr.lua:85
@game/gac/lua/world/npc/NpcBornPointMgr.lua:85
@game/gac/lua/world/npc/NpcBornPointMgr.lua:88
@game/gac/lua/world/npc/NpcBornPointMgr.lua:85
@game/gac/lua/world/npc/NpcBornPointMgr.lua:85
@game/gac/lua/world/npc/NpcBornPointMgr.lua:85
@game/gac/lua/world/npc/NpcBornPointMgr.lua:85
@game/gac/lua/world/npc/NpcBornPointMgr.lua:88
@game/gac/lua/world/npc/NpcBornPointMgr.lua:85
@game/gac/lua/world/npc/NpcBornPointMgr.lua:85
@game/gac/lua/world/npc/NpcBornPointMgr.lua:85
@game/gac/lua/world/npc/NpcBornPointMgr.lua:88
@game/gac/lua/world/npc/NpcBornPointMgr.lua:88
@game/gac/lua/world/npc/NpcBornPointMgr.lua:88
@game/gac/lua/world/npc/NpcBornPointMgr.lua:85
@game/gac/lua/world/npc/NpcBornPointMgr.lua:88
@game/gac/lua/world/npc/NpcBornPointMgr.lua:85
@game/gac/lua/world/npc/NpcBornPointMgr.lua:85
@game/gac/lua/world/npc/NpcBornPointMgr.lua:88
@game/gac/lua/world/npc/NpcBornPointMgr.lua:88
@game/gac/lua/world/npc/NpcBornPointMgr.lua:88
@game/gac/lua/world/npc/NpcBornPointMgr.lua:85
@game/gac/lua/world/npc/NpcBornPointMgr.lua:88
@game/gac/lua/world/npc/NpcBornPointMgr.lua:85
@game/gac/lua/world/npc/NpcBornPointMgr.lua:88
@game/gac/lua/world/npc/NpcBornPointMgr.lua:88
@game/gac/lua/world/npc/NpcBornPointMgr.lua:85
@game/gac/lua/world/npc/NpcBornPointMgr.lua:85
@game/gac/lua/world/npc/NpcBornPointMgr.lua:88
@game/gac/lua/world/npc/NpcBornPointMgr.lua:88
@game/gac/lua/world/npc/NpcBornPointMgr.lua:85
@game/gac/lua/world/npc/NpcBornPointMgr.lua:88
@game/gac/lua/world/npc/NpcBornPointMgr.lua:88
@game/gac/lua/world/npc/NpcBornPointMgr.lua:85
@game/gac/lua/world/npc/NpcBornPointMgr.lua:88
@game/gac/lua/world/npc/NpcBornPointMgr.lua:85
@game/gac/lua/smallgames/GetStoneClient/CGetStoneWnd.lua:15
@game/gac/lua/world/npc/NpcBornPointMgr.lua:88
@game/gac/lua/world/npc/NpcBornPointMgr.lua:85
@game/gac/lua/world/npc/NpcBornPointMgr.lua:85
@game/gac/lua/world/npc/NpcBornPointMgr.lua:85
@game/gac/lua/world/npc/NpcBornPointMgr.lua:85
@game/gac/lua/world/npc/NpcBornPointMgr.lua:88
@game/gac/lua/world/npc/NpcBornPointMgr.lua:88
@game/gac/lua/world/npc/NpcBornPointMgr.lua:85
@game/gac/lua/world/npc/NpcBornPointMgr.lua:88
@game/gac/lua/world/npc/NpcBornPointMgr.lua:85
@game/gac/lua/world/npc/NpcBornPointMgr.lua:85
@game/gac/lua/world/npc/NpcBornPointMgr.lua:88
@game/gac/lua/world/npc/NpcBornPointMgr.lua:85
@game/gac/lua/world/npc/NpcBornPointMgr.lua:88
@game/gac/lua/world/npc/NpcBornPointMgr.lua:88
@game/gac/lua/world/npc/NpcBornPointMgr.lua:85
@game/gac/lua/world/npc/NpcBornPointMgr.lua:88
@game/gac/lua/world/npc/NpcBornPointMgr.lua:85
@game/gac/lua/world/npc/NpcBornPointMgr.lua:88
@game/gac/lua/world/npc/NpcBornPointMgr.lua:88
@game/gac/lua/world/npc/NpcBornPointMgr.lua:85
@game/gac/lua/world/npc/NpcBornPointMgr.lua:85
@game/gac/lua/world/npc/NpcBornPointMgr.lua:88
@game/gac/lua/world/npc/NpcBornPointMgr.lua:85
@game/gac/lua/world/npc/NpcBornPointMgr.lua:85
@game/gac/lua/world/npc/NpcBornPointMgr.lua:85
@game/gac/lua/world/npc/NpcBornPointMgr.lua:85
@game/gac/lua/world/npc/NpcBornPointMgr.lua:85
@game/gac/lua/world/npc/NpcBornPointMgr.lua:85
@game/gac/lua/world/npc/NpcBornPointMgr.lua:88
@game/gac/lua/world/npc/NpcBornPointMgr.lua:85
@game/gac/lua/world/npc/NpcBornPointMgr.lua:88
@game/gac/lua/world/npc/NpcBornPointMgr.lua:85
@game/gac/lua/world/npc/NpcBornPointMgr.lua:85
@game/gac/lua/world/npc/NpcBornPointMgr.lua:88
@game/gac/lua/world/npc/NpcBornPointMgr.lua:88
@game/gac/lua/world/npc/NpcBornPointMgr.lua:85
@game/gac/lua/world/npc/NpcBornPointMgr.lua:85
@game/gac/lua/world/npc/NpcBornPointMgr.lua:85
@game/gac/lua/world/npc/NpcBornPointMgr.lua:88
@game/gac/lua/world/npc/NpcBornPointMgr.lua:88
@game/gac/lua/world/npc/NpcBornPointMgr.lua:85
@game/gac/lua/world/npc/NpcBornPointMgr.lua:88
@game/gac/lua/world/npc/NpcBornPointMgr.lua:85
@game/gac/lua/world/npc/NpcBornPointMgr.lua:85
@game/gac/lua/world/npc/NpcBornPointMgr.lua:88
@game/gac/lua/world/npc/NpcBornPointMgr.lua:85
@game/gac/lua/world/npc/NpcBornPointMgr.lua:85
@game/gac/lua/world/npc/NpcBornPointMgr.lua:85
@game/gac/lua/world/npc/NpcBornPointMgr.lua:85
@game/gac/lua/world/npc/NpcBornPointMgr.lua:88
@game/gac/lua/world/npc/NpcBornPointMgr.lua:85
@game/gac/lua/world/npc/NpcBornPointMgr.lua:88
@game/gac/lua/world/npc/NpcBornPointMgr.lua:85
@game/gac/lua/world/npc/NpcBornPointMgr.lua:88
@game/gac/lua/world/npc/NpcBornPointMgr.lua:85
@game/gac/lua/world/npc/NpcBornPointMgr.lua:88
@game/gac/lua/world/npc/NpcBornPointMgr.lua:88
@game/gac/lua/world/npc/NpcBornPointMgr.lua:88
@game/gac/lua/world/npc/NpcBornPointMgr.lua:88
@game/gac/lua/world/npc/NpcBornPointMgr.lua:85
@game/gac/lua/world/npc/NpcBornPointMgr.lua:88
@game/gac/lua/world/npc/NpcBornPointMgr.lua:88
@game/gac/lua/world/npc/NpcBornPointMgr.lua:88
@game/gac/lua/world/npc/NpcBornPointMgr.lua:85
@game/gac/lua/world/npc/NpcBornPointMgr.lua:85
@game/gac/lua/world/npc/NpcBornPointMgr.lua:85
@game/gac/lua/world/npc/NpcBornPointMgr.lua:88
@game/gac/lua/world/npc/NpcBornPointMgr.lua:85
@game/gac/lua/world/npc/NpcBornPointMgr.lua:88
@game/gac/lua/world/npc/NpcBornPointMgr.lua:85
@game/gac/lua/world/npc/NpcBornPointMgr.lua:85
@game/gac/lua/world/npc/NpcBornPointMgr.lua:88
@game/gac/lua/smallgames/GetStoneClient/CGetStoneWnd.lua:42
@game/gac/lua/world/npc/NpcBornPointMgr.lua:85
@game/gac/lua/world/npc/NpcBornPointMgr.lua:88
@game/gac/lua/world/npc/NpcBornPointMgr.lua:85
@game/gac/lua/world/npc/NpcBornPointMgr.lua:88
@game/gac/lua/world/npc/NpcBornPointMgr.lua:88
@game/gac/lua/world/npc/NpcBornPointMgr.lua:88
@game/gac/lua/world/npc/NpcBornPointMgr.lua:88
@game/gac/lua/world/npc/NpcBornPointMgr.lua:85
@game/gac/lua/world/npc/NpcBornPointMgr.lua:88
@game/gac/lua/world/npc/NpcBornPointMgr.lua:88
@game/gac/lua/world/npc/NpcBornPointMgr.lua:88
@game/gac/lua/world/npc/NpcBornPointMgr.lua:85
@game/gac/lua/world/npc/NpcBornPointMgr.lua:88
@game/gac/lua/world/npc/NpcBornPointMgr.lua:85
@game/gac/lua/world/npc/NpcBornPointMgr.lua:88
@game/gac/lua/world/npc/NpcBornPointMgr.lua:85
@game/gac/lua/world/npc/NpcBornPointMgr.lua:85
@game/gac/lua/world/npc/NpcBornPointMgr.lua:85
@game/gac/lua/world/npc/NpcBornPointMgr.lua:88
@game/gac/lua/world/npc/NpcBornPointMgr.lua:85
@game/gac/lua/world/npc/NpcBornPointMgr.lua:88
@game/gac/lua/world/npc/NpcBornPointMgr.lua:88
@game/gac/lua/world/npc/NpcBornPointMgr.lua:85
@game/gac/lua/world/npc/NpcBornPointMgr.lua:85
@game/gac/lua/world/npc/NpcBornPointMgr.lua:88
@game/gac/lua/world/npc/NpcBornPointMgr.lua:85
@game/gac/lua/world/npc/NpcBornPointMgr.lua:88
@game/gac/lua/world/npc/NpcBornPointMgr.lua:88
@game/gac/lua/world/npc/NpcBornPointMgr.lua:85
@game/gac/lua/world/npc/NpcBornPointMgr.lua:85
@game/gac/lua/world/npc/NpcBornPointMgr.lua:88
@game/gac/lua/world/npc/NpcBornPointMgr.lua:88
@game/gac/lua/smallgames/GetStoneClient/CGetStoneWnd.lua:22
@game/gac/lua/world/npc/NpcBornPointMgr.lua:85
@game/gac/lua/world/npc/NpcBornPointMgr.lua:85
@game/gac/lua/world/npc/NpcBornPointMgr.lua:88
@game/gac/lua/smallgames/GetStoneClient/CGetStoneWnd.lua:25
@game/gac/lua/world/npc/NpcBornPointMgr.lua:85
@game/gac/lua/world/npc/NpcBornPointMgr.lua:88
@game/gac/lua/world/npc/NpcBornPointMgr.lua:85
@game/gac/lua/world/npc/NpcBornPointMgr.lua:85
@game/gac/lua/world/npc/NpcBornPointMgr.lua:85
@game/gac/lua/world/npc/NpcBornPointMgr.lua:88
@game/gac/lua/world/npc/NpcBornPointMgr.lua:88
@game/gac/lua/world/npc/NpcBornPointMgr.lua:88
@game/gac/lua/world/npc/NpcBornPointMgr.lua:88
@game/gac/lua/world/npc/NpcBornPointMgr.lua:85
@game/gac/lua/world/npc/NpcBornPointMgr.lua:88
@game/gac/lua/world/npc/NpcBornPointMgr.lua:88
@game/gac/lua/world/npc/NpcBornPointMgr.lua:85
@game/gac/lua/world/npc/NpcBornPointMgr.lua:88
@game/gac/lua/world/npc/NpcBornPointMgr.lua:85
@game/gac/lua/world/npc/NpcBornPointMgr.lua:85
@game/gac/lua/world/npc/NpcBornPointMgr.lua:88
@game/gac/lua/world/npc/NpcBornPointMgr.lua:85
@game/gac/lua/world/npc/NpcBornPointMgr.lua:88
@game/gac/lua/world/npc/NpcBornPointMgr.lua:85
@game/gac/lua/world/npc/NpcBornPointMgr.lua:88
@game/gac/lua/world/npc/NpcBornPointMgr.lua:88
@game/gac/lua/world/npc/NpcBornPointMgr.lua:88
@game/gac/lua/world/npc/NpcBornPointMgr.lua:85
@game/gac/lua/world/npc/NpcBornPointMgr.lua:85
@game/gac/lua/world/npc/NpcBornPointMgr.lua:88
@game/gac/lua/world/npc/NpcBornPointMgr.lua:85
@game/gac/lua/world/npc/NpcBornPointMgr.lua:88
@game/gac/lua/world/npc/NpcBornPointMgr.lua:85
@game/gac/lua/world/npc/NpcBornPointMgr.lua:88
@game/gac/lua/world/npc/NpcBornPointMgr.lua:85
@game/gac/lua/world/npc/NpcBornPointMgr.lua:85
@game/gac/lua/world/npc/NpcBornPointMgr.lua:85
@game/gac/lua/world/npc/NpcBornPointMgr.lua:88
@game/gac/lua/world/npc/NpcBornPointMgr.lua:85
@game/gac/lua/world/npc/NpcBornPointMgr.lua:88
@game/gac/lua/world/npc/NpcBornPointMgr.lua:88
@game/gac/lua/world/npc/NpcBornPointMgr.lua:88
@game/gac/lua/world/npc/NpcBornPointMgr.lua:85
@game/gac/lua/world/npc/NpcBornPointMgr.lua:85
@game/gac/lua/world/npc/NpcBornPointMgr.lua:85
@game/gac/lua/world/npc/NpcBornPointMgr.lua:85
@game/gac/lua/world/npc/NpcBornPointMgr.lua:85
@game/gac/lua/world/npc/NpcBornPointMgr.lua:88
@game/gac/lua/world/npc/NpcBornPointMgr.lua:85
@game/gac/lua/world/npc/NpcBornPointMgr.lua:88
@game/gac/lua/world/npc/NpcBornPointMgr.lua:85
@game/gac/lua/world/npc/NpcBornPointMgr.lua:85
@game/gac/lua/world/npc/NpcBornPointMgr.lua:88
@game/gac/lua/character/CharacterClientMgrHandler.lua:9
@game/gac/lua/world/npc/NpcBornPointMgr.lua:85
@game/gac/lua/world/npc/NpcBornPointMgr.lua:85
@game/gac/lua/world/npc/NpcBornPointMgr.lua:88
@game/gac/lua/smallgames/GetHorseMedicine/CGetHorseMedicineWnd.lua:9
@game/gac/lua/world/npc/NpcBornPointMgr.lua:85
@game/gac/lua/world/npc/NpcBornPointMgr.lua:85
@game/gac/lua/world/npc/NpcBornPointMgr.lua:85
@game/gac/lua/world/npc/NpcBornPointMgr.lua:88
@game/gac/lua/world/npc/NpcBornPointMgr.lua:88
@game/gac/lua/world/npc/NpcBornPointMgr.lua:85
@game/gac/lua/world/npc/NpcBornPointMgr.lua:85
@game/gac/lua/world/npc/NpcBornPointMgr.lua:85
@game/gac/lua/world/npc/NpcBornPointMgr.lua:88
@game/gac/lua/world/npc/NpcBornPointMgr.lua:88
@game/gac/lua/world/npc/NpcBornPointMgr.lua:85
@game/gac/lua/world/npc/NpcBornPointMgr.lua:88
@game/gac/lua/world/npc/NpcBornPointMgr.lua:88
@game/gac/lua/world/npc/NpcBornPointMgr.lua:88
@game/gac/lua/world/npc/NpcBornPointMgr.lua:88
@game/gac/lua/world/npc/NpcBornPointMgr.lua:85
@game/gac/lua/world/npc/NpcBornPointMgr.lua:88
@game/gac/lua/world/npc/NpcBornPointMgr.lua:85
@game/gac/lua/world/npc/NpcBornPointMgr.lua:85
@game/gac/lua/world/npc/NpcBornPointMgr.lua:88
@game/gac/lua/world/npc/NpcBornPointMgr.lua:85
@game/gac/lua/world/npc/NpcBornPointMgr.lua:88
@game/gac/lua/world/npc/NpcBornPointMgr.lua:88
@game/gac/lua/world/npc/NpcBornPointMgr.lua:85
@game/gac/lua/world/npc/NpcBornPointMgr.lua:88
@game/gac/lua/world/npc/NpcBornPointMgr.lua:85
@game/gac/lua/world/npc/NpcBornPointMgr.lua:88
@game/gac/lua/world/npc/NpcBornPointMgr.lua:85
@game/gac/lua/world/npc/NpcBornPointMgr.lua:88
@game/gac/lua/world/npc/NpcBornPointMgr.lua:88
@game/gac/lua/world/npc/NpcBornPointMgr.lua:88
@game/gac/lua/world/npc/NpcBornPointMgr.lua:88
@game/gac/lua/world/npc/NpcBornPointMgr.lua:88
@game/gac/lua/world/npc/NpcBornPointMgr.lua:88
@game/gac/lua/world/npc/NpcBornPointMgr.lua:88
@game/gac/lua/world/npc/NpcBornPointMgr.lua:85
@game/gac/lua/world/npc/NpcBornPointMgr.lua:85
@game/gac/lua/world/npc/NpcBornPointMgr.lua:85
@game/gac/lua/world/npc/NpcBornPointMgr.lua:88
@game/gac/lua/world/npc/NpcBornPointMgr.lua:85
@game/gac/lua/world/npc/NpcBornPointMgr.lua:88
@game/gac/lua/world/npc/NpcBornPointMgr.lua:88
@game/gac/lua/world/npc/NpcBornPointMgr.lua:85
@game/gac/lua/world/npc/NpcBornPointMgr.lua:88
@game/gac/lua/world/npc/NpcBornPointMgr.lua:88
@game/gac/lua/world/npc/NpcBornPointMgr.lua:85
@game/gac/lua/world/npc/NpcBornPointMgr.lua:85
@game/gac/lua/world/npc/NpcBornPointMgr.lua:88
@game/gac/lua/world/npc/NpcBornPointMgr.lua:85
@game/gac/lua/world/npc/NpcBornPointMgr.lua:88
@game/gac/lua/world/npc/NpcBornPointMgr.lua:88
@game/gac/lua/world/npc/NpcBornPointMgr.lua:85
@game/gac/lua/world/npc/NpcBornPointMgr.lua:85
@game/gac/lua/world/npc/NpcBornPointMgr.lua:85
@game/gac/lua/world/npc/NpcBornPointMgr.lua:88
@game/gac/lua/world/npc/NpcBornPointMgr.lua:85
@game/gac/lua/world/npc/NpcBornPointMgr.lua:88
@game/gac/lua/world/npc/NpcBornPointMgr.lua:85
@game/gac/lua/world/npc/NpcBornPointMgr.lua:85
@game/gac/lua/world/npc/NpcBornPointMgr.lua:88
@game/gac/lua/world/npc/NpcBornPointMgr.lua:88
@game/gac/lua/world/npc/NpcBornPointMgr.lua:88
@game/gac/lua/world/npc/NpcBornPointMgr.lua:85
@game/gac/lua/world/npc/NpcBornPointMgr.lua:88
@game/gac/lua/world/npc/NpcBornPointMgr.lua:88
@game/gac/lua/world/npc/NpcBornPointMgr.lua:85
@game/gac/lua/world/npc/NpcBornPointMgr.lua:88
@game/gac/lua/world/npc/NpcBornPointMgr.lua:88
@game/gac/lua/world/npc/NpcBornPointMgr.lua:85
@game/gac/lua/world/npc/NpcBornPointMgr.lua:88
@game/gac/lua/world/npc/NpcBornPointMgr.lua:88
@game/gac/lua/world/npc/NpcBornPointMgr.lua:85
@game/gac/lua/world/npc/NpcBornPointMgr.lua:88
@game/gac/lua/world/npc/NpcBornPointMgr.lua:85
@game/gac/lua/world/npc/NpcBornPointMgr.lua:85
@game/gac/lua/world/npc/NpcBornPointMgr.lua:88
@game/gac/lua/world/npc/NpcBornPointMgr.lua:88
@game/gac/lua/world/npc/NpcBornPointMgr.lua:85
@game/gac/lua/world/npc/NpcBornPointMgr.lua:85
@game/gac/lua/world/npc/NpcBornPointMgr.lua:88
@game/gac/lua/smallgames/GetFungusClient/CGetFungusWnd.lua:15
@game/gac/lua/world/npc/NpcBornPointMgr.lua:85
@game/gac/lua/world/npc/NpcBornPointMgr.lua:88
@game/gac/lua/world/npc/NpcBornPointMgr.lua:85
@game/gac/lua/world/npc/NpcBornPointMgr.lua:88
@game/gac/lua/world/npc/NpcBornPointMgr.lua:85
@game/gac/lua/world/npc/NpcBornPointMgr.lua:85
@game/gac/lua/world/npc/NpcBornPointMgr.lua:85
@game/gac/lua/world/npc/NpcBornPointMgr.lua:88
@game/gac/lua/world/npc/NpcBornPointMgr.lua:88
@game/gac/lua/world/npc/NpcBornPointMgr.lua:85
@game/gac/lua/world/npc/NpcBornPointMgr.lua:88
@game/gac/lua/world/npc/NpcBornPointMgr.lua:88
@game/gac/lua/world/npc/NpcBornPointMgr.lua:88
@game/gac/lua/world/npc/NpcBornPointMgr.lua:85
@game/gac/lua/world/npc/NpcBornPointMgr.lua:85
@game/gac/lua/world/npc/NpcBornPointMgr.lua:88
@game/gac/lua/world/npc/NpcBornPointMgr.lua:85
@game/gac/lua/world/npc/NpcBornPointMgr.lua:85
@game/gac/lua/world/npc/NpcBornPointMgr.lua:88
@game/gac/lua/world/npc/NpcBornPointMgr.lua:88
@game/gac/lua/world/npc/NpcBornPointMgr.lua:85
@game/gac/lua/world/npc/NpcBornPointMgr.lua:85
@game/gac/lua/world/npc/NpcBornPointMgr.lua:88
@game/gac/lua/world/npc/NpcBornPointMgr.lua:88
@game/gac/lua/world/npc/NpcBornPointMgr.lua:85
@game/gac/lua/world/npc/NpcBornPointMgr.lua:88
@game/gac/lua/world/npc/NpcBornPointMgr.lua:85
@game/gac/lua/world/npc/NpcBornPointMgr.lua:88
@game/gac/lua/world/npc/NpcBornPointMgr.lua:88
@engine/lua/common/Script/ExportClass.lua:289
@game/gac/lua/world/npc/NpcBornPointMgr.lua:88
@game/gac/lua/world/npc/NpcBornPointMgr.lua:85
@game/gac/lua/world/npc/NpcBornPointMgr.lua:85
@game/gac/lua/world/npc/NpcBornPointMgr.lua:88
@game/gac/lua/world/npc/NpcBornPointMgr.lua:88
@game/gac/lua/world/npc/NpcBornPointMgr.lua:88
@game/gac/lua/world/npc/NpcBornPointMgr.lua:88
@game/gac/lua/world/npc/NpcBornPointMgr.lua:85
@game/gac/lua/world/npc/NpcBornPointMgr.lua:88
@game/gac/lua/world/npc/NpcBornPointMgr.lua:85
@game/gac/lua/world/npc/NpcBornPointMgr.lua:85
@game/gac/lua/world/npc/NpcBornPointMgr.lua:85
@game/gac/lua/world/npc/NpcBornPointMgr.lua:88
@game/gac/lua/fight/fighterview_info_mgr/FighterViewInfoMgr.lua:20
@game/gac/lua/world/npc/NpcBornPointMgr.lua:88
@game/gac/lua/framework/mouse_hook/MouseHook.lua:68
@game/gac/lua/world/npc/NpcBornPointMgr.lua:85
@game/gac/lua/world/npc/NpcBornPointMgr.lua:85
@game/gac/lua/world/npc/NpcBornPointMgr.lua:88
@game/gac/lua/world/npc/NpcBornPointMgr.lua:85
@game/gac/lua/world/npc/NpcBornPointMgr.lua:85
@game/gac/lua/world/npc/NpcBornPointMgr.lua:85
@game/gac/lua/world/npc/NpcBornPointMgr.lua:85
@game/gac/lua/world/npc/NpcBornPointMgr.lua:88
@game/gac/lua/world/npc/NpcBornPointMgr.lua:85
@game/gac/lua/world/npc/NpcBornPointMgr.lua:88
@game/gac/lua/world/npc/NpcBornPointMgr.lua:85
@game/gac/lua/world/npc/NpcBornPointMgr.lua:85
@game/gac/lua/world/npc/NpcBornPointMgr.lua:88
@game/gac/lua/world/npc/NpcBornPointMgr.lua:88
@game/gac/lua/framework/main_frame/GacMain.lua:163
@game/gac/lua/world/npc/NpcBornPointMgr.lua:88
@game/gac/lua/world/npc/NpcBornPointMgr.lua:85
@game/gac/lua/world/npc/NpcBornPointMgr.lua:85
@game/gac/lua/world/npc/NpcBornPointMgr.lua:85
@game/gac/lua/world/npc/NpcBornPointMgr.lua:85
@game/gac/lua/world/npc/NpcBornPointMgr.lua:88
@game/gac/lua/world/npc/NpcBornPointMgr.lua:88
@game/gac/lua/world/npc/NpcBornPointMgr.lua:85
@game/gac/lua/world/npc/NpcBornPointMgr.lua:88
@game/gac/lua/world/npc/NpcBornPointMgr.lua:88
@game/gac/lua/world/npc/NpcBornPointMgr.lua:85
@game/gac/lua/world/npc/NpcBornPointMgr.lua:88
@game/gac/lua/world/npc/NpcBornPointMgr.lua:85
@game/gac/lua/world/npc/NpcBornPointMgr.lua:88
@game/gac/lua/world/npc/NpcBornPointMgr.lua:88
@game/gac/lua/world/npc/NpcBornPointMgr.lua:88
@game/gac/lua/information/tooltips/ToolTips.lua:1115
@game/gac/lua/world/npc/NpcBornPointMgr.lua:88
@game/gac/lua/smallgames/GetFungusClient/CGetFungusWnd.lua:46
@game/gac/lua/world/npc/NpcBornPointMgr.lua:85
@game/gac/lua/world/npc/NpcBornPointMgr.lua:85
@game/gac/lua/world/npc/NpcBornPointMgr.lua:88
@game/gac/lua/world/npc/NpcBornPointMgr.lua:85
@game/gac/lua/world/npc/NpcBornPointMgr.lua:88
@game/gac/lua/world/npc/NpcBornPointMgr.lua:85
@game/gac/lua/smallgames/GetFungusClient/CGetFungusWnd.lua:24
@game/gac/lua/world/npc/NpcBornPointMgr.lua:85
@game/gac/lua/world/npc/NpcBornPointMgr.lua:85
@game/gac/lua/world/npc/NpcBornPointMgr.lua:88
@game/gac/lua/world/npc/NpcBornPointMgr.lua:85
@game/gac/lua/world/npc/NpcBornPointMgr.lua:88
@game/gac/lua/world/npc/NpcBornPointMgr.lua:88
@game/gac/lua/world/npc/NpcBornPointMgr.lua:85
@game/gac/lua/world/npc/NpcBornPointMgr.lua:85
@game/gac/lua/world/npc/NpcBornPointMgr.lua:85
@game/gac/lua/world/npc/NpcBornPointMgr.lua:85
@game/gac/lua/world/npc/NpcBornPointMgr.lua:85
@game/gac/lua/world/npc/NpcBornPointMgr.lua:85
@game/gac/lua/world/npc/NpcBornPointMgr.lua:85
@game/gac/lua/world/npc/NpcBornPointMgr.lua:88
@game/gac/lua/world/npc/NpcBornPointMgr.lua:88
@game/gac/lua/world/npc/NpcBornPointMgr.lua:85
@game/gac/lua/world/npc/NpcBornPointMgr.lua:88
@game/gac/lua/world/npc/NpcBornPointMgr.lua:88
@game/gac/lua/world/npc/NpcBornPointMgr.lua:85
@game/gac/lua/world/npc/NpcBornPointMgr.lua:88
@game/gac/lua/world/npc/NpcBornPointMgr.lua:88
@game/gac/lua/world/npc/NpcBornPointMgr.lua:85
@game/gac/lua/world/npc/NpcBornPointMgr.lua:85
@game/gac/lua/world/npc/NpcBornPointMgr.lua:85
@game/gac/lua/world/npc/NpcBornPointMgr.lua:88
@game/gac/lua/framework/ground_selector/GroundSelectorInc.lua:17
@game/gac/lua/world/npc/NpcBornPointMgr.lua:85
@game/gac/lua/world/npc/NpcBornPointMgr.lua:85
@game/gac/lua/world/npc/NpcBornPointMgr.lua:85
@game/gac/lua/information/tooltips/ToolTips.lua:1208
@game/gac/lua/world/npc/NpcBornPointMgr.lua:85
@game/gac/lua/framework/main_frame/GameState.lua:28
@game/gac/lua/world/npc/NpcBornPointMgr.lua:85
@game/gac/lua/world/npc/NpcBornPointMgr.lua:88
@game/gac/lua/world/npc/NpcBornPointMgr.lua:88
@game/gac/lua/world/npc/NpcBornPointMgr.lua:88
@game/gac/lua/world/npc/NpcBornPointMgr.lua:88
@game/gac/lua/world/npc/NpcBornPointMgr.lua:88
@game/gac/lua/world/npc/NpcBornPointMgr.lua:85
@game/gac/lua/world/npc/NpcBornPointMgr.lua:88
@game/gac/lua/world/npc/NpcBornPointMgr.lua:88
@game/gac/lua/world/npc/NpcBornPointMgr.lua:88
@game/gac/lua/world/npc/NpcBornPointMgr.lua:85
@game/gac/lua/world/npc/NpcBornPointMgr.lua:88
@game/gac/lua/world/npc/NpcBornPointMgr.lua:88
@game/gac/lua/world/npc/NpcBornPointMgr.lua:85
@game/gac/lua/world/npc/NpcBornPointMgr.lua:88
@game/gac/lua/world/npc/NpcBornPointMgr.lua:85
@game/gac/lua/world/npc/NpcBornPointMgr.lua:88
@game/gac/lua/world/npc/NpcBornPointMgr.lua:85
@game/gac/lua/world/npc/NpcBornPointMgr.lua:88
@game/gac/lua/world/npc/NpcBornPointMgr.lua:85
@game/gac/lua/world/npc/NpcBornPointMgr.lua:85
@game/gac/lua/world/npc/NpcBornPointMgr.lua:88
@game/gac/lua/world/npc/NpcBornPointMgr.lua:85
@game/gac/lua/world/npc/NpcBornPointMgr.lua:88
@game/gac/lua/world/npc/NpcBornPointMgr.lua:85
@game/gac/lua/world/npc/NpcBornPointMgr.lua:88
@game/gac/lua/world/npc/NpcBornPointMgr.lua:88
@game/gac/lua/world/npc/NpcBornPointMgr.lua:85
@game/gac/lua/world/npc/NpcBornPointMgr.lua:88
@game/gac/lua/world/npc/NpcBornPointMgr.lua:85
@game/gac/lua/world/npc/NpcBornPointMgr.lua:88
@game/gac/lua/world/npc/NpcBornPointMgr.lua:88
@game/gac/lua/world/npc/NpcBornPointMgr.lua:88
@game/gac/lua/world/npc/NpcBornPointMgr.lua:88
@game/gac/lua/world/npc/NpcBornPointMgr.lua:88
@game/gac/lua/world/npc/NpcBornPointMgr.lua:85
@game/gac/lua/world/npc/NpcBornPointMgr.lua:88
@game/gac/lua/world/npc/NpcBornPointMgr.lua:88
@game/gac/lua/world/npc/NpcBornPointMgr.lua:85
@game/gac/lua/world/npc/NpcBornPointMgr.lua:85
@game/gac/lua/world/npc/NpcBornPointMgr.lua:85
@game/gac/lua/world/npc/NpcBornPointMgr.lua:85
@game/gac/lua/world/npc/NpcBornPointMgr.lua:85
@game/gac/lua/world/npc/NpcBornPointMgr.lua:88
@game/gac/lua/world/npc/NpcBornPointMgr.lua:85
@game/gac/lua/world/npc/NpcBornPointMgr.lua:88
@game/gac/lua/world/npc/NpcBornPointMgr.lua:88
@game/gac/lua/world/npc/NpcBornPointMgr.lua:88
@game/gac/lua/smallgames/GetHorseMedicine/CGetHorseMedicineWnd.lua:15
@game/gac/lua/world/npc/NpcBornPointMgr.lua:85
@game/gac/lua/world/npc/NpcBornPointMgr.lua:88
@game/gac/lua/world/npc/NpcBornPointMgr.lua:85
@game/gac/lua/world/npc/NpcBornPointMgr.lua:88
@game/gac/lua/world/npc/NpcBornPointMgr.lua:85
@game/gac/lua/world/npc/NpcBornPointMgr.lua:88
@game/gac/lua/world/npc/NpcBornPointMgr.lua:88
@game/gac/lua/world/npc/NpcBornPointMgr.lua:85
@game/gac/lua/world/npc/NpcBornPointMgr.lua:85
@game/gac/lua/world/npc/NpcBornPointMgr.lua:88
@game/gac/lua/world/npc/NpcBornPointMgr.lua:88
@game/gac/lua/world/npc/NpcBornPointMgr.lua:85
@game/gac/lua/world/npc/NpcBornPointMgr.lua:88
@game/gac/lua/world/npc/NpcBornPointMgr.lua:85
@game/gac/lua/world/npc/NpcBornPointMgr.lua:88
@game/gac/lua/world/npc/NpcBornPointMgr.lua:88
@game/gac/lua/world/npc/NpcBornPointMgr.lua:85
@game/gac/lua/world/npc/NpcBornPointMgr.lua:85
@game/gac/lua/world/npc/NpcBornPointMgr.lua:88
@game/gac/lua/world/npc/NpcBornPointMgr.lua:88
@game/gac/lua/world/npc/NpcBornPointMgr.lua:85
@game/gac/lua/world/npc/NpcBornPointMgr.lua:88
@game/gac/lua/world/npc/NpcBornPointMgr.lua:85
@game/gac/lua/world/npc/NpcBornPointMgr.lua:85
@game/gac/lua/world/npc/NpcBornPointMgr.lua:85
@game/gac/lua/world/npc/NpcBornPointMgr.lua:85
@game/gac/lua/world/npc/NpcBornPointMgr.lua:88
@game/gac/lua/world/npc/NpcBornPointMgr.lua:88
@game/gac/lua/world/npc/NpcBornPointMgr.lua:85
@game/gac/lua/world/npc/NpcBornPointMgr.lua:85
@game/gac/lua/world/npc/NpcBornPointMgr.lua:88
@game/gac/lua/world/npc/NpcBornPointMgr.lua:88
@game/gac/lua/world/npc/NpcBornPointMgr.lua:85
@game/gac/lua/world/npc/NpcBornPointMgr.lua:85
@game/gac/lua/world/npc/NpcBornPointMgr.lua:85
@game/gac/lua/world/npc/NpcBornPointMgr.lua:88
@engine/lua/common/Script/ExportClass.lua:289
@game/gac/lua/world/npc/NpcBornPointMgr.lua:88
@game/gac/lua/world/npc/NpcBornPointMgr.lua:88
@game/gac/lua/world/npc/NpcBornPointMgr.lua:88
@game/gac/lua/world/npc/NpcBornPointMgr.lua:85
@game/gac/lua/world/npc/NpcBornPointMgr.lua:85
@game/gac/lua/world/npc/NpcBornPointMgr.lua:85
@game/gac/lua/world/npc/NpcBornPointMgr.lua:88
@game/gac/lua/world/npc/NpcBornPointMgr.lua:85
@game/gac/lua/world/npc/NpcBornPointMgr.lua:88
@game/gac/lua/world/npc/NpcBornPointMgr.lua:85
@game/gac/lua/world/npc/NpcBornPointMgr.lua:88
@game/gac/lua/world/npc/NpcBornPointMgr.lua:88
@game/gac/lua/world/npc/NpcBornPointMgr.lua:85
@game/gac/lua/world/npc/NpcBornPointMgr.lua:85
@game/gac/lua/world/npc/NpcBornPointMgr.lua:85
@game/gac/lua/world/npc/NpcBornPointMgr.lua:85
@game/gac/lua/world/npc/NpcBornPointMgr.lua:88
@game/gac/lua/world/npc/NpcBornPointMgr.lua:88
@game/gac/lua/world/npc/NpcBornPointMgr.lua:88
@game/gac/lua/world/npc/NpcBornPointMgr.lua:88
@game/gac/lua/world/npc/NpcBornPointMgr.lua:85
@game/gac/lua/world/npc/NpcBornPointMgr.lua:85
@game/gac/lua/world/npc/NpcBornPointMgr.lua:88
@game/gac/lua/world/npc/NpcBornPointMgr.lua:88
@game/gac/lua/world/npc/NpcBornPointMgr.lua:88
@game/gac/lua/world/npc/NpcBornPointMgr.lua:85
@game/gac/lua/world/npc/NpcBornPointMgr.lua:85
@game/gac/lua/world/npc/NpcBornPointMgr.lua:88
@game/gac/lua/world/npc/NpcBornPointMgr.lua:85
@game/gac/lua/world/npc/NpcBornPointMgr.lua:88
@game/gac/lua/world/npc/NpcBornPointMgr.lua:85
@game/gac/lua/world/npc/NpcBornPointMgr.lua:88
@game/gac/lua/world/npc/NpcBornPointMgr.lua:88
@game/gac/lua/world/npc/NpcBornPointMgr.lua:88
@game/gac/lua/world/npc/NpcBornPointMgr.lua:88
@game/gac/lua/world/npc/NpcBornPointMgr.lua:88
@game/gac/lua/framework/main_frame/GameState.lua:31
@game/gac/lua/world/npc/NpcBornPointMgr.lua:85
@game/gac/lua/world/npc/NpcBornPointMgr.lua:85
@game/gac/lua/world/npc/NpcBornPointMgr.lua:88
@game/gac/lua/world/npc/NpcBornPointMgr.lua:88
@game/gac/lua/world/npc/NpcBornPointMgr.lua:88
@game/gac/lua/world/npc/NpcBornPointMgr.lua:85
@game/gac/lua/world/npc/NpcBornPointMgr.lua:85
@game/gac/lua/world/npc/NpcBornPointMgr.lua:88
@game/gac/lua/world/npc/NpcBornPointMgr.lua:88
@game/gac/lua/world/npc/NpcBornPointMgr.lua:88
@game/gac/lua/smallgames/GetFungusClient/CGetFungusWnd.lua:27
@game/gac/lua/world/npc/NpcBornPointMgr.lua:85
@game/gac/lua/smallgames/GetHorseMedicine/CGetHorseMedicineWnd.lua:29
@game/gac/lua/world/npc/NpcBornPointMgr.lua:85
@game/gac/lua/world/npc/NpcBornPointMgr.lua:85
@game/gac/lua/world/npc/NpcBornPointMgr.lua:85
@game/gac/lua/world/npc/NpcBornPointMgr.lua:88
@game/gac/lua/world/npc/NpcBornPointMgr.lua:85
@game/gac/lua/world/npc/NpcBornPointMgr.lua:85
@game/gac/lua/world/npc/NpcBornPointMgr.lua:85
@game/gac/lua/world/npc/NpcBornPointMgr.lua:85
@game/gac/lua/world/npc/NpcBornPointMgr.lua:88
@game/gac/lua/world/npc/NpcBornPointMgr.lua:88
@game/gac/lua/world/npc/NpcBornPointMgr.lua:85
@game/gac/lua/world/npc/NpcBornPointMgr.lua:85
@game/gac/lua/world/npc/NpcBornPointMgr.lua:85
@game/gac/lua/world/npc/NpcBornPointMgr.lua:88
@game/gac/lua/world/npc/NpcBornPointMgr.lua:85
@game/gac/lua/world/npc/NpcBornPointMgr.lua:85
@game/gac/lua/world/npc/NpcBornPointMgr.lua:85
@game/gac/lua/world/npc/NpcBornPointMgr.lua:88
@game/gac/lua/world/npc/NpcBornPointMgr.lua:88
@game/gac/lua/world/npc/NpcBornPointMgr.lua:85
@game/gac/lua/world/npc/NpcBornPointMgr.lua:88
@game/gac/lua/world/npc/NpcBornPointMgr.lua:88
@game/gac/lua/world/npc/NpcBornPointMgr.lua:88
@game/gac/lua/world/npc/NpcBornPointMgr.lua:85
@game/gac/lua/world/npc/NpcBornPointMgr.lua:85
@game/gac/lua/world/npc/NpcBornPointMgr.lua:88
@game/gac/lua/world/npc/NpcBornPointMgr.lua:88
@game/gac/lua/world/npc/NpcBornPointMgr.lua:85
@game/gac/lua/world/npc/NpcBornPointMgr.lua:88
@game/gac/lua/world/npc/NpcBornPointMgr.lua:85
@game/gac/lua/world/npc/NpcBornPointMgr.lua:85
@game/gac/lua/world/npc/NpcBornPointMgr.lua:85
@game/gac/lua/world/npc/NpcBornPointMgr.lua:85
@game/gac/lua/world/npc/NpcBornPointMgr.lua:85
@game/gac/lua/world/npc/NpcBornPointMgr.lua:88
@game/gac/lua/world/npc/NpcBornPointMgr.lua:88
@game/gac/lua/world/npc/NpcBornPointMgr.lua:88
@game/gac/lua/world/npc/NpcBornPointMgr.lua:85
@game/gac/lua/world/npc/NpcBornPointMgr.lua:88
@game/gac/lua/world/npc/NpcBornPointMgr.lua:85
@game/gac/lua/world/npc/NpcBornPointMgr.lua:88
@game/gac/lua/world/npc/NpcBornPointMgr.lua:85
@game/gac/lua/world/npc/NpcBornPointMgr.lua:88
@game/gac/lua/world/npc/NpcBornPointMgr.lua:88
@game/gac/lua/world/npc/NpcBornPointMgr.lua:85
@game/gac/lua/world/npc/NpcBornPointMgr.lua:88
@game/gac/lua/world/npc/NpcBornPointMgr.lua:85
@game/gac/lua/world/npc/NpcBornPointMgr.lua:85
@game/gac/lua/world/npc/NpcBornPointMgr.lua:85
@game/gac/lua/world/npc/NpcBornPointMgr.lua:85
@game/gac/lua/world/npc/NpcBornPointMgr.lua:88
@game/gac/lua/world/npc/NpcBornPointMgr.lua:88
@game/gac/lua/world/npc/NpcBornPointMgr.lua:88
@game/gac/lua/world/npc/NpcBornPointMgr.lua:85
