CppMemTotal:                         	  252.964688 MB 	  325.375000 MB
CIDMapMallocObject                   	    0.208983 MB 	    0.250000 MB
CAudioMallocObject                   	    0.343535 MB 	    0.375000 MB
CMsgMallocObject                     	    0.005157 MB 	    0.062500 MB
CDistortedTimeMallocObject           	    0.002970 MB 	    0.062500 MB
CFindPathMallocObject                	    2.485798 MB 	    2.625000 MB
CPTREFMallocObject                   	    0.000000 MB 	    0.000000 MB
SQRGuiMallocObject                   	   16.646090 MB 	   19.187500 MB
CFXMallocObject                      	    0.000496 MB 	    0.062500 MB
CConfigMallocObject                  	    8.581702 MB 	    9.437500 MB
CGraphicMallocObject                 	   53.896538 MB 	   55.687500 MB
CScriptMallocObject                  	    1.203421 MB 	    1.500000 MB
CConnMsgMallocObject                 	    0.000176 MB 	    0.062500 MB
CEntityMallocObject                  	    0.000000 MB 	    0.000000 MB
CMagicMallocObject                   	    0.000000 MB 	    0.000000 MB
GlobalPool                           	    9.953348 MB 	   19.312500 MB
CCfgCalcMallocObject                 	   24.434539 MB 	   26.125000 MB
CMagicStateMallocObject              	    0.000000 MB 	    0.000000 MB
CActorMallocObject                   	    0.000000 MB 	    0.000000 MB
CServantMallocObject                 	    0.000000 MB 	    0.000000 MB
CNetworkMallocObject                 	    0.001094 MB 	    0.062500 MB
CNetworkRecvBufferMallocObject       	    2.004550 MB 	    2.125000 MB
CNetworkSendBufferMallocObject       	    0.003978 MB 	    0.062500 MB
CMathMallocObject                    	    0.017375 MB 	    0.250000 MB
CValueMallocObject                   	    0.344845 MB 	    0.437500 MB
CSceneMallocObject                   	   19.768463 MB 	   20.187500 MB
CPtCORMallocObject                   	    0.000000 MB 	    0.000000 MB
CDataFileMallocObject                	   38.622479 MB 	   43.937500 MB
CCypherVariantMallocObject           	    0.046770 MB 	    0.062500 MB
CVariantMallocObject                 	    0.034795 MB 	    0.062500 MB
CTickMallocObject                    	    0.064966 MB 	    0.125000 MB
CBloodRenderMallocObject             	    0.005285 MB 	    0.062500 MB
CEffectMallocObject                  	    6.846519 MB 	    8.000000 MB
CBakeMallocObject                    	   20.000082 MB 	   20.125000 MB
CFighterMallocObject                 	    0.028227 MB 	    0.062500 MB
CPtMQMallocObject                    	    0.001138 MB 	    0.062500 MB
CTrMsgMallocObject                   	    0.000000 MB 	    0.000000 MB
CLogMallocObject                     	    0.000927 MB 	    0.125000 MB
CCoreObjMallocObject                 	    0.001236 MB 	    0.062500 MB
CCoreMsgMallocObject                 	    0.009837 MB 	    0.312500 MB
CConnMallocObject                    	    0.000413 MB 	    0.062500 MB
CCoreSceneMallocObject               	    0.000881 MB 	    0.062500 MB
CMetaSceneMallocObject               	    0.001120 MB 	    0.062500 MB
CScriptPoolObject1                   	   47.396955 MB 	   94.312500 MB

CppMemTotal:                         	  286.931624 MB 	  358.000000 MB
CIDMapMallocObject                   	    0.223051 MB 	    0.312500 MB
CAudioMallocObject                   	    0.343647 MB 	    0.375000 MB
CMsgMallocObject                     	    0.005157 MB 	    0.062500 MB
CDistortedTimeMallocObject           	    0.002469 MB 	    0.062500 MB
CFindPathMallocObject                	   13.486829 MB 	   13.687500 MB
CPTREFMallocObject                   	    0.000102 MB 	    0.062500 MB
SQRGuiMallocObject                   	   22.193893 MB 	   23.875000 MB
CFXMallocObject                      	    0.004799 MB 	    0.062500 MB
CConfigMallocObject                  	    8.581702 MB 	    9.437500 MB
CGraphicMallocObject                 	   68.677261 MB 	   70.562500 MB
CScriptMallocObject                  	    1.204522 MB 	    1.500000 MB
CConnMsgMallocObject                 	    0.000176 MB 	    0.062500 MB
CEntityMallocObject                  	    0.016657 MB 	    0.062500 MB
CMagicMallocObject                   	    0.000000 MB 	    0.000000 MB
GlobalPool                           	   10.439502 MB 	   19.312500 MB
CCfgCalcMallocObject                 	   24.500138 MB 	   26.187500 MB
CMagicStateMallocObject              	    0.007105 MB 	    0.062500 MB
CActorMallocObject                   	    0.006422 MB 	    0.062500 MB
CServantMallocObject                 	    0.000000 MB 	    0.000000 MB
CNetworkMallocObject                 	    0.001094 MB 	    0.062500 MB
CNetworkRecvBufferMallocObject       	    2.004550 MB 	    2.125000 MB
CNetworkSendBufferMallocObject       	    0.003978 MB 	    0.062500 MB
CMathMallocObject                    	    0.019352 MB 	    0.250000 MB
CValueMallocObject                   	    0.359975 MB 	    0.437500 MB
CSceneMallocObject                   	   19.783806 MB 	   20.187500 MB
CPtCORMallocObject                   	    0.005288 MB 	    0.062500 MB
CDataFileMallocObject                	   40.546615 MB 	   45.812500 MB
CCypherVariantMallocObject           	    0.123981 MB 	    0.187500 MB
CVariantMallocObject                 	    0.039189 MB 	    0.062500 MB
CTickMallocObject                    	    0.182084 MB 	    0.250000 MB
CBloodRenderMallocObject             	    0.005285 MB 	    0.062500 MB
CEffectMallocObject                  	    2.658969 MB 	    8.000000 MB
CBakeMallocObject                    	   20.000082 MB 	   20.125000 MB
CFighterMallocObject                 	    0.038882 MB 	    0.062500 MB
CPtMQMallocObject                    	    0.001138 MB 	    0.062500 MB
CTrMsgMallocObject                   	    0.000000 MB 	    0.000000 MB
CLogMallocObject                     	    0.000927 MB 	    0.125000 MB
CCoreObjMallocObject                 	    0.003694 MB 	    0.062500 MB
CCoreMsgMallocObject                 	    0.009915 MB 	    0.312500 MB
CConnMallocObject                    	    0.000530 MB 	    0.062500 MB
CCoreSceneMallocObject               	    0.000798 MB 	    0.062500 MB
CMetaSceneMallocObject               	    0.001120 MB 	    0.062500 MB
CScriptPoolObject1                   	   51.446939 MB 	   93.750000 MB

CppMemTotal:                         	  291.267818 MB 	  387.187500 MB
CIDMapMallocObject                   	    0.220746 MB 	    0.312500 MB
CAudioMallocObject                   	    0.343731 MB 	    0.375000 MB
CMsgMallocObject                     	    0.005157 MB 	    0.062500 MB
CDistortedTimeMallocObject           	    0.002107 MB 	    0.062500 MB
CFindPathMallocObject                	   13.486829 MB 	   13.687500 MB
CPTREFMallocObject                   	    0.000102 MB 	    0.062500 MB
SQRGuiMallocObject                   	   22.664171 MB 	   24.375000 MB
CFXMallocObject                      	    0.004082 MB 	    0.062500 MB
CConfigMallocObject                  	    8.581702 MB 	    9.437500 MB
CGraphicMallocObject                 	   72.189887 MB 	   74.187500 MB
CScriptMallocObject                  	    1.204648 MB 	    1.500000 MB
CConnMsgMallocObject                 	    0.000176 MB 	    0.062500 MB
CEntityMallocObject                  	    0.013849 MB 	    0.062500 MB
CMagicMallocObject                   	    0.000000 MB 	    0.000000 MB
GlobalPool                           	   10.654030 MB 	   44.062500 MB
CCfgCalcMallocObject                 	   24.500138 MB 	   26.187500 MB
CMagicStateMallocObject              	    0.005966 MB 	    0.062500 MB
CActorMallocObject                   	    0.005371 MB 	    0.062500 MB
CServantMallocObject                 	    0.000000 MB 	    0.000000 MB
CNetworkMallocObject                 	    0.001094 MB 	    0.062500 MB
CNetworkRecvBufferMallocObject       	    2.004550 MB 	    2.125000 MB
CNetworkSendBufferMallocObject       	    0.003978 MB 	    0.062500 MB
CMathMallocObject                    	    0.024129 MB 	    0.250000 MB
CValueMallocObject                   	    0.363994 MB 	    0.437500 MB
CSceneMallocObject                   	   19.781009 MB 	   20.187500 MB
CPtCORMallocObject                   	    0.004415 MB 	    0.062500 MB
CDataFileMallocObject                	   40.729207 MB 	   46.125000 MB
CCypherVariantMallocObject           	    0.135582 MB 	    0.187500 MB
CVariantMallocObject                 	    0.040172 MB 	    0.062500 MB
CTickMallocObject                    	    0.182761 MB 	    0.250000 MB
CBloodRenderMallocObject             	    0.005285 MB 	    0.062500 MB
CEffectMallocObject                  	    2.572805 MB 	    8.000000 MB
CBakeMallocObject                    	   20.000082 MB 	   20.125000 MB
CFighterMallocObject                 	    0.037376 MB 	    0.062500 MB
CPtMQMallocObject                    	    0.001138 MB 	    0.062500 MB
CTrMsgMallocObject                   	    0.000000 MB 	    0.000000 MB
CLogMallocObject                     	    0.000927 MB 	    0.125000 MB
CCoreObjMallocObject                 	    0.003127 MB 	    0.062500 MB
CCoreMsgMallocObject                 	    0.009915 MB 	    0.312500 MB
CConnMallocObject                    	    0.000530 MB 	    0.062500 MB
CCoreSceneMallocObject               	    0.000743 MB 	    0.062500 MB
CMetaSceneMallocObject               	    0.001120 MB 	    0.062500 MB
CScriptPoolObject1                   	   51.481187 MB 	   93.750000 MB

CppMemTotal:                         	  291.262507 MB 	  387.187500 MB
CIDMapMallocObject                   	    0.220746 MB 	    0.312500 MB
CAudioMallocObject                   	    0.343759 MB 	    0.375000 MB
CMsgMallocObject                     	    0.005157 MB 	    0.062500 MB
CDistortedTimeMallocObject           	    0.002107 MB 	    0.062500 MB
CFindPathMallocObject                	   13.486829 MB 	   13.687500 MB
CPTREFMallocObject                   	    0.000102 MB 	    0.062500 MB
SQRGuiMallocObject                   	   22.665039 MB 	   24.375000 MB
CFXMallocObject                      	    0.004082 MB 	    0.062500 MB
CConfigMallocObject                  	    8.581702 MB 	    9.437500 MB
CGraphicMallocObject                 	   72.197566 MB 	   74.187500 MB
CScriptMallocObject                  	    1.204648 MB 	    1.500000 MB
CConnMsgMallocObject                 	    0.000176 MB 	    0.062500 MB
CEntityMallocObject                  	    0.013849 MB 	    0.062500 MB
CMagicMallocObject                   	    0.000000 MB 	    0.000000 MB
GlobalPool                           	   10.654226 MB 	   44.062500 MB
CCfgCalcMallocObject                 	   24.500138 MB 	   26.187500 MB
CMagicStateMallocObject              	    0.005966 MB 	    0.062500 MB
CActorMallocObject                   	    0.005371 MB 	    0.062500 MB
CServantMallocObject                 	    0.000000 MB 	    0.000000 MB
CNetworkMallocObject                 	    0.001094 MB 	    0.062500 MB
CNetworkRecvBufferMallocObject       	    2.004550 MB 	    2.125000 MB
CNetworkSendBufferMallocObject       	    0.003978 MB 	    0.062500 MB
CMathMallocObject                    	    0.021649 MB 	    0.250000 MB
CValueMallocObject                   	    0.363994 MB 	    0.437500 MB
CSceneMallocObject                   	   19.781009 MB 	   20.187500 MB
CPtCORMallocObject                   	    0.004415 MB 	    0.062500 MB
CDataFileMallocObject                	   40.729207 MB 	   46.125000 MB
CCypherVariantMallocObject           	    0.135582 MB 	    0.187500 MB
CVariantMallocObject                 	    0.040172 MB 	    0.062500 MB
CTickMallocObject                    	    0.183144 MB 	    0.250000 MB
CBloodRenderMallocObject             	    0.005285 MB 	    0.062500 MB
CEffectMallocObject                  	    2.572805 MB 	    8.000000 MB
CBakeMallocObject                    	   20.000082 MB 	   20.125000 MB
CFighterMallocObject                 	    0.037376 MB 	    0.062500 MB
CPtMQMallocObject                    	    0.001138 MB 	    0.062500 MB
CTrMsgMallocObject                   	    0.000000 MB 	    0.000000 MB
CLogMallocObject                     	    0.000927 MB 	    0.125000 MB
CCoreObjMallocObject                 	    0.003127 MB 	    0.062500 MB
CCoreMsgMallocObject                 	    0.009915 MB 	    0.312500 MB
CConnMallocObject                    	    0.000530 MB 	    0.062500 MB
CCoreSceneMallocObject               	    0.000743 MB 	    0.062500 MB
CMetaSceneMallocObject               	    0.001120 MB 	    0.062500 MB
CScriptPoolObject1                   	   51.469202 MB 	   93.750000 MB

CppMemTotal:                         	  291.257447 MB 	  387.187500 MB
CIDMapMallocObject                   	    0.220746 MB 	    0.312500 MB
CAudioMallocObject                   	    0.343759 MB 	    0.375000 MB
CMsgMallocObject                     	    0.005157 MB 	    0.062500 MB
CDistortedTimeMallocObject           	    0.002107 MB 	    0.062500 MB
CFindPathMallocObject                	   13.486829 MB 	   13.687500 MB
CPTREFMallocObject                   	    0.000102 MB 	    0.062500 MB
SQRGuiMallocObject                   	   22.665133 MB 	   24.375000 MB
CFXMallocObject                      	    0.004082 MB 	    0.062500 MB
CConfigMallocObject                  	    8.581702 MB 	    9.437500 MB
CGraphicMallocObject                 	   72.199869 MB 	   74.187500 MB
CScriptMallocObject                  	    1.204648 MB 	    1.500000 MB
CConnMsgMallocObject                 	    0.000176 MB 	    0.062500 MB
CEntityMallocObject                  	    0.013849 MB 	    0.062500 MB
CMagicMallocObject                   	    0.000000 MB 	    0.000000 MB
GlobalPool                           	   10.654736 MB 	   44.062500 MB
CCfgCalcMallocObject                 	   24.500138 MB 	   26.187500 MB
CMagicStateMallocObject              	    0.005966 MB 	    0.062500 MB
CActorMallocObject                   	    0.005371 MB 	    0.062500 MB
CServantMallocObject                 	    0.000000 MB 	    0.000000 MB
CNetworkMallocObject                 	    0.001094 MB 	    0.062500 MB
CNetworkRecvBufferMallocObject       	    2.004550 MB 	    2.125000 MB
CNetworkSendBufferMallocObject       	    0.003978 MB 	    0.062500 MB
CMathMallocObject                    	    0.019170 MB 	    0.250000 MB
CValueMallocObject                   	    0.363994 MB 	    0.437500 MB
CSceneMallocObject                   	   19.781009 MB 	   20.187500 MB
CPtCORMallocObject                   	    0.004415 MB 	    0.062500 MB
CDataFileMallocObject                	   40.729207 MB 	   46.125000 MB
CCypherVariantMallocObject           	    0.135582 MB 	    0.187500 MB
CVariantMallocObject                 	    0.040172 MB 	    0.062500 MB
CTickMallocObject                    	    0.183510 MB 	    0.250000 MB
CBloodRenderMallocObject             	    0.005285 MB 	    0.062500 MB
CEffectMallocObject                  	    2.572805 MB 	    8.000000 MB
CBakeMallocObject                    	   20.000082 MB 	   20.125000 MB
CFighterMallocObject                 	    0.037376 MB 	    0.062500 MB
CPtMQMallocObject                    	    0.001138 MB 	    0.062500 MB
CTrMsgMallocObject                   	    0.000000 MB 	    0.000000 MB
CLogMallocObject                     	    0.000927 MB 	    0.125000 MB
CCoreObjMallocObject                 	    0.003127 MB 	    0.062500 MB
CCoreMsgMallocObject                 	    0.009915 MB 	    0.312500 MB
CConnMallocObject                    	    0.000530 MB 	    0.062500 MB
CCoreSceneMallocObject               	    0.000743 MB 	    0.062500 MB
CMetaSceneMallocObject               	    0.001120 MB 	    0.062500 MB
CScriptPoolObject1                   	   51.463349 MB 	   93.750000 MB

CppMemTotal:                         	  291.281042 MB 	  387.187500 MB
CIDMapMallocObject                   	    0.220746 MB 	    0.312500 MB
CAudioMallocObject                   	    0.343731 MB 	    0.375000 MB
CMsgMallocObject                     	    0.005157 MB 	    0.062500 MB
CDistortedTimeMallocObject           	    0.002107 MB 	    0.062500 MB
CFindPathMallocObject                	   13.486829 MB 	   13.687500 MB
CPTREFMallocObject                   	    0.000102 MB 	    0.062500 MB
SQRGuiMallocObject                   	   22.666023 MB 	   24.375000 MB
CFXMallocObject                      	    0.004082 MB 	    0.062500 MB
CConfigMallocObject                  	    8.581702 MB 	    9.437500 MB
CGraphicMallocObject                 	   72.201624 MB 	   74.187500 MB
CScriptMallocObject                  	    1.204648 MB 	    1.500000 MB
CConnMsgMallocObject                 	    0.000176 MB 	    0.062500 MB
CEntityMallocObject                  	    0.013849 MB 	    0.062500 MB
CMagicMallocObject                   	    0.000000 MB 	    0.000000 MB
GlobalPool                           	   10.655500 MB 	   44.062500 MB
CCfgCalcMallocObject                 	   24.500138 MB 	   26.187500 MB
CMagicStateMallocObject              	    0.005966 MB 	    0.062500 MB
CActorMallocObject                   	    0.005371 MB 	    0.062500 MB
CServantMallocObject                 	    0.000000 MB 	    0.000000 MB
CNetworkMallocObject                 	    0.001094 MB 	    0.062500 MB
CNetworkRecvBufferMallocObject       	    2.004550 MB 	    2.125000 MB
CNetworkSendBufferMallocObject       	    0.003978 MB 	    0.062500 MB
CMathMallocObject                    	    0.023342 MB 	    0.250000 MB
CValueMallocObject                   	    0.363994 MB 	    0.437500 MB
CSceneMallocObject                   	   19.781009 MB 	   20.187500 MB
CPtCORMallocObject                   	    0.004415 MB 	    0.062500 MB
CDataFileMallocObject                	   40.729207 MB 	   46.125000 MB
CCypherVariantMallocObject           	    0.135582 MB 	    0.187500 MB
CVariantMallocObject                 	    0.040172 MB 	    0.062500 MB
CTickMallocObject                    	    0.183701 MB 	    0.250000 MB
CBloodRenderMallocObject             	    0.005285 MB 	    0.062500 MB
CEffectMallocObject                  	    2.572805 MB 	    8.000000 MB
CBakeMallocObject                    	   20.000082 MB 	   20.125000 MB
CFighterMallocObject                 	    0.037376 MB 	    0.062500 MB
CPtMQMallocObject                    	    0.001138 MB 	    0.062500 MB
CTrMsgMallocObject                   	    0.000000 MB 	    0.000000 MB
CLogMallocObject                     	    0.000927 MB 	    0.125000 MB
CCoreObjMallocObject                 	    0.003127 MB 	    0.062500 MB
CCoreMsgMallocObject                 	    0.009915 MB 	    0.312500 MB
CConnMallocObject                    	    0.000530 MB 	    0.062500 MB
CCoreSceneMallocObject               	    0.000743 MB 	    0.062500 MB
CMetaSceneMallocObject               	    0.001120 MB 	    0.062500 MB
CScriptPoolObject1                   	   51.479198 MB 	   93.750000 MB

CppMemTotal:                         	  291.265489 MB 	  387.187500 MB
CIDMapMallocObject                   	    0.220746 MB 	    0.312500 MB
CAudioMallocObject                   	    0.343759 MB 	    0.375000 MB
CMsgMallocObject                     	    0.005157 MB 	    0.062500 MB
CDistortedTimeMallocObject           	    0.002107 MB 	    0.062500 MB
CFindPathMallocObject                	   13.486829 MB 	   13.687500 MB
CPTREFMallocObject                   	    0.000102 MB 	    0.062500 MB
SQRGuiMallocObject                   	   22.665790 MB 	   24.375000 MB
CFXMallocObject                      	    0.004082 MB 	    0.062500 MB
CConfigMallocObject                  	    8.581702 MB 	    9.437500 MB
CGraphicMallocObject                 	   72.201624 MB 	   74.187500 MB
CScriptMallocObject                  	    1.204648 MB 	    1.500000 MB
CConnMsgMallocObject                 	    0.000176 MB 	    0.062500 MB
CEntityMallocObject                  	    0.013849 MB 	    0.062500 MB
CMagicMallocObject                   	    0.000000 MB 	    0.000000 MB
GlobalPool                           	   10.654795 MB 	   44.062500 MB
CCfgCalcMallocObject                 	   24.500138 MB 	   26.187500 MB
CMagicStateMallocObject              	    0.005966 MB 	    0.062500 MB
CActorMallocObject                   	    0.005371 MB 	    0.062500 MB
CServantMallocObject                 	    0.000000 MB 	    0.000000 MB
CNetworkMallocObject                 	    0.001094 MB 	    0.062500 MB
CNetworkRecvBufferMallocObject       	    2.004550 MB 	    2.125000 MB
CNetworkSendBufferMallocObject       	    0.003978 MB 	    0.062500 MB
CMathMallocObject                    	    0.020886 MB 	    0.250000 MB
CValueMallocObject                   	    0.363994 MB 	    0.437500 MB
CSceneMallocObject                   	   19.781009 MB 	   20.187500 MB
CPtCORMallocObject                   	    0.004415 MB 	    0.062500 MB
CDataFileMallocObject                	   40.729207 MB 	   46.125000 MB
CCypherVariantMallocObject           	    0.135582 MB 	    0.187500 MB
CVariantMallocObject                 	    0.040172 MB 	    0.062500 MB
CTickMallocObject                    	    0.183899 MB 	    0.250000 MB
CBloodRenderMallocObject             	    0.005285 MB 	    0.062500 MB
CEffectMallocObject                  	    2.572805 MB 	    8.000000 MB
CBakeMallocObject                    	   20.000082 MB 	   20.125000 MB
CFighterMallocObject                 	    0.037376 MB 	    0.062500 MB
CPtMQMallocObject                    	    0.001138 MB 	    0.062500 MB
CTrMsgMallocObject                   	    0.000000 MB 	    0.000000 MB
CLogMallocObject                     	    0.000927 MB 	    0.125000 MB
CCoreObjMallocObject                 	    0.003127 MB 	    0.062500 MB
CCoreMsgMallocObject                 	    0.009915 MB 	    0.312500 MB
CConnMallocObject                    	    0.000530 MB 	    0.062500 MB
CCoreSceneMallocObject               	    0.000743 MB 	    0.062500 MB
CMetaSceneMallocObject               	    0.001120 MB 	    0.062500 MB
CScriptPoolObject1                   	   51.466814 MB 	   93.750000 MB

CppMemTotal:                         	  291.264344 MB 	  387.187500 MB
CIDMapMallocObject                   	    0.220746 MB 	    0.312500 MB
CAudioMallocObject                   	    0.343703 MB 	    0.375000 MB
CMsgMallocObject                     	    0.005157 MB 	    0.062500 MB
CDistortedTimeMallocObject           	    0.002107 MB 	    0.062500 MB
CFindPathMallocObject                	   13.486829 MB 	   13.687500 MB
CPTREFMallocObject                   	    0.000102 MB 	    0.062500 MB
SQRGuiMallocObject                   	   22.666670 MB 	   24.375000 MB
CFXMallocObject                      	    0.004082 MB 	    0.062500 MB
CConfigMallocObject                  	    8.581702 MB 	    9.437500 MB
CGraphicMallocObject                 	   72.206964 MB 	   74.187500 MB
CScriptMallocObject                  	    1.204648 MB 	    1.500000 MB
CConnMsgMallocObject                 	    0.000176 MB 	    0.062500 MB
CEntityMallocObject                  	    0.013849 MB 	    0.062500 MB
CMagicMallocObject                   	    0.000000 MB 	    0.000000 MB
GlobalPool                           	   10.656108 MB 	   44.062500 MB
CCfgCalcMallocObject                 	   24.500138 MB 	   26.187500 MB
CMagicStateMallocObject              	    0.005966 MB 	    0.062500 MB
CActorMallocObject                   	    0.005371 MB 	    0.062500 MB
CServantMallocObject                 	    0.000000 MB 	    0.000000 MB
CNetworkMallocObject                 	    0.001094 MB 	    0.062500 MB
CNetworkRecvBufferMallocObject       	    2.004550 MB 	    2.125000 MB
CNetworkSendBufferMallocObject       	    0.003978 MB 	    0.062500 MB
CMathMallocObject                    	    0.018359 MB 	    0.250000 MB
CValueMallocObject                   	    0.363994 MB 	    0.437500 MB
CSceneMallocObject                   	   19.781009 MB 	   20.187500 MB
CPtCORMallocObject                   	    0.004415 MB 	    0.062500 MB
CDataFileMallocObject                	   40.731954 MB 	   46.125000 MB
CCypherVariantMallocObject           	    0.135582 MB 	    0.187500 MB
CVariantMallocObject                 	    0.040172 MB 	    0.062500 MB
CTickMallocObject                    	    0.184098 MB 	    0.250000 MB
CBloodRenderMallocObject             	    0.005285 MB 	    0.062500 MB
CEffectMallocObject                  	    2.572805 MB 	    8.000000 MB
CBakeMallocObject                    	   20.000082 MB 	   20.125000 MB
CFighterMallocObject                 	    0.037376 MB 	    0.062500 MB
CPtMQMallocObject                    	    0.001138 MB 	    0.062500 MB
CTrMsgMallocObject                   	    0.000000 MB 	    0.000000 MB
CLogMallocObject                     	    0.000927 MB 	    0.125000 MB
CCoreObjMallocObject                 	    0.003127 MB 	    0.062500 MB
CCoreMsgMallocObject                 	    0.009915 MB 	    0.312500 MB
CConnMallocObject                    	    0.000530 MB 	    0.062500 MB
CCoreSceneMallocObject               	    0.000743 MB 	    0.062500 MB
CMetaSceneMallocObject               	    0.001120 MB 	    0.062500 MB
CScriptPoolObject1                   	   51.457772 MB 	   93.750000 MB

CppMemTotal:                         	  291.295098 MB 	  387.187500 MB
CIDMapMallocObject                   	    0.220746 MB 	    0.312500 MB
CAudioMallocObject                   	    0.343786 MB 	    0.375000 MB
CMsgMallocObject                     	    0.005157 MB 	    0.062500 MB
CDistortedTimeMallocObject           	    0.002107 MB 	    0.062500 MB
CFindPathMallocObject                	   13.486829 MB 	   13.687500 MB
CPTREFMallocObject                   	    0.000102 MB 	    0.062500 MB
SQRGuiMallocObject                   	   22.669459 MB 	   24.375000 MB
CFXMallocObject                      	    0.004082 MB 	    0.062500 MB
CConfigMallocObject                  	    8.581702 MB 	    9.437500 MB
CGraphicMallocObject                 	   72.207411 MB 	   74.187500 MB
CScriptMallocObject                  	    1.204648 MB 	    1.500000 MB
CConnMsgMallocObject                 	    0.000176 MB 	    0.062500 MB
CEntityMallocObject                  	    0.013849 MB 	    0.062500 MB
CMagicMallocObject                   	    0.000000 MB 	    0.000000 MB
GlobalPool                           	   10.658362 MB 	   44.062500 MB
CCfgCalcMallocObject                 	   24.500138 MB 	   26.187500 MB
CMagicStateMallocObject              	    0.005966 MB 	    0.062500 MB
CActorMallocObject                   	    0.005371 MB 	    0.062500 MB
CServantMallocObject                 	    0.000000 MB 	    0.000000 MB
CNetworkMallocObject                 	    0.001094 MB 	    0.062500 MB
CNetworkRecvBufferMallocObject       	    2.004550 MB 	    2.125000 MB
CNetworkSendBufferMallocObject       	    0.003978 MB 	    0.062500 MB
CMathMallocObject                    	    0.022579 MB 	    0.250000 MB
CValueMallocObject                   	    0.363994 MB 	    0.437500 MB
CSceneMallocObject                   	   19.781009 MB 	   20.187500 MB
CPtCORMallocObject                   	    0.004415 MB 	    0.062500 MB
CDataFileMallocObject                	   40.731954 MB 	   46.125000 MB
CCypherVariantMallocObject           	    0.135582 MB 	    0.187500 MB
CVariantMallocObject                 	    0.040172 MB 	    0.062500 MB
CTickMallocObject                    	    0.184251 MB 	    0.250000 MB
CBloodRenderMallocObject             	    0.005285 MB 	    0.062500 MB
CEffectMallocObject                  	    2.572805 MB 	    8.000000 MB
CBakeMallocObject                    	   20.000082 MB 	   20.125000 MB
CFighterMallocObject                 	    0.037376 MB 	    0.062500 MB
CPtMQMallocObject                    	    0.001138 MB 	    0.062500 MB
CTrMsgMallocObject                   	    0.000000 MB 	    0.000000 MB
CLogMallocObject                     	    0.000927 MB 	    0.125000 MB
CCoreObjMallocObject                 	    0.003127 MB 	    0.062500 MB
CCoreMsgMallocObject                 	    0.009915 MB 	    0.312500 MB
CConnMallocObject                    	    0.000530 MB 	    0.062500 MB
CCoreSceneMallocObject               	    0.000743 MB 	    0.062500 MB
CMetaSceneMallocObject               	    0.001120 MB 	    0.062500 MB
CScriptPoolObject1                   	   51.478580 MB 	   93.750000 MB

CppMemTotal:                         	  291.304194 MB 	  387.187500 MB
CIDMapMallocObject                   	    0.220746 MB 	    0.312500 MB
CAudioMallocObject                   	    0.343759 MB 	    0.375000 MB
CMsgMallocObject                     	    0.005157 MB 	    0.062500 MB
CDistortedTimeMallocObject           	    0.002107 MB 	    0.062500 MB
CFindPathMallocObject                	   13.486829 MB 	   13.687500 MB
CPTREFMallocObject                   	    0.000102 MB 	    0.062500 MB
SQRGuiMallocObject                   	   22.674515 MB 	   24.375000 MB
CFXMallocObject                      	    0.004082 MB 	    0.062500 MB
CConfigMallocObject                  	    8.581702 MB 	    9.437500 MB
CGraphicMallocObject                 	   72.211750 MB 	   74.187500 MB
CScriptMallocObject                  	    1.204648 MB 	    1.500000 MB
CConnMsgMallocObject                 	    0.000176 MB 	    0.062500 MB
CEntityMallocObject                  	    0.013849 MB 	    0.062500 MB
CMagicMallocObject                   	    0.000000 MB 	    0.000000 MB
GlobalPool                           	   10.662185 MB 	   44.062500 MB
CCfgCalcMallocObject                 	   24.500138 MB 	   26.187500 MB
CMagicStateMallocObject              	    0.005966 MB 	    0.062500 MB
CActorMallocObject                   	    0.005371 MB 	    0.062500 MB
CServantMallocObject                 	    0.000000 MB 	    0.000000 MB
CNetworkMallocObject                 	    0.001094 MB 	    0.062500 MB
CNetworkRecvBufferMallocObject       	    2.004550 MB 	    2.125000 MB
CNetworkSendBufferMallocObject       	    0.003978 MB 	    0.062500 MB
CMathMallocObject                    	    0.020219 MB 	    0.250000 MB
CValueMallocObject                   	    0.363994 MB 	    0.437500 MB
CSceneMallocObject                   	   19.781009 MB 	   20.187500 MB
CPtCORMallocObject                   	    0.004415 MB 	    0.062500 MB
CDataFileMallocObject                	   40.731954 MB 	   46.125000 MB
CCypherVariantMallocObject           	    0.135584 MB 	    0.187500 MB
CVariantMallocObject                 	    0.040172 MB 	    0.062500 MB
CTickMallocObject                    	    0.184289 MB 	    0.250000 MB
CBloodRenderMallocObject             	    0.005285 MB 	    0.062500 MB
CEffectMallocObject                  	    2.572805 MB 	    8.000000 MB
CBakeMallocObject                    	   20.000082 MB 	   20.125000 MB
CFighterMallocObject                 	    0.037376 MB 	    0.062500 MB
CPtMQMallocObject                    	    0.001138 MB 	    0.062500 MB
CTrMsgMallocObject                   	    0.000000 MB 	    0.000000 MB
CLogMallocObject                     	    0.000927 MB 	    0.125000 MB
CCoreObjMallocObject                 	    0.003127 MB 	    0.062500 MB
CCoreMsgMallocObject                 	    0.009915 MB 	    0.312500 MB
CConnMallocObject                    	    0.000530 MB 	    0.062500 MB
CCoreSceneMallocObject               	    0.000743 MB 	    0.062500 MB
CMetaSceneMallocObject               	    0.001120 MB 	    0.062500 MB
CScriptPoolObject1                   	   51.476808 MB 	   93.750000 MB

CppMemTotal:                         	  291.318223 MB 	  387.187500 MB
CIDMapMallocObject                   	    0.220746 MB 	    0.312500 MB
CAudioMallocObject                   	    0.343731 MB 	    0.375000 MB
CMsgMallocObject                     	    0.005157 MB 	    0.062500 MB
CDistortedTimeMallocObject           	    0.002107 MB 	    0.062500 MB
CFindPathMallocObject                	   13.486829 MB 	   13.687500 MB
CPTREFMallocObject                   	    0.000102 MB 	    0.062500 MB
SQRGuiMallocObject                   	   22.674655 MB 	   24.375000 MB
CFXMallocObject                      	    0.004082 MB 	    0.062500 MB
CConfigMallocObject                  	    8.581702 MB 	    9.437500 MB
CGraphicMallocObject                 	   72.211750 MB 	   74.187500 MB
CScriptMallocObject                  	    1.204648 MB 	    1.500000 MB
CConnMsgMallocObject                 	    0.000176 MB 	    0.062500 MB
CEntityMallocObject                  	    0.013849 MB 	    0.062500 MB
CMagicMallocObject                   	    0.000000 MB 	    0.000000 MB
GlobalPool                           	   10.662459 MB 	   44.062500 MB
CCfgCalcMallocObject                 	   24.500138 MB 	   26.187500 MB
CMagicStateMallocObject              	    0.005966 MB 	    0.062500 MB
CActorMallocObject                   	    0.005371 MB 	    0.062500 MB
CServantMallocObject                 	    0.000000 MB 	    0.000000 MB
CNetworkMallocObject                 	    0.001094 MB 	    0.062500 MB
CNetworkRecvBufferMallocObject       	    2.004550 MB 	    2.125000 MB
CNetworkSendBufferMallocObject       	    0.003978 MB 	    0.062500 MB
CMathMallocObject                    	    0.024391 MB 	    0.250000 MB
CValueMallocObject                   	    0.363994 MB 	    0.437500 MB
CSceneMallocObject                   	   19.781009 MB 	   20.187500 MB
CPtCORMallocObject                   	    0.004415 MB 	    0.062500 MB
CDataFileMallocObject                	   40.731954 MB 	   46.125000 MB
CCypherVariantMallocObject           	    0.135584 MB 	    0.187500 MB
CVariantMallocObject                 	    0.040172 MB 	    0.062500 MB
CTickMallocObject                    	    0.184312 MB 	    0.250000 MB
CBloodRenderMallocObject             	    0.005285 MB 	    0.062500 MB
CEffectMallocObject                  	    2.572805 MB 	    8.000000 MB
CBakeMallocObject                    	   20.000082 MB 	   20.125000 MB
CFighterMallocObject                 	    0.037376 MB 	    0.062500 MB
CPtMQMallocObject                    	    0.001138 MB 	    0.062500 MB
CTrMsgMallocObject                   	    0.000000 MB 	    0.000000 MB
CLogMallocObject                     	    0.000927 MB 	    0.125000 MB
CCoreObjMallocObject                 	    0.003127 MB 	    0.062500 MB
CCoreMsgMallocObject                 	    0.009915 MB 	    0.312500 MB
CConnMallocObject                    	    0.000530 MB 	    0.062500 MB
CCoreSceneMallocObject               	    0.000743 MB 	    0.062500 MB
CMetaSceneMallocObject               	    0.001120 MB 	    0.062500 MB
CScriptPoolObject1                   	   51.486254 MB 	   93.750000 MB

CppMemTotal:                         	  291.303997 MB 	  387.187500 MB
CIDMapMallocObject                   	    0.220746 MB 	    0.312500 MB
CAudioMallocObject                   	    0.343703 MB 	    0.375000 MB
CMsgMallocObject                     	    0.005157 MB 	    0.062500 MB
CDistortedTimeMallocObject           	    0.002107 MB 	    0.062500 MB
CFindPathMallocObject                	   13.486829 MB 	   13.687500 MB
CPTREFMallocObject                   	    0.000102 MB 	    0.062500 MB
SQRGuiMallocObject                   	   22.674660 MB 	   24.375000 MB
CFXMallocObject                      	    0.004082 MB 	    0.062500 MB
CConfigMallocObject                  	    8.581702 MB 	    9.437500 MB
CGraphicMallocObject                 	   72.212631 MB 	   74.187500 MB
CScriptMallocObject                  	    1.204648 MB 	    1.500000 MB
CConnMsgMallocObject                 	    0.000176 MB 	    0.062500 MB
CEntityMallocObject                  	    0.013849 MB 	    0.062500 MB
CMagicMallocObject                   	    0.000000 MB 	    0.000000 MB
GlobalPool                           	   10.662597 MB 	   44.062500 MB
CCfgCalcMallocObject                 	   24.500138 MB 	   26.187500 MB
CMagicStateMallocObject              	    0.005966 MB 	    0.062500 MB
CActorMallocObject                   	    0.005371 MB 	    0.062500 MB
CServantMallocObject                 	    0.000000 MB 	    0.000000 MB
CNetworkMallocObject                 	    0.001094 MB 	    0.062500 MB
CNetworkRecvBufferMallocObject       	    2.004550 MB 	    2.125000 MB
CNetworkSendBufferMallocObject       	    0.003978 MB 	    0.062500 MB
CMathMallocObject                    	    0.021935 MB 	    0.250000 MB
CValueMallocObject                   	    0.363994 MB 	    0.437500 MB
CSceneMallocObject                   	   19.781009 MB 	   20.187500 MB
CPtCORMallocObject                   	    0.004415 MB 	    0.062500 MB
CDataFileMallocObject                	   40.731954 MB 	   46.125000 MB
CCypherVariantMallocObject           	    0.135584 MB 	    0.187500 MB
CVariantMallocObject                 	    0.040172 MB 	    0.062500 MB
CTickMallocObject                    	    0.184365 MB 	    0.250000 MB
CBloodRenderMallocObject             	    0.005285 MB 	    0.062500 MB
CEffectMallocObject                  	    2.572805 MB 	    8.000000 MB
CBakeMallocObject                    	   20.000082 MB 	   20.125000 MB
CFighterMallocObject                 	    0.037376 MB 	    0.062500 MB
CPtMQMallocObject                    	    0.001138 MB 	    0.062500 MB
CTrMsgMallocObject                   	    0.000000 MB 	    0.000000 MB
CLogMallocObject                     	    0.000927 MB 	    0.125000 MB
CCoreObjMallocObject                 	    0.003127 MB 	    0.062500 MB
CCoreMsgMallocObject                 	    0.009915 MB 	    0.312500 MB
CConnMallocObject                    	    0.000530 MB 	    0.062500 MB
CCoreSceneMallocObject               	    0.000743 MB 	    0.062500 MB
CMetaSceneMallocObject               	    0.001120 MB 	    0.062500 MB
CScriptPoolObject1                   	   51.473434 MB 	   93.750000 MB

CppMemTotal:                         	  291.300913 MB 	  387.187500 MB
CIDMapMallocObject                   	    0.220746 MB 	    0.312500 MB
CAudioMallocObject                   	    0.343759 MB 	    0.375000 MB
CMsgMallocObject                     	    0.005157 MB 	    0.062500 MB
CDistortedTimeMallocObject           	    0.002107 MB 	    0.062500 MB
CFindPathMallocObject                	   13.486829 MB 	   13.687500 MB
CPTREFMallocObject                   	    0.000102 MB 	    0.062500 MB
SQRGuiMallocObject                   	   22.674893 MB 	   24.375000 MB
CFXMallocObject                      	    0.004082 MB 	    0.062500 MB
CConfigMallocObject                  	    8.581702 MB 	    9.437500 MB
CGraphicMallocObject                 	   72.212631 MB 	   74.187500 MB
CScriptMallocObject                  	    1.204648 MB 	    1.500000 MB
CConnMsgMallocObject                 	    0.000176 MB 	    0.062500 MB
CEntityMallocObject                  	    0.013849 MB 	    0.062500 MB
CMagicMallocObject                   	    0.000000 MB 	    0.000000 MB
GlobalPool                           	   10.663557 MB 	   44.062500 MB
CCfgCalcMallocObject                 	   24.500138 MB 	   26.187500 MB
CMagicStateMallocObject              	    0.005966 MB 	    0.062500 MB
CActorMallocObject                   	    0.005371 MB 	    0.062500 MB
CServantMallocObject                 	    0.000000 MB 	    0.000000 MB
CNetworkMallocObject                 	    0.001094 MB 	    0.062500 MB
CNetworkRecvBufferMallocObject       	    2.004550 MB 	    2.125000 MB
CNetworkSendBufferMallocObject       	    0.003978 MB 	    0.062500 MB
CMathMallocObject                    	    0.019408 MB 	    0.250000 MB
CValueMallocObject                   	    0.363994 MB 	    0.437500 MB
CSceneMallocObject                   	   19.781009 MB 	   20.187500 MB
CPtCORMallocObject                   	    0.004415 MB 	    0.062500 MB
CDataFileMallocObject                	   40.731954 MB 	   46.125000 MB
CCypherVariantMallocObject           	    0.135584 MB 	    0.187500 MB
CVariantMallocObject                 	    0.040172 MB 	    0.062500 MB
CTickMallocObject                    	    0.184403 MB 	    0.250000 MB
CBloodRenderMallocObject             	    0.005285 MB 	    0.062500 MB
CEffectMallocObject                  	    2.572805 MB 	    8.000000 MB
CBakeMallocObject                    	   20.000082 MB 	   20.125000 MB
CFighterMallocObject                 	    0.037376 MB 	    0.062500 MB
CPtMQMallocObject                    	    0.001138 MB 	    0.062500 MB
CTrMsgMallocObject                   	    0.000000 MB 	    0.000000 MB
CLogMallocObject                     	    0.000927 MB 	    0.125000 MB
CCoreObjMallocObject                 	    0.003127 MB 	    0.062500 MB
CCoreMsgMallocObject                 	    0.009915 MB 	    0.312500 MB
CConnMallocObject                    	    0.000530 MB 	    0.062500 MB
CCoreSceneMallocObject               	    0.000743 MB 	    0.062500 MB
CMetaSceneMallocObject               	    0.001120 MB 	    0.062500 MB
CScriptPoolObject1                   	   51.471590 MB 	   93.750000 MB

CppMemTotal:                         	  291.316043 MB 	  387.187500 MB
CIDMapMallocObject                   	    0.220746 MB 	    0.312500 MB
CAudioMallocObject                   	    0.343759 MB 	    0.375000 MB
CMsgMallocObject                     	    0.005157 MB 	    0.062500 MB
CDistortedTimeMallocObject           	    0.002107 MB 	    0.062500 MB
CFindPathMallocObject                	   13.486829 MB 	   13.687500 MB
CPTREFMallocObject                   	    0.000102 MB 	    0.062500 MB
SQRGuiMallocObject                   	   22.674950 MB 	   24.375000 MB
CFXMallocObject                      	    0.004082 MB 	    0.062500 MB
CConfigMallocObject                  	    8.581702 MB 	    9.437500 MB
CGraphicMallocObject                 	   72.215744 MB 	   74.187500 MB
CScriptMallocObject                  	    1.204648 MB 	    1.500000 MB
CConnMsgMallocObject                 	    0.000176 MB 	    0.062500 MB
CEntityMallocObject                  	    0.013849 MB 	    0.062500 MB
CMagicMallocObject                   	    0.000000 MB 	    0.000000 MB
GlobalPool                           	   10.663694 MB 	   44.062500 MB
CCfgCalcMallocObject                 	   24.500138 MB 	   26.187500 MB
CMagicStateMallocObject              	    0.005966 MB 	    0.062500 MB
CActorMallocObject                   	    0.005371 MB 	    0.062500 MB
CServantMallocObject                 	    0.000000 MB 	    0.000000 MB
CNetworkMallocObject                 	    0.001094 MB 	    0.062500 MB
CNetworkRecvBufferMallocObject       	    2.004550 MB 	    2.125000 MB
CNetworkSendBufferMallocObject       	    0.003978 MB 	    0.062500 MB
CMathMallocObject                    	    0.023628 MB 	    0.250000 MB
CValueMallocObject                   	    0.363994 MB 	    0.437500 MB
CSceneMallocObject                   	   19.781009 MB 	   20.187500 MB
CPtCORMallocObject                   	    0.004415 MB 	    0.062500 MB
CDataFileMallocObject                	   40.731954 MB 	   46.125000 MB
CCypherVariantMallocObject           	    0.135584 MB 	    0.187500 MB
CVariantMallocObject                 	    0.040172 MB 	    0.062500 MB
CTickMallocObject                    	    0.184442 MB 	    0.250000 MB
CBloodRenderMallocObject             	    0.005285 MB 	    0.062500 MB
CEffectMallocObject                  	    2.572805 MB 	    8.000000 MB
CBakeMallocObject                    	   20.000082 MB 	   20.125000 MB
CFighterMallocObject                 	    0.037376 MB 	    0.062500 MB
CPtMQMallocObject                    	    0.001138 MB 	    0.062500 MB
CTrMsgMallocObject                   	    0.000000 MB 	    0.000000 MB
CLogMallocObject                     	    0.000927 MB 	    0.125000 MB
CCoreObjMallocObject                 	    0.003127 MB 	    0.062500 MB
CCoreMsgMallocObject                 	    0.009915 MB 	    0.312500 MB
CConnMallocObject                    	    0.000530 MB 	    0.062500 MB
CCoreSceneMallocObject               	    0.000743 MB 	    0.062500 MB
CMetaSceneMallocObject               	    0.001120 MB 	    0.062500 MB
CScriptPoolObject1                   	   51.479156 MB 	   93.750000 MB

CppMemTotal:                         	  291.318007 MB 	  387.187500 MB
CIDMapMallocObject                   	    0.220746 MB 	    0.312500 MB
CAudioMallocObject                   	    0.343731 MB 	    0.375000 MB
CMsgMallocObject                     	    0.005157 MB 	    0.062500 MB
CDistortedTimeMallocObject           	    0.002107 MB 	    0.062500 MB
CFindPathMallocObject                	   13.486829 MB 	   13.687500 MB
CPTREFMallocObject                   	    0.000102 MB 	    0.062500 MB
SQRGuiMallocObject                   	   22.674950 MB 	   24.375000 MB
CFXMallocObject                      	    0.004082 MB 	    0.062500 MB
CConfigMallocObject                  	    8.581702 MB 	    9.437500 MB
CGraphicMallocObject                 	   72.217231 MB 	   74.187500 MB
CScriptMallocObject                  	    1.204648 MB 	    1.500000 MB
CConnMsgMallocObject                 	    0.000176 MB 	    0.062500 MB
CEntityMallocObject                  	    0.013849 MB 	    0.062500 MB
CMagicMallocObject                   	    0.000000 MB 	    0.000000 MB
GlobalPool                           	   10.663773 MB 	   44.062500 MB
CCfgCalcMallocObject                 	   24.500138 MB 	   26.187500 MB
CMagicStateMallocObject              	    0.005966 MB 	    0.062500 MB
CActorMallocObject                   	    0.005371 MB 	    0.062500 MB
CServantMallocObject                 	    0.000000 MB 	    0.000000 MB
CNetworkMallocObject                 	    0.001094 MB 	    0.062500 MB
CNetworkRecvBufferMallocObject       	    2.004550 MB 	    2.125000 MB
CNetworkSendBufferMallocObject       	    0.003978 MB 	    0.062500 MB
CMathMallocObject                    	    0.021149 MB 	    0.250000 MB
CValueMallocObject                   	    0.363994 MB 	    0.437500 MB
CSceneMallocObject                   	   19.781009 MB 	   20.187500 MB
CPtCORMallocObject                   	    0.004415 MB 	    0.062500 MB
CDataFileMallocObject                	   40.731954 MB 	   46.125000 MB
CCypherVariantMallocObject           	    0.135584 MB 	    0.187500 MB
CVariantMallocObject                 	    0.040172 MB 	    0.062500 MB
CTickMallocObject                    	    0.184464 MB 	    0.250000 MB
CBloodRenderMallocObject             	    0.005285 MB 	    0.062500 MB
CEffectMallocObject                  	    2.572805 MB 	    8.000000 MB
CBakeMallocObject                    	   20.000082 MB 	   20.125000 MB
CFighterMallocObject                 	    0.037376 MB 	    0.062500 MB
CPtMQMallocObject                    	    0.001138 MB 	    0.062500 MB
CTrMsgMallocObject                   	    0.000000 MB 	    0.000000 MB
CLogMallocObject                     	    0.000927 MB 	    0.125000 MB
CCoreObjMallocObject                 	    0.003127 MB 	    0.062500 MB
CCoreMsgMallocObject                 	    0.009915 MB 	    0.312500 MB
CConnMallocObject                    	    0.000530 MB 	    0.062500 MB
CCoreSceneMallocObject               	    0.000743 MB 	    0.062500 MB
CMetaSceneMallocObject               	    0.001120 MB 	    0.062500 MB
CScriptPoolObject1                   	   51.482038 MB 	   93.750000 MB

CppMemTotal:                         	  291.471373 MB 	  387.250000 MB
CIDMapMallocObject                   	    0.223588 MB 	    0.312500 MB
CAudioMallocObject                   	    0.343703 MB 	    0.375000 MB
CMsgMallocObject                     	    0.005157 MB 	    0.062500 MB
CDistortedTimeMallocObject           	    0.002469 MB 	    0.062500 MB
CFindPathMallocObject                	   13.486829 MB 	   13.687500 MB
CPTREFMallocObject                   	    0.000102 MB 	    0.062500 MB
SQRGuiMallocObject                   	   22.681520 MB 	   24.375000 MB
CFXMallocObject                      	    0.004799 MB 	    0.062500 MB
CConfigMallocObject                  	    8.581702 MB 	    9.437500 MB
CGraphicMallocObject                 	   72.288280 MB 	   74.250000 MB
CScriptMallocObject                  	    1.204648 MB 	    1.500000 MB
CConnMsgMallocObject                 	    0.000176 MB 	    0.062500 MB
CEntityMallocObject                  	    0.016657 MB 	    0.062500 MB
CMagicMallocObject                   	    0.000000 MB 	    0.000000 MB
GlobalPool                           	   10.720325 MB 	   44.062500 MB
CCfgCalcMallocObject                 	   24.500138 MB 	   26.187500 MB
CMagicStateMallocObject              	    0.007105 MB 	    0.062500 MB
CActorMallocObject                   	    0.006422 MB 	    0.062500 MB
CServantMallocObject                 	    0.000000 MB 	    0.000000 MB
CNetworkMallocObject                 	    0.001094 MB 	    0.062500 MB
CNetworkRecvBufferMallocObject       	    2.004550 MB 	    2.125000 MB
CNetworkSendBufferMallocObject       	    0.003978 MB 	    0.062500 MB
CMathMallocObject                    	    0.018621 MB 	    0.250000 MB
CValueMallocObject                   	    0.363994 MB 	    0.437500 MB
CSceneMallocObject                   	   19.784554 MB 	   20.187500 MB
CPtCORMallocObject                   	    0.005288 MB 	    0.062500 MB
CDataFileMallocObject                	   40.731954 MB 	   46.125000 MB
CCypherVariantMallocObject           	    0.137201 MB 	    0.187500 MB
CVariantMallocObject                 	    0.040172 MB 	    0.062500 MB
CTickMallocObject                    	    0.184503 MB 	    0.250000 MB
CBloodRenderMallocObject             	    0.005285 MB 	    0.062500 MB
CEffectMallocObject                  	    2.584545 MB 	    8.000000 MB
CBakeMallocObject                    	   20.000082 MB 	   20.125000 MB
CFighterMallocObject                 	    0.039045 MB 	    0.062500 MB
CPtMQMallocObject                    	    0.001138 MB 	    0.062500 MB
CTrMsgMallocObject                   	    0.000000 MB 	    0.000000 MB
CLogMallocObject                     	    0.000927 MB 	    0.125000 MB
CCoreObjMallocObject                 	    0.003694 MB 	    0.062500 MB
CCoreMsgMallocObject                 	    0.009915 MB 	    0.312500 MB
CConnMallocObject                    	    0.000530 MB 	    0.062500 MB
CCoreSceneMallocObject               	    0.000798 MB 	    0.062500 MB
CMetaSceneMallocObject               	    0.001120 MB 	    0.062500 MB
CScriptPoolObject1                   	   51.474763 MB 	   93.750000 MB

CppMemTotal:                         	  293.596341 MB 	  388.750000 MB
CIDMapMallocObject                   	    0.217974 MB 	    0.312500 MB
CAudioMallocObject                   	    0.343898 MB 	    0.375000 MB
CMsgMallocObject                     	    0.005157 MB 	    0.062500 MB
CDistortedTimeMallocObject           	    0.001744 MB 	    0.062500 MB
CFindPathMallocObject                	   13.488394 MB 	   13.687500 MB
CPTREFMallocObject                   	    0.000204 MB 	    0.062500 MB
SQRGuiMallocObject                   	   23.106194 MB 	   24.812500 MB
CFXMallocObject                      	    0.003365 MB 	    0.062500 MB
CConfigMallocObject                  	    8.581702 MB 	    9.437500 MB
CGraphicMallocObject                 	   72.794139 MB 	   74.875000 MB
CScriptMallocObject                  	    1.204774 MB 	    1.500000 MB
CConnMsgMallocObject                 	    0.000176 MB 	    0.062500 MB
CEntityMallocObject                  	    0.011747 MB 	    0.062500 MB
CMagicMallocObject                   	    0.000000 MB 	    0.000000 MB
GlobalPool                           	   10.738523 MB 	   44.062500 MB
CCfgCalcMallocObject                 	   24.515583 MB 	   26.187500 MB
CMagicStateMallocObject              	    0.004827 MB 	    0.062500 MB
CActorMallocObject                   	    0.004320 MB 	    0.062500 MB
CServantMallocObject                 	    0.000000 MB 	    0.000000 MB
CNetworkMallocObject                 	    0.001094 MB 	    0.062500 MB
CNetworkRecvBufferMallocObject       	    2.004550 MB 	    2.125000 MB
CNetworkSendBufferMallocObject       	    0.003978 MB 	    0.062500 MB
CMathMallocObject                    	    0.097550 MB 	    0.250000 MB
CValueMallocObject                   	    0.363994 MB 	    0.437500 MB
CSceneMallocObject                   	   19.777534 MB 	   20.187500 MB
CPtCORMallocObject                   	    0.003541 MB 	    0.062500 MB
CDataFileMallocObject                	   40.929515 MB 	   46.500000 MB
CCypherVariantMallocObject           	    0.170934 MB 	    0.250000 MB
CVariantMallocObject                 	    0.041389 MB 	    0.062500 MB
CTickMallocObject                    	    0.189551 MB 	    0.250000 MB
CBloodRenderMallocObject             	    0.005285 MB 	    0.062500 MB
CEffectMallocObject                  	    2.774689 MB 	    8.000000 MB
CBakeMallocObject                    	   20.000082 MB 	   20.125000 MB
CFighterMallocObject                 	    0.035707 MB 	    0.062500 MB
CPtMQMallocObject                    	    0.001138 MB 	    0.062500 MB
CTrMsgMallocObject                   	    0.000000 MB 	    0.000000 MB
CLogMallocObject                     	    0.000927 MB 	    0.125000 MB
CCoreObjMallocObject                 	    0.002645 MB 	    0.062500 MB
CCoreMsgMallocObject                 	    0.009915 MB 	    0.312500 MB
CConnMallocObject                    	    0.000530 MB 	    0.062500 MB
CCoreSceneMallocObject               	    0.000688 MB 	    0.062500 MB
CMetaSceneMallocObject               	    0.001120 MB 	    0.062500 MB
CScriptPoolObject1                   	   52.157264 MB 	   93.750000 MB

CppMemTotal:                         	  293.448179 MB 	  389.000000 MB
CIDMapMallocObject                   	    0.221081 MB 	    0.312500 MB
CAudioMallocObject                   	    0.343619 MB 	    0.375000 MB
CMsgMallocObject                     	    0.005157 MB 	    0.062500 MB
CDistortedTimeMallocObject           	    0.002107 MB 	    0.062500 MB
CFindPathMallocObject                	   13.488092 MB 	   13.687500 MB
CPTREFMallocObject                   	    0.000204 MB 	    0.062500 MB
SQRGuiMallocObject                   	   23.250751 MB 	   25.062500 MB
CFXMallocObject                      	    0.004082 MB 	    0.062500 MB
CConfigMallocObject                  	    8.581702 MB 	    9.437500 MB
CGraphicMallocObject                 	   72.854482 MB 	   74.875000 MB
CScriptMallocObject                  	    1.204774 MB 	    1.500000 MB
CConnMsgMallocObject                 	    0.000176 MB 	    0.062500 MB
CEntityMallocObject                  	    0.013849 MB 	    0.062500 MB
CMagicMallocObject                   	    0.000000 MB 	    0.000000 MB
GlobalPool                           	   10.760198 MB 	   44.062500 MB
CCfgCalcMallocObject                 	   24.515583 MB 	   26.187500 MB
CMagicStateMallocObject              	    0.005966 MB 	    0.062500 MB
CActorMallocObject                   	    0.005371 MB 	    0.062500 MB
CServantMallocObject                 	    0.000000 MB 	    0.000000 MB
CNetworkMallocObject                 	    0.001094 MB 	    0.062500 MB
CNetworkRecvBufferMallocObject       	    2.004550 MB 	    2.125000 MB
CNetworkSendBufferMallocObject       	    0.003978 MB 	    0.062500 MB
CMathMallocObject                    	    0.020457 MB 	    0.250000 MB
CValueMallocObject                   	    0.363994 MB 	    0.437500 MB
CSceneMallocObject                   	   19.781416 MB 	   20.187500 MB
CPtCORMallocObject                   	    0.004802 MB 	    0.062500 MB
CDataFileMallocObject                	   40.937031 MB 	   46.500000 MB
CCypherVariantMallocObject           	    0.160438 MB 	    0.250000 MB
CVariantMallocObject                 	    0.041406 MB 	    0.062500 MB
CTickMallocObject                    	    0.189839 MB 	    0.250000 MB
CBloodRenderMallocObject             	    0.005285 MB 	    0.062500 MB
CEffectMallocObject                  	    2.851985 MB 	    8.000000 MB
CBakeMallocObject                    	   20.000082 MB 	   20.125000 MB
CFighterMallocObject                 	    0.037322 MB 	    0.062500 MB
CPtMQMallocObject                    	    0.001138 MB 	    0.062500 MB
CTrMsgMallocObject                   	    0.000000 MB 	    0.000000 MB
CLogMallocObject                     	    0.000927 MB 	    0.125000 MB
CCoreObjMallocObject                 	    0.003127 MB 	    0.062500 MB
CCoreMsgMallocObject                 	    0.009915 MB 	    0.312500 MB
CConnMallocObject                    	    0.000530 MB 	    0.062500 MB
CCoreSceneMallocObject               	    0.000743 MB 	    0.062500 MB
CMetaSceneMallocObject               	    0.001120 MB 	    0.062500 MB
CScriptPoolObject1                   	   51.769806 MB 	   93.750000 MB

CppMemTotal:                         	  293.326862 MB 	  389.000000 MB
CIDMapMallocObject                   	    0.221081 MB 	    0.312500 MB
CAudioMallocObject                   	    0.343676 MB 	    0.375000 MB
CMsgMallocObject                     	    0.005157 MB 	    0.062500 MB
CDistortedTimeMallocObject           	    0.002107 MB 	    0.062500 MB
CFindPathMallocObject                	   13.488092 MB 	   13.687500 MB
CPTREFMallocObject                   	    0.000204 MB 	    0.062500 MB
SQRGuiMallocObject                   	   23.250703 MB 	   25.062500 MB
CFXMallocObject                      	    0.004082 MB 	    0.062500 MB
CConfigMallocObject                  	    8.581702 MB 	    9.437500 MB
CGraphicMallocObject                 	   72.854482 MB 	   74.875000 MB
CScriptMallocObject                  	    1.204774 MB 	    1.500000 MB
CConnMsgMallocObject                 	    0.000176 MB 	    0.062500 MB
CEntityMallocObject                  	    0.013849 MB 	    0.062500 MB
CMagicMallocObject                   	    0.000000 MB 	    0.000000 MB
GlobalPool                           	   10.759296 MB 	   44.062500 MB
CCfgCalcMallocObject                 	   24.515583 MB 	   26.187500 MB
CMagicStateMallocObject              	    0.005966 MB 	    0.062500 MB
CActorMallocObject                   	    0.005371 MB 	    0.062500 MB
CServantMallocObject                 	    0.000000 MB 	    0.000000 MB
CNetworkMallocObject                 	    0.001094 MB 	    0.062500 MB
CNetworkRecvBufferMallocObject       	    2.004550 MB 	    2.125000 MB
CNetworkSendBufferMallocObject       	    0.003978 MB 	    0.062500 MB
CMathMallocObject                    	    0.024463 MB 	    0.250000 MB
CValueMallocObject                   	    0.363994 MB 	    0.437500 MB
CSceneMallocObject                   	   19.781416 MB 	   20.187500 MB
CPtCORMallocObject                   	    0.004802 MB 	    0.062500 MB
CDataFileMallocObject                	   40.937031 MB 	   46.500000 MB
CCypherVariantMallocObject           	    0.160438 MB 	    0.250000 MB
CVariantMallocObject                 	    0.041406 MB 	    0.062500 MB
CTickMallocObject                    	    0.189855 MB 	    0.250000 MB
CBloodRenderMallocObject             	    0.005285 MB 	    0.062500 MB
CEffectMallocObject                  	    2.851985 MB 	    8.000000 MB
CBakeMallocObject                    	   20.000082 MB 	   20.125000 MB
CFighterMallocObject                 	    0.037322 MB 	    0.062500 MB
CPtMQMallocObject                    	    0.001138 MB 	    0.062500 MB
CTrMsgMallocObject                   	    0.000000 MB 	    0.000000 MB
CLogMallocObject                     	    0.000927 MB 	    0.125000 MB
CCoreObjMallocObject                 	    0.003127 MB 	    0.062500 MB
CCoreMsgMallocObject                 	    0.009915 MB 	    0.312500 MB
CConnMallocObject                    	    0.000530 MB 	    0.062500 MB
CCoreSceneMallocObject               	    0.000743 MB 	    0.062500 MB
CMetaSceneMallocObject               	    0.001120 MB 	    0.062500 MB
CScriptPoolObject1                   	   51.645362 MB 	   93.750000 MB

CppMemTotal:                         	  293.323314 MB 	  389.000000 MB
CIDMapMallocObject                   	    0.221081 MB 	    0.312500 MB
CAudioMallocObject                   	    0.343786 MB 	    0.375000 MB
CMsgMallocObject                     	    0.005157 MB 	    0.062500 MB
CDistortedTimeMallocObject           	    0.002107 MB 	    0.062500 MB
CFindPathMallocObject                	   13.488092 MB 	   13.687500 MB
CPTREFMallocObject                   	    0.000204 MB 	    0.062500 MB
SQRGuiMallocObject                   	   23.253156 MB 	   25.062500 MB
CFXMallocObject                      	    0.004082 MB 	    0.062500 MB
CConfigMallocObject                  	    8.581702 MB 	    9.437500 MB
CGraphicMallocObject                 	   72.856726 MB 	   74.875000 MB
CScriptMallocObject                  	    1.204774 MB 	    1.500000 MB
CConnMsgMallocObject                 	    0.000176 MB 	    0.062500 MB
CEntityMallocObject                  	    0.013849 MB 	    0.062500 MB
CMagicMallocObject                   	    0.000000 MB 	    0.000000 MB
GlobalPool                           	   10.760335 MB 	   44.062500 MB
CCfgCalcMallocObject                 	   24.515583 MB 	   26.187500 MB
CMagicStateMallocObject              	    0.005966 MB 	    0.062500 MB
CActorMallocObject                   	    0.005371 MB 	    0.062500 MB
CServantMallocObject                 	    0.000000 MB 	    0.000000 MB
CNetworkMallocObject                 	    0.001094 MB 	    0.062500 MB
CNetworkRecvBufferMallocObject       	    2.004550 MB 	    2.125000 MB
CNetworkSendBufferMallocObject       	    0.003978 MB 	    0.062500 MB
CMathMallocObject                    	    0.021745 MB 	    0.250000 MB
CValueMallocObject                   	    0.363994 MB 	    0.437500 MB
CSceneMallocObject                   	   19.781416 MB 	   20.187500 MB
CPtCORMallocObject                   	    0.004802 MB 	    0.062500 MB
CDataFileMallocObject                	   40.937031 MB 	   46.500000 MB
CCypherVariantMallocObject           	    0.160438 MB 	    0.250000 MB
CVariantMallocObject                 	    0.041406 MB 	    0.062500 MB
CTickMallocObject                    	    0.189932 MB 	    0.250000 MB
CBloodRenderMallocObject             	    0.005285 MB 	    0.062500 MB
CEffectMallocObject                  	    2.851985 MB 	    8.000000 MB
CBakeMallocObject                    	   20.000082 MB 	   20.125000 MB
CFighterMallocObject                 	    0.037322 MB 	    0.062500 MB
CPtMQMallocObject                    	    0.001138 MB 	    0.062500 MB
CTrMsgMallocObject                   	    0.000000 MB 	    0.000000 MB
CLogMallocObject                     	    0.000927 MB 	    0.125000 MB
CCoreObjMallocObject                 	    0.003127 MB 	    0.062500 MB
CCoreMsgMallocObject                 	    0.009915 MB 	    0.312500 MB
CConnMallocObject                    	    0.000530 MB 	    0.062500 MB
CCoreSceneMallocObject               	    0.000743 MB 	    0.062500 MB
CMetaSceneMallocObject               	    0.001120 MB 	    0.062500 MB
CScriptPoolObject1                   	   51.638608 MB 	   93.750000 MB

CppMemTotal:                         	  293.328112 MB 	  389.000000 MB
CIDMapMallocObject                   	    0.221081 MB 	    0.312500 MB
CAudioMallocObject                   	    0.343759 MB 	    0.375000 MB
CMsgMallocObject                     	    0.005157 MB 	    0.062500 MB
CDistortedTimeMallocObject           	    0.002107 MB 	    0.062500 MB
CFindPathMallocObject                	   13.488092 MB 	   13.687500 MB
CPTREFMallocObject                   	    0.000204 MB 	    0.062500 MB
SQRGuiMallocObject                   	   23.253488 MB 	   25.062500 MB
CFXMallocObject                      	    0.004082 MB 	    0.062500 MB
CConfigMallocObject                  	    8.581702 MB 	    9.437500 MB
CGraphicMallocObject                 	   72.864272 MB 	   74.875000 MB
CScriptMallocObject                  	    1.204774 MB 	    1.500000 MB
CConnMsgMallocObject                 	    0.000176 MB 	    0.062500 MB
CEntityMallocObject                  	    0.013849 MB 	    0.062500 MB
CMagicMallocObject                   	    0.000000 MB 	    0.000000 MB
GlobalPool                           	   10.761178 MB 	   44.062500 MB
CCfgCalcMallocObject                 	   24.515583 MB 	   26.187500 MB
CMagicStateMallocObject              	    0.005966 MB 	    0.062500 MB
CActorMallocObject                   	    0.005371 MB 	    0.062500 MB
CServantMallocObject                 	    0.000000 MB 	    0.000000 MB
CNetworkMallocObject                 	    0.001094 MB 	    0.062500 MB
CNetworkRecvBufferMallocObject       	    2.004550 MB 	    2.125000 MB
CNetworkSendBufferMallocObject       	    0.003978 MB 	    0.062500 MB
CMathMallocObject                    	    0.018979 MB 	    0.250000 MB
CValueMallocObject                   	    0.363994 MB 	    0.437500 MB
CSceneMallocObject                   	   19.781416 MB 	   20.187500 MB
CPtCORMallocObject                   	    0.004802 MB 	    0.062500 MB
CDataFileMallocObject                	   40.937031 MB 	   46.500000 MB
CCypherVariantMallocObject           	    0.160438 MB 	    0.250000 MB
CVariantMallocObject                 	    0.041406 MB 	    0.062500 MB
CTickMallocObject                    	    0.189955 MB 	    0.250000 MB
CBloodRenderMallocObject             	    0.005285 MB 	    0.062500 MB
CEffectMallocObject                  	    2.851985 MB 	    8.000000 MB
CBakeMallocObject                    	   20.000082 MB 	   20.125000 MB
CFighterMallocObject                 	    0.037322 MB 	    0.062500 MB
CPtMQMallocObject                    	    0.001138 MB 	    0.062500 MB
CTrMsgMallocObject                   	    0.000000 MB 	    0.000000 MB
CLogMallocObject                     	    0.000927 MB 	    0.125000 MB
CCoreObjMallocObject                 	    0.003127 MB 	    0.062500 MB
CCoreMsgMallocObject                 	    0.009915 MB 	    0.312500 MB
CConnMallocObject                    	    0.000530 MB 	    0.062500 MB
CCoreSceneMallocObject               	    0.000743 MB 	    0.062500 MB
CMetaSceneMallocObject               	    0.001120 MB 	    0.062500 MB
CScriptPoolObject1                   	   51.637455 MB 	   93.750000 MB

CppMemTotal:                         	  293.342809 MB 	  389.000000 MB
CIDMapMallocObject                   	    0.221081 MB 	    0.312500 MB
CAudioMallocObject                   	    0.343647 MB 	    0.375000 MB
CMsgMallocObject                     	    0.005157 MB 	    0.062500 MB
CDistortedTimeMallocObject           	    0.002107 MB 	    0.062500 MB
CFindPathMallocObject                	   13.488092 MB 	   13.687500 MB
CPTREFMallocObject                   	    0.000204 MB 	    0.062500 MB
SQRGuiMallocObject                   	   23.254334 MB 	   25.062500 MB
CFXMallocObject                      	    0.004082 MB 	    0.062500 MB
CConfigMallocObject                  	    8.581702 MB 	    9.437500 MB
CGraphicMallocObject                 	   72.864930 MB 	   74.875000 MB
CScriptMallocObject                  	    1.204774 MB 	    1.500000 MB
CConnMsgMallocObject                 	    0.000176 MB 	    0.062500 MB
CEntityMallocObject                  	    0.013849 MB 	    0.062500 MB
CMagicMallocObject                   	    0.000000 MB 	    0.000000 MB
GlobalPool                           	   10.763041 MB 	   44.062500 MB
CCfgCalcMallocObject                 	   24.515583 MB 	   26.187500 MB
CMagicStateMallocObject              	    0.005966 MB 	    0.062500 MB
CActorMallocObject                   	    0.005371 MB 	    0.062500 MB
CServantMallocObject                 	    0.000000 MB 	    0.000000 MB
CNetworkMallocObject                 	    0.001094 MB 	    0.062500 MB
CNetworkRecvBufferMallocObject       	    2.004550 MB 	    2.125000 MB
CNetworkSendBufferMallocObject       	    0.003978 MB 	    0.062500 MB
CMathMallocObject                    	    0.023032 MB 	    0.250000 MB
CValueMallocObject                   	    0.363994 MB 	    0.437500 MB
CSceneMallocObject                   	   19.781416 MB 	   20.187500 MB
CPtCORMallocObject                   	    0.004802 MB 	    0.062500 MB
CDataFileMallocObject                	   40.937031 MB 	   46.500000 MB
CCypherVariantMallocObject           	    0.160438 MB 	    0.250000 MB
CVariantMallocObject                 	    0.041406 MB 	    0.062500 MB
CTickMallocObject                    	    0.190008 MB 	    0.250000 MB
CBloodRenderMallocObject             	    0.005285 MB 	    0.062500 MB
CEffectMallocObject                  	    2.851985 MB 	    8.000000 MB
CBakeMallocObject                    	   20.000082 MB 	   20.125000 MB
CFighterMallocObject                 	    0.037322 MB 	    0.062500 MB
CPtMQMallocObject                    	    0.001138 MB 	    0.062500 MB
CTrMsgMallocObject                   	    0.000000 MB 	    0.000000 MB
CLogMallocObject                     	    0.000927 MB 	    0.125000 MB
CCoreObjMallocObject                 	    0.003127 MB 	    0.062500 MB
CCoreMsgMallocObject                 	    0.009915 MB 	    0.312500 MB
CConnMallocObject                    	    0.000530 MB 	    0.062500 MB
CCoreSceneMallocObject               	    0.000743 MB 	    0.062500 MB
CMetaSceneMallocObject               	    0.001120 MB 	    0.062500 MB
CScriptPoolObject1                   	   51.644790 MB 	   93.750000 MB

CppMemTotal:                         	  320.824876 MB 	  415.687500 MB
CIDMapMallocObject                   	    0.443471 MB 	    0.562500 MB
CAudioMallocObject                   	    0.358551 MB 	    0.437500 MB
CMsgMallocObject                     	    0.005157 MB 	    0.062500 MB
CDistortedTimeMallocObject           	    0.001873 MB 	    0.062500 MB
CFindPathMallocObject                	   13.501223 MB 	   13.687500 MB
CPTREFMallocObject                   	    0.000812 MB 	    0.062500 MB
SQRGuiMallocObject                   	   24.434015 MB 	   26.250000 MB
CFXMallocObject                      	    0.003227 MB 	    0.062500 MB
CConfigMallocObject                  	    8.581702 MB 	    9.437500 MB
CGraphicMallocObject                 	   96.102551 MB 	   98.875000 MB
CScriptMallocObject                  	    1.205277 MB 	    1.500000 MB
CConnMsgMallocObject                 	    0.000176 MB 	    0.062500 MB
CEntityMallocObject                  	    0.010275 MB 	    0.062500 MB
CMagicMallocObject                   	    0.000000 MB 	    0.062500 MB
GlobalPool                           	   11.273355 MB 	   44.062500 MB
CCfgCalcMallocObject                 	   24.543699 MB 	   26.250000 MB
CMagicStateMallocObject              	    0.004570 MB 	    0.062500 MB
CActorMallocObject                   	    0.003845 MB 	    0.062500 MB
CServantMallocObject                 	    0.000000 MB 	    0.000000 MB
CNetworkMallocObject                 	    0.001094 MB 	    0.062500 MB
CNetworkRecvBufferMallocObject       	    2.004550 MB 	    2.125000 MB
CNetworkSendBufferMallocObject       	    0.003978 MB 	    0.062500 MB
CMathMallocObject                    	    0.034547 MB 	    0.250000 MB
CValueMallocObject                   	    0.366027 MB 	    0.437500 MB
CSceneMallocObject                   	   20.417459 MB 	   21.125000 MB
CPtCORMallocObject                   	    0.004707 MB 	    0.062500 MB
CDataFileMallocObject                	   41.233665 MB 	   46.687500 MB
CCypherVariantMallocObject           	    0.314038 MB 	    0.375000 MB
CVariantMallocObject                 	    0.048973 MB 	    0.062500 MB
CTickMallocObject                    	    0.202429 MB 	    0.250000 MB
CBloodRenderMallocObject             	    0.005285 MB 	    0.062500 MB
CEffectMallocObject                  	    2.912379 MB 	    7.812500 MB
CBakeMallocObject                    	   20.000082 MB 	   20.125000 MB
CFighterMallocObject                 	    0.035183 MB 	    0.062500 MB
CPtMQMallocObject                    	    0.001138 MB 	    0.062500 MB
CTrMsgMallocObject                   	    0.000000 MB 	    0.000000 MB
CLogMallocObject                     	    0.000927 MB 	    0.125000 MB
CCoreObjMallocObject                 	    0.002730 MB 	    0.062500 MB
CCoreMsgMallocObject                 	    0.009947 MB 	    0.312500 MB
CConnMallocObject                    	    0.000530 MB 	    0.062500 MB
CCoreSceneMallocObject               	    0.000688 MB 	    0.062500 MB
CMetaSceneMallocObject               	    0.001120 MB 	    0.062500 MB
CScriptPoolObject1                   	   52.749619 MB 	   93.750000 MB

CppMemTotal:                         	  325.244556 MB 	  421.187500 MB
CIDMapMallocObject                   	    0.369686 MB 	    0.562500 MB
CAudioMallocObject                   	    0.358470 MB 	    0.437500 MB
CMsgMallocObject                     	    0.005157 MB 	    0.062500 MB
CDistortedTimeMallocObject           	    0.001019 MB 	    0.062500 MB
CFindPathMallocObject                	   13.500696 MB 	   13.687500 MB
CPTREFMallocObject                   	    0.000812 MB 	    0.062500 MB
SQRGuiMallocObject                   	   25.251774 MB 	   27.437500 MB
CFXMallocObject                      	    0.002074 MB 	    0.062500 MB
CConfigMallocObject                  	    8.581702 MB 	    9.437500 MB
CGraphicMallocObject                 	  100.115326 MB 	  102.750000 MB
CScriptMallocObject                  	    1.205498 MB 	    1.500000 MB
CConnMsgMallocObject                 	    0.000176 MB 	    0.062500 MB
CEntityMallocObject                  	    0.005673 MB 	    0.062500 MB
CMagicMallocObject                   	    0.000000 MB 	    0.062500 MB
GlobalPool                           	   11.376194 MB 	   44.062500 MB
CCfgCalcMallocObject                 	   24.573813 MB 	   26.312500 MB
CMagicStateMallocObject              	    0.002550 MB 	    0.062500 MB
CActorMallocObject                   	    0.002218 MB 	    0.062500 MB
CServantMallocObject                 	    0.000000 MB 	    0.000000 MB
CNetworkMallocObject                 	    0.001094 MB 	    0.062500 MB
CNetworkRecvBufferMallocObject       	    2.004550 MB 	    2.125000 MB
CNetworkSendBufferMallocObject       	    0.003978 MB 	    0.062500 MB
CMathMallocObject                    	    0.042491 MB 	    0.250000 MB
CValueMallocObject                   	    0.368060 MB 	    0.437500 MB
CSceneMallocObject                   	   20.297748 MB 	   21.125000 MB
CPtCORMallocObject                   	    0.002459 MB 	    0.062500 MB
CDataFileMallocObject                	   41.571972 MB 	   47.062500 MB
CCypherVariantMallocObject           	    0.313571 MB 	    0.375000 MB
CVariantMallocObject                 	    0.049665 MB 	    0.062500 MB
CTickMallocObject                    	    0.203213 MB 	    0.250000 MB
CBloodRenderMallocObject             	    0.005285 MB 	    0.062500 MB
CEffectMallocObject                  	    2.254242 MB 	    7.812500 MB
CBakeMallocObject                    	   20.000082 MB 	   20.125000 MB
CFighterMallocObject                 	    0.033437 MB 	    0.062500 MB
CPtMQMallocObject                    	    0.001138 MB 	    0.062500 MB
CTrMsgMallocObject                   	    0.000000 MB 	    0.000000 MB
CLogMallocObject                     	    0.000927 MB 	    0.125000 MB
CCoreObjMallocObject                 	    0.001513 MB 	    0.062500 MB
CCoreMsgMallocObject                 	    0.009947 MB 	    0.312500 MB
CConnMallocObject                    	    0.000530 MB 	    0.062500 MB
CCoreSceneMallocObject               	    0.001393 MB 	    0.062500 MB
CMetaSceneMallocObject               	    0.001120 MB 	    0.062500 MB
CScriptPoolObject1                   	   52.723303 MB 	   93.750000 MB

CppMemTotal:                         	  332.896659 MB 	  428.625000 MB
CIDMapMallocObject                   	    0.331682 MB 	    0.562500 MB
CAudioMallocObject                   	    0.363775 MB 	    0.437500 MB
CMsgMallocObject                     	    0.005157 MB 	    0.062500 MB
CDistortedTimeMallocObject           	    0.001925 MB 	    0.062500 MB
CFindPathMallocObject                	   13.500872 MB 	   13.687500 MB
CPTREFMallocObject                   	    0.000883 MB 	    0.062500 MB
SQRGuiMallocObject                   	   27.718507 MB 	   30.000000 MB
CFXMallocObject                      	    0.002433 MB 	    0.062500 MB
CConfigMallocObject                  	    8.581702 MB 	    9.437500 MB
CGraphicMallocObject                 	  103.698988 MB 	  106.750000 MB
CScriptMallocObject                  	    1.205561 MB 	    1.500000 MB
CConnMsgMallocObject                 	    0.000176 MB 	    0.062500 MB
CEntityMallocObject                  	    0.007649 MB 	    0.062500 MB
CMagicMallocObject                   	    0.000000 MB 	    0.062500 MB
GlobalPool                           	   12.172690 MB 	   44.062500 MB
CCfgCalcMallocObject                 	   24.581583 MB 	   26.312500 MB
CMagicStateMallocObject              	    0.003119 MB 	    0.062500 MB
CActorMallocObject                   	    0.002946 MB 	    0.062500 MB
CServantMallocObject                 	    0.000000 MB 	    0.000000 MB
CNetworkMallocObject                 	    0.001094 MB 	    0.062500 MB
CNetworkRecvBufferMallocObject       	    2.004550 MB 	    2.125000 MB
CNetworkSendBufferMallocObject       	    0.003978 MB 	    0.062500 MB
CMathMallocObject                    	    0.026029 MB 	    0.250000 MB
CValueMallocObject                   	    0.368060 MB 	    0.437500 MB
CSceneMallocObject                   	   20.415911 MB 	   21.125000 MB
CPtCORMallocObject                   	    0.003048 MB 	    0.062500 MB
CDataFileMallocObject                	   42.265218 MB 	   47.812500 MB
CCypherVariantMallocObject           	    0.376574 MB 	    0.500000 MB
CVariantMallocObject                 	    0.052841 MB 	    0.062500 MB
CTickMallocObject                    	    0.208875 MB 	    0.250000 MB
CBloodRenderMallocObject             	    0.005285 MB 	    0.062500 MB
CEffectMallocObject                  	    1.878222 MB 	    7.812500 MB
CBakeMallocObject                    	   20.000082 MB 	   20.125000 MB
CFighterMallocObject                 	    0.034581 MB 	    0.062500 MB
CPtMQMallocObject                    	    0.001138 MB 	    0.062500 MB
CTrMsgMallocObject                   	    0.000000 MB 	    0.000000 MB
CLogMallocObject                     	    0.000927 MB 	    0.125000 MB
CCoreObjMallocObject                 	    0.002929 MB 	    0.062500 MB
CCoreMsgMallocObject                 	    0.009978 MB 	    0.312500 MB
CConnMallocObject                    	    0.000530 MB 	    0.062500 MB
CCoreSceneMallocObject               	    0.001532 MB 	    0.062500 MB
CMetaSceneMallocObject               	    0.001120 MB 	    0.062500 MB
CScriptPoolObject1                   	   53.054508 MB 	   93.750000 MB

CppMemTotal:                         	  332.855029 MB 	  428.625000 MB
CIDMapMallocObject                   	    0.331964 MB 	    0.562500 MB
CAudioMallocObject                   	    0.364025 MB 	    0.437500 MB
CMsgMallocObject                     	    0.005157 MB 	    0.062500 MB
CDistortedTimeMallocObject           	    0.001925 MB 	    0.062500 MB
CFindPathMallocObject                	   13.500872 MB 	   13.687500 MB
CPTREFMallocObject                   	    0.000883 MB 	    0.062500 MB
SQRGuiMallocObject                   	   27.718289 MB 	   30.000000 MB
CFXMallocObject                      	    0.002433 MB 	    0.062500 MB
CConfigMallocObject                  	    8.581702 MB 	    9.437500 MB
CGraphicMallocObject                 	  103.697353 MB 	  106.750000 MB
CScriptMallocObject                  	    1.205561 MB 	    1.500000 MB
CConnMsgMallocObject                 	    0.000176 MB 	    0.062500 MB
CEntityMallocObject                  	    0.007649 MB 	    0.062500 MB
CMagicMallocObject                   	    0.000000 MB 	    0.062500 MB
GlobalPool                           	   12.170277 MB 	   44.062500 MB
CCfgCalcMallocObject                 	   24.581583 MB 	   26.312500 MB
CMagicStateMallocObject              	    0.003119 MB 	    0.062500 MB
CActorMallocObject                   	    0.002946 MB 	    0.062500 MB
CServantMallocObject                 	    0.000000 MB 	    0.000000 MB
CNetworkMallocObject                 	    0.001094 MB 	    0.062500 MB
CNetworkRecvBufferMallocObject       	    2.004550 MB 	    2.125000 MB
CNetworkSendBufferMallocObject       	    0.003978 MB 	    0.062500 MB
CMathMallocObject                    	    0.022127 MB 	    0.250000 MB
CValueMallocObject                   	    0.368060 MB 	    0.437500 MB
CSceneMallocObject                   	   20.415911 MB 	   21.125000 MB
CPtCORMallocObject                   	    0.003048 MB 	    0.062500 MB
CDataFileMallocObject                	   42.265218 MB 	   47.812500 MB
CCypherVariantMallocObject           	    0.346036 MB 	    0.500000 MB
CVariantMallocObject                 	    0.051820 MB 	    0.062500 MB
CTickMallocObject                    	    0.209219 MB 	    0.250000 MB
CBloodRenderMallocObject             	    0.005285 MB 	    0.062500 MB
CEffectMallocObject                  	    1.878222 MB 	    7.812500 MB
CBakeMallocObject                    	   20.000082 MB 	   20.125000 MB
CFighterMallocObject                 	    0.034581 MB 	    0.062500 MB
CPtMQMallocObject                    	    0.001138 MB 	    0.062500 MB
CTrMsgMallocObject                   	    0.000000 MB 	    0.000000 MB
CLogMallocObject                     	    0.000927 MB 	    0.125000 MB
CCoreObjMallocObject                 	    0.002929 MB 	    0.062500 MB
CCoreMsgMallocObject                 	    0.009978 MB 	    0.312500 MB
CConnMallocObject                    	    0.000530 MB 	    0.062500 MB
CCoreSceneMallocObject               	    0.001532 MB 	    0.062500 MB
CMetaSceneMallocObject               	    0.001120 MB 	    0.062500 MB
CScriptPoolObject1                   	   53.051728 MB 	   93.750000 MB

CppMemTotal:                         	  332.857083 MB 	  428.625000 MB
CIDMapMallocObject                   	    0.330026 MB 	    0.562500 MB
CAudioMallocObject                   	    0.363997 MB 	    0.437500 MB
CMsgMallocObject                     	    0.005157 MB 	    0.062500 MB
CDistortedTimeMallocObject           	    0.002107 MB 	    0.062500 MB
CFindPathMallocObject                	   13.500521 MB 	   13.687500 MB
CPTREFMallocObject                   	    0.000883 MB 	    0.062500 MB
SQRGuiMallocObject                   	   27.731020 MB 	   30.000000 MB
CFXMallocObject                      	    0.001716 MB 	    0.062500 MB
CConfigMallocObject                  	    8.581702 MB 	    9.437500 MB
CGraphicMallocObject                 	  103.682602 MB 	  106.750000 MB
CScriptMallocObject                  	    1.205561 MB 	    1.500000 MB
CConnMsgMallocObject                 	    0.000176 MB 	    0.062500 MB
CEntityMallocObject                  	    0.005412 MB 	    0.062500 MB
CMagicMallocObject                   	    0.000000 MB 	    0.062500 MB
GlobalPool                           	   12.165276 MB 	   44.062500 MB
CCfgCalcMallocObject                 	   24.581583 MB 	   26.312500 MB
CMagicStateMallocObject              	    0.001981 MB 	    0.062500 MB
CActorMallocObject                   	    0.002047 MB 	    0.062500 MB
CServantMallocObject                 	    0.000000 MB 	    0.000000 MB
CNetworkMallocObject                 	    0.001094 MB 	    0.062500 MB
CNetworkRecvBufferMallocObject       	    2.004550 MB 	    2.125000 MB
CNetworkSendBufferMallocObject       	    0.003978 MB 	    0.062500 MB
CMathMallocObject                    	    0.025528 MB 	    0.250000 MB
CValueMallocObject                   	    0.368060 MB 	    0.437500 MB
CSceneMallocObject                   	   20.413114 MB 	   21.125000 MB
CPtCORMallocObject                   	    0.001553 MB 	    0.062500 MB
CDataFileMallocObject                	   42.294984 MB 	   47.812500 MB
CCypherVariantMallocObject           	    0.346870 MB 	    0.500000 MB
CVariantMallocObject                 	    0.051985 MB 	    0.062500 MB
CTickMallocObject                    	    0.209428 MB 	    0.250000 MB
CBloodRenderMallocObject             	    0.005285 MB 	    0.062500 MB
CEffectMallocObject                  	    1.826312 MB 	    7.812500 MB
CBakeMallocObject                    	   20.000082 MB 	   20.125000 MB
CFighterMallocObject                 	    0.032912 MB 	    0.062500 MB
CPtMQMallocObject                    	    0.001138 MB 	    0.062500 MB
CTrMsgMallocObject                   	    0.000000 MB 	    0.000000 MB
CLogMallocObject                     	    0.000927 MB 	    0.125000 MB
CCoreObjMallocObject                 	    0.003127 MB 	    0.062500 MB
CCoreMsgMallocObject                 	    0.009978 MB 	    0.312500 MB
CConnMallocObject                    	    0.000530 MB 	    0.062500 MB
CCoreSceneMallocObject               	    0.001559 MB 	    0.062500 MB
CMetaSceneMallocObject               	    0.001120 MB 	    0.062500 MB
CScriptPoolObject1                   	   53.091204 MB 	   93.750000 MB

