Wed Jul 13 11:39:43 HKT 2011
import ../zshh.5.18.ybtx.sql into database ybtx
import ../mfsl.5.18.ybtx.sql into database ybtx_2
import ../zshh.5.18.ybtx.sql into database ybtx_3
Predeal Auto_increment.txt to array
create temporary database medi_database and tables
init temporary database medi_database
Clear ybtx some tables of no use
Clear ybtx_2 some tables of no use
Clear ybtx_3 some tables of no use
Save max value of auto_key to tbl_id_add_count
Update auto_increment ID
@tmp:=sum(ac_uIdtbl_army_corps)
26
@addnum:=@tmp+ifnull(max(ac_uId),0)
34
@tmp:=sum(ac_uIdtbl_army_corps)
42
@addnum:=@tmp+ifnull(max(ac_uId),0)
68
@tmp:=sum(om_uIDtbl_offline_msg)
2422
@addnum:=@tmp+ifnull(max(om_uID),0)
3143
@tmp:=sum(om_uIDtbl_offline_msg)
3864
@addnum:=@tmp+ifnull(max(om_uID),0)
6286
@tmp:=sum(sm_uIdtbl_system_message)
31995
@addnum:=@tmp+ifnull(max(sm_uId),0)
40093
@tmp:=sum(sm_uIdtbl_system_message)
48191
@addnum:=@tmp+ifnull(max(sm_uId),0)
80186
@tmp:=sum(bs_uIdtbl_battle_shape)
0
@addnum:=@tmp+ifnull(max(bs_uId),0)
0
@tmp:=sum(bs_uIdtbl_battle_shape)
0
@addnum:=@tmp+ifnull(max(bs_uId),0)
0
@tmp:=sum(ba_uIdtbl_battle_array)
0
@addnum:=@tmp+ifnull(max(ba_uId),0)
0
@tmp:=sum(ba_uIdtbl_battle_array)
0
@addnum:=@tmp+ifnull(max(ba_uId),0)
0
@tmp:=sum(tid_uDetailIDtbl_erating_detail_id)
83992
@addnum:=@tmp+ifnull(max(tid_uDetailID),0)
101507
@tmp:=sum(tid_uDetailIDtbl_erating_detail_id)
119022
@addnum:=@tmp+ifnull(max(tid_uDetailID),0)
203014
@tmp:=sum(fc_uIdtbl_friends_class)
354
@addnum:=@tmp+ifnull(max(fc_uId),0)
488
@tmp:=sum(fc_uIdtbl_friends_class)
622
@addnum:=@tmp+ifnull(max(fc_uId),0)
976
@tmp:=sum(gc_uIDtbl_gm_command)
0
@addnum:=@tmp+ifnull(max(gc_uID),0)
0
@tmp:=sum(gc_uIDtbl_gm_command)
0
@addnum:=@tmp+ifnull(max(gc_uID),0)
0
@tmp:=sum(gcl_uIDtbl_gm_command_log)
0
@addnum:=@tmp+ifnull(max(gcl_uID),0)
0
@tmp:=sum(gcl_uIDtbl_gm_command_log)
0
@addnum:=@tmp+ifnull(max(gcl_uID),0)
0
@tmp:=sum(ac_uIDtbl_action_closed)
0
@addnum:=@tmp+ifnull(max(ac_uID),0)
0
@tmp:=sum(ac_uIDtbl_action_closed)
0
@addnum:=@tmp+ifnull(max(ac_uID),0)
0
@tmp:=sum(ii_uIdtbl_item_id)
16636426
@addnum:=@tmp+ifnull(max(ii_uId),0)
23529261
@tmp:=sum(ii_uIdtbl_item_id)
30422096
@addnum:=@tmp+ifnull(max(ii_uId),0)
47058522
@tmp:=sum(is_uIdtbl_item_static)
16636426
@addnum:=@tmp+ifnull(max(is_uId),0)
23529261
@tmp:=sum(is_uIdtbl_item_static)
30422096
@addnum:=@tmp+ifnull(max(is_uId),0)
47058522
@tmp:=sum(ibp_uIdtbl_item_boxitem_pickup)
624305
@addnum:=@tmp+ifnull(max(ibp_uId),0)
876559
@tmp:=sum(ibp_uIdtbl_item_boxitem_pickup)
1128813
@addnum:=@tmp+ifnull(max(ibp_uId),0)
1753118
@tmp:=sum(sh_uIdtbl_stone_hole)
6377
@addnum:=@tmp+ifnull(max(sh_uId),0)
8765
@tmp:=sum(sh_uIdtbl_stone_hole)
11153
@addnum:=@tmp+ifnull(max(sh_uId),0)
17530
@tmp:=sum(cds_uIdtbl_collectivity_depot)
1262
@addnum:=@tmp+ifnull(max(cds_uId),0)
1818
@tmp:=sum(cds_uIdtbl_collectivity_depot)
2374
@addnum:=@tmp+ifnull(max(cds_uId),0)
3636
@tmp:=sum(cs_uSIDtbl_commerce_skill)
64769
@addnum:=@tmp+ifnull(max(cs_uSID),0)
149283
@tmp:=sum(cs_uSIDtbl_commerce_skill)
233797
@addnum:=@tmp+ifnull(max(cs_uSID),0)
298566
@tmp:=sum(le_uIdtbl_log_event)
80908912
@addnum:=@tmp+ifnull(max(le_uId),0)
113294193
@tmp:=sum(le_uIdtbl_log_event)
145679474
@addnum:=@tmp+ifnull(max(le_uId),0)
226588386
@tmp:=sum(ms_uIDtbl_mail)
65002
@addnum:=@tmp+ifnull(max(ms_uID),0)
82338
@tmp:=sum(ms_uIDtbl_mail)
99674
@addnum:=@tmp+ifnull(max(ms_uID),0)
164676
@tmp:=sum(mos_uIdtbl_market_order_static)
48878
@addnum:=@tmp+ifnull(max(mos_uId),0)
61747
@tmp:=sum(mos_uIdtbl_market_order_static)
74616
@addnum:=@tmp+ifnull(max(mos_uId),0)
123494
@tmp:=sum(npsi_nIdtbl_npcshop_player_sell_item)
0
@addnum:=@tmp+ifnull(max(npsi_nId),0)
0
@tmp:=sum(npsi_nIdtbl_npcshop_player_sell_item)
0
@addnum:=@tmp+ifnull(max(npsi_nId),0)
0
@tmp:=sum(cmo_uIdtbl_contract_manufacture_order_static)
0
@addnum:=@tmp+ifnull(max(cmo_uId),0)
0
@tmp:=sum(cmo_uIdtbl_contract_manufacture_order_static)
0
@addnum:=@tmp+ifnull(max(cmo_uId),0)
0
@tmp:=sum(ps_uIdtbl_pet_static)
0
@addnum:=@tmp+ifnull(max(ps_uId),0)
0
@tmp:=sum(ps_uIdtbl_pet_static)
0
@addnum:=@tmp+ifnull(max(ps_uId),0)
0
@tmp:=sum(ar_uIdtbl_action_room)
47722
@addnum:=@tmp+ifnull(max(ar_uId),0)
58387
@tmp:=sum(ar_uIdtbl_action_room)
69052
@addnum:=@tmp+ifnull(max(ar_uId),0)
116774
@tmp:=sum(at_uIdtbl_action_team)
92014
@addnum:=@tmp+ifnull(max(at_uId),0)
92014
@tmp:=sum(at_uIdtbl_action_team)
92014
@addnum:=@tmp+ifnull(max(at_uId),0)
184028
@tmp:=sum(t_uIdtbl_team_static)
97720
@addnum:=@tmp+ifnull(max(t_uId),0)
128183
@tmp:=sum(t_uIdtbl_team_static)
158646
@addnum:=@tmp+ifnull(max(t_uId),0)
256366
@tmp:=sum(t_uIdtbl_tong)
1262
@addnum:=@tmp+ifnull(max(t_uId),0)
1818
@tmp:=sum(t_uIdtbl_tong)
2374
@addnum:=@tmp+ifnull(max(t_uId),0)
3636
@tmp:=sum(lt_uIdtbl_log_tong)
40993
@addnum:=@tmp+ifnull(max(lt_uId),0)
55087
@tmp:=sum(lt_uIdtbl_log_tong)
69181
@addnum:=@tmp+ifnull(max(lt_uId),0)
110174
@tmp:=sum(rt_uIdtbl_request_tong)
10329
@addnum:=@tmp+ifnull(max(rt_uId),0)
14212
@tmp:=sum(rt_uIdtbl_request_tong)
18095
@addnum:=@tmp+ifnull(max(rt_uId),0)
28424
@tmp:=sum(bt_uIdtbl_building_tong)
6393
@addnum:=@tmp+ifnull(max(bt_uId),0)
9096
@tmp:=sum(bt_uIdtbl_building_tong)
11799
@addnum:=@tmp+ifnull(max(bt_uId),0)
18192
@tmp:=sum(tic_uIdtbl_tong_item_create)
48
@addnum:=@tmp+ifnull(max(tic_uId),0)
96
@tmp:=sum(tic_uIdtbl_tong_item_create)
48
@addnum:=@tmp+ifnull(max(tic_uId),0)
48
@tmp:=sum(tts_uIdtbl_tong_tech_static)
4
@addnum:=@tmp+ifnull(max(tts_uId),0)
4
@tmp:=sum(tts_uIdtbl_tong_tech_static)
4
@addnum:=@tmp+ifnull(max(tts_uId),0)
8
@tmp:=sum(tbd_uDetailIDtbl_toolsmall_buy_detail)
0
@addnum:=@tmp+ifnull(max(tbd_uDetailID),0)
0
@tmp:=sum(tbd_uDetailIDtbl_toolsmall_buy_detail)
0
@addnum:=@tmp+ifnull(max(tbd_uDetailID),0)
0
@tmp:=sum(ua_uErrorCodetbl_user_advice)
2152
@addnum:=@tmp+ifnull(max(ua_uErrorCode),0)
3072
@tmp:=sum(ua_uErrorCodetbl_user_advice)
3992
@addnum:=@tmp+ifnull(max(ua_uErrorCode),0)
6144
ERROR 1452 (23000) at line 1: Cannot add or update a child row: a foreign key constraint fails (`ybtx_3`.`tbl_player_friends`, CONSTRAINT `tbl_player_friends_ibfk_1` FOREIGN KEY (`cs_uId`) REFERENCES `tbl_char_static` (`cs_uId`) ON DELETE CASCADE ON UPDATE CASCADE)
@tmp:=sum(cs_uIdtbl_char_static)
667436
@addnum:=@tmp+ifnull(max(cs_uId),0)
889908
ERROR 1452 (23000) at line 1: Cannot add or update a child row: a foreign key constraint fails (`ybtx_2`.`tbl_player_friends`, CONSTRAINT `tbl_player_friends_ibfk_1` FOREIGN KEY (`cs_uId`) REFERENCES `tbl_char_static` (`cs_uId`) ON DELETE CASCADE ON UPDATE CASCADE)
@tmp:=sum(cs_uIdtbl_char_static)
222472
@addnum:=@tmp+ifnull(max(cs_uId),0)
444954
rename army corps
