199766
tbl_log_create_scene	1	1
tbl_log_scene	1	测试用帮会挑战地图
tbl_log_create_scene	2	2
tbl_log_scene	2	银杏村
tbl_log_create_scene	3	3
tbl_log_scene	3	西林岛
tbl_log_create_scene	4	4
tbl_log_scene	4	修斯帝国树屋酒吧
tbl_log_create_scene	5	5
tbl_log_scene	5	前线运输
tbl_log_create_scene	6	6
tbl_log_scene	6	乌鲁城
tbl_log_create_scene	7	7
tbl_log_scene	7	神圣教廷树屋酒吧
tbl_log_create_scene	8	8
tbl_log_scene	8	前线山区
tbl_log_create_scene	9	9
tbl_log_scene	9	鲜血神圣树屋酒吧
tbl_log_create_scene	10	10
tbl_log_scene	10	天梁都
tbl_log_create_scene	11	11
tbl_log_scene	11	地表测试地图
tbl_log_create_scene	12	12
tbl_log_scene	12	史坎布雷
tbl_log_create_scene	13	13
tbl_log_scene	13	双子镇
tbl_log_create_scene	14	14
tbl_log_scene	14	测试1
tbl_log_create_scene	15	15
tbl_log_scene	15	测试用新花语平原
tbl_log_create_scene	16	16
tbl_log_scene	16	神圣教廷职业圣殿
tbl_log_create_scene	17	17
tbl_log_scene	17	轻歌林地
tbl_log_create_scene	18	18
tbl_log_scene	18	新轻歌林地
tbl_log_create_scene	19	19
tbl_log_scene	19	狮子河谷地
tbl_log_create_scene	20	20
tbl_log_scene	20	鲜血修斯树屋酒吧
tbl_log_create_scene	21	21
tbl_log_scene	21	圣雪山
tbl_log_create_scene	22	22
tbl_log_scene	22	狩猎入口
tbl_log_create_scene	23	23
tbl_log_scene	23	尼瑞克平原
tbl_log_create_scene	24	24
tbl_log_scene	24	雁南郡
tbl_log_create_scene	25	25
tbl_log_scene	25	新海岸防守
tbl_log_create_scene	26	26
tbl_log_scene	26	测试地图
tbl_log_create_scene	27	27
tbl_log_scene	27	三乡小镇
tbl_log_create_scene	28	28
tbl_log_scene	28	前线运输2
tbl_log_create_scene	29	29
tbl_log_scene	29	刷门
tbl_log_create_scene	30	30
tbl_log_scene	30	艾米帝国树屋酒吧
tbl_log_create_scene	31	31
tbl_log_scene	31	河阳大草原
tbl_log_create_scene	32	32
tbl_log_scene	32	通云关
tbl_log_create_scene	33	33
tbl_log_scene	33	海帕斯高原
tbl_log_create_scene	34	34
tbl_log_scene	34	鲜血艾米树屋酒吧
tbl_log_create_scene	35	35
tbl_log_scene	35	界林山区
tbl_log_create_scene	36	36
tbl_log_scene	36	修斯帝国职业圣殿
tbl_log_create_scene	37	37
tbl_log_scene	37	艾米帝国职业圣殿
tbl_log_create_scene	38	38
tbl_log_scene	38	花语平原1
tbl_log_create_scene	39	39
tbl_log_scene	39	花语平原2
