199899
tbl_log_item_static	14	3	Ê÷ÎÝ½¬¹û	1	db1f4449176b6bb99130c228efe9a482
tbl_log_player_taker	147	1
tbl_log_event_type	147	22
tbl_log_item_taker	147	14
tbl_log_player_taker	148	1
tbl_log_event_type	148	104
tbl_log_soul	148	1	173	173	4656b139d3904ff8fb4f5a25e1124a02
tbl_log_item_static	15	3	Ê÷ÎÝ½¬¹û	1	da7399254bbc0d6d3dcfe03ffd7ebfb2
tbl_log_player_taker	149	1
tbl_log_event_type	149	22
tbl_log_item_taker	149	15
tbl_log_item_static	16	3	Ê÷ÎÝ½¬¹û	1	214653b7a9cac30caefa00f4dbb7f607
tbl_log_player_taker	150	1
tbl_log_event_type	150	22
tbl_log_item_taker	150	16
tbl_log_item_static	17	3	Ê÷ÎÝ½¬¹û	1	84c49e4c21bf5d2df235e31d4338b3d3
tbl_log_player_taker	151	1
tbl_log_event_type	151	22
tbl_log_item_taker	151	17
