07-17 14:58:36 CppMemTotal:                         	  200.018999 MB 	  238.187500 MB
CFighterMallocObject                 	    0.000120 MB 	    0.062500 MB
CCoreObjMallocObject                 	    0.000000 MB 	    0.000000 MB
CMetaSceneMallocObject               	    0.000101 MB 	    0.062500 MB
CPtMQMallocObject                    	    0.001036 MB 	    0.062500 MB
CMsgMallocObject                     	    0.001295 MB 	    0.062500 MB
CCoreSceneMallocObject               	    0.000093 MB 	    0.062500 MB
CDistortedTimeMallocObject           	    0.000000 MB 	    0.000000 MB
CFindPathMallocObject                	    0.000000 MB 	    0.000000 MB
CCoreMsgMallocObject                 	    0.019674 MB 	    0.062500 MB
CScriptMallocObject                  	    0.675699 MB 	    0.875000 MB
CPtCORMallocObject                   	    0.000000 MB 	    0.000000 MB
CPTREFMallocObject                   	    0.000000 MB 	    0.000000 MB
CIDMapMallocObject                   	    0.001065 MB 	    0.062500 MB
GlobalPool                           	    0.210781 MB 	    0.625000 MB
CMagicStateMallocObject              	    0.000000 MB 	    0.000000 MB
CConnMsgMallocObject                 	    0.000000 MB 	    0.000000 MB
CServantMallocObject                 	    0.000000 MB 	    0.000000 MB
CActorMallocObject                   	    0.000000 MB 	    0.000000 MB
CMtDbMallocObject                    	    0.000639 MB 	    0.125000 MB
CMirrorMallocObject                  	    8.016025 MB 	    9.062500 MB
CNpcAIDataMallocObject               	    0.000124 MB 	    0.062500 MB
CDbMallocObject                      	    0.000325 MB 	    0.187500 MB
CNetworkMallocObject                 	    0.007266 MB 	    0.062500 MB
CNetworkRecvBufferMallocObject       	    0.000000 MB 	    0.000000 MB
CNetworkSendBufferMallocObject       	    0.000000 MB 	    0.000000 MB
CNpcAIMallocObject                   	    0.000113 MB 	    0.062500 MB
CEntityMallocObject                  	    0.003346 MB 	    0.062500 MB
CConnMallocObject                    	    0.000240 MB 	    0.062500 MB
CConfigMallocObject                  	    0.009974 MB 	    0.062500 MB
CCastingProcessMallocObject          	    0.000000 MB 	    0.000000 MB
CMegaLogMallocObject                 	    0.000464 MB 	    0.125000 MB
CQuadMallocObject                    	    0.000295 MB 	    0.062500 MB
CScriptPoolObject2                   	   41.283869 MB 	   49.937500 MB
CScriptPoolObject3                   	   41.352038 MB 	   50.000000 MB
CScriptPoolObject1                   	   47.138956 MB 	   56.437500 MB
CMathMallocObject                    	    0.000000 MB 	    0.000000 MB
CValueMallocObject                   	    0.201635 MB 	    0.312500 MB
CTrMsgMallocObject                   	   37.173594 MB 	   39.562500 MB
CDataFileMallocObject                	   23.844956 MB 	   29.625000 MB
CCypherVariantMallocObject           	    0.000000 MB 	    0.000000 MB
CVariantMallocObject                 	    0.000202 MB 	    0.062500 MB
CLogMallocObject                     	    0.000899 MB 	    0.125000 MB
CTickMallocObject                    	    0.075917 MB 	    0.187500 MB
CMagicMallocObject                   	    0.000000 MB 	    0.000000 MB
CCfgCalcMallocObject                 	    0.005889 MB 	    0.062500 MB

07-17 14:58:47 CppMemTotal:                         	  264.970235 MB 	  372.937500 MB
CFighterMallocObject                 	    0.030358 MB 	    0.062500 MB
CCoreObjMallocObject                 	    0.000000 MB 	    0.000000 MB
CMetaSceneMallocObject               	    0.000101 MB 	    0.062500 MB
CPtMQMallocObject                    	    0.001233 MB 	    0.125000 MB
CMsgMallocObject                     	    0.002202 MB 	    0.062500 MB
CCoreSceneMallocObject               	    0.000093 MB 	    0.062500 MB
CDistortedTimeMallocObject           	    0.000000 MB 	    0.000000 MB
CFindPathMallocObject                	    0.000000 MB 	    0.000000 MB
CCoreMsgMallocObject                 	    0.019674 MB 	    0.062500 MB
CScriptMallocObject                  	    1.525845 MB 	    1.937500 MB
CPtCORMallocObject                   	    0.000000 MB 	    0.000000 MB
CPTREFMallocObject                   	    0.000000 MB 	    0.000000 MB
CIDMapMallocObject                   	    0.002920 MB 	    0.125000 MB
GlobalPool                           	    7.503576 MB 	    9.312500 MB
CMagicStateMallocObject              	    0.000000 MB 	    0.000000 MB
CConnMsgMallocObject                 	    0.000176 MB 	    0.062500 MB
CServantMallocObject                 	    0.000000 MB 	    0.000000 MB
CActorMallocObject                   	    0.000000 MB 	    0.000000 MB
CMtDbMallocObject                    	    0.048475 MB 	    0.375000 MB
CMirrorMallocObject                  	    8.016025 MB 	    9.062500 MB
CNpcAIDataMallocObject               	    5.891580 MB 	    6.750000 MB
CDbMallocObject                      	    0.027448 MB 	    0.437500 MB
CNetworkMallocObject                 	    0.010877 MB 	    0.250000 MB
CNetworkRecvBufferMallocObject       	   12.098362 MB 	   12.437500 MB
CNetworkSendBufferMallocObject       	    0.019889 MB 	    0.125000 MB
CNpcAIMallocObject                   	    0.005680 MB 	    0.062500 MB
CEntityMallocObject                  	    0.003541 MB 	    0.062500 MB
CConnMallocObject                    	    0.000646 MB 	    0.125000 MB
CConfigMallocObject                  	   10.374055 MB 	   11.875000 MB
CCastingProcessMallocObject          	    0.061019 MB 	    0.125000 MB
CMegaLogMallocObject                 	    0.000464 MB 	    0.125000 MB
CQuadMallocObject                    	    0.000295 MB 	    0.062500 MB
CScriptPoolObject2                   	   33.748748 MB 	   57.125000 MB
CScriptPoolObject3                   	   28.685518 MB 	   57.062500 MB
CScriptPoolObject1                   	   58.425836 MB 	   92.125000 MB
CMathMallocObject                    	    0.000000 MB 	    0.000000 MB
CValueMallocObject                   	    0.527984 MB 	    0.937500 MB
CTrMsgMallocObject                   	   37.173719 MB 	   39.812500 MB
CDataFileMallocObject                	   31.225127 MB 	   39.687500 MB
CCypherVariantMallocObject           	    0.046739 MB 	    0.062500 MB
CVariantMallocObject                 	    0.034943 MB 	    0.187500 MB
CLogMallocObject                     	    0.001743 MB 	    0.187500 MB
CTickMallocObject                    	    0.110517 MB 	    0.187500 MB
CMagicMallocObject                   	    0.098094 MB 	    0.125000 MB
CCfgCalcMallocObject                 	   29.246734 MB 	   31.687500 MB

07-17 14:58:57 CppMemTotal:                         	  264.975128 MB 	  373.000000 MB
CFighterMallocObject                 	    0.030358 MB 	    0.062500 MB
CCoreObjMallocObject                 	    0.000000 MB 	    0.000000 MB
CMetaSceneMallocObject               	    0.000101 MB 	    0.062500 MB
CPtMQMallocObject                    	    0.001233 MB 	    0.125000 MB
CMsgMallocObject                     	    0.002202 MB 	    0.062500 MB
CCoreSceneMallocObject               	    0.000093 MB 	    0.062500 MB
CDistortedTimeMallocObject           	    0.000000 MB 	    0.000000 MB
CFindPathMallocObject                	    0.000000 MB 	    0.000000 MB
CCoreMsgMallocObject                 	    0.019674 MB 	    0.062500 MB
CScriptMallocObject                  	    1.525876 MB 	    1.937500 MB
CPtCORMallocObject                   	    0.000000 MB 	    0.000000 MB
CPTREFMallocObject                   	    0.000000 MB 	    0.000000 MB
CIDMapMallocObject                   	    0.002920 MB 	    0.125000 MB
GlobalPool                           	    7.504363 MB 	    9.312500 MB
CMagicStateMallocObject              	    0.000000 MB 	    0.000000 MB
CConnMsgMallocObject                 	    0.000176 MB 	    0.062500 MB
CServantMallocObject                 	    0.000000 MB 	    0.000000 MB
CActorMallocObject                   	    0.000000 MB 	    0.000000 MB
CMtDbMallocObject                    	    0.048475 MB 	    0.375000 MB
CMirrorMallocObject                  	    8.016025 MB 	    9.062500 MB
CNpcAIDataMallocObject               	    5.891580 MB 	    6.750000 MB
CDbMallocObject                      	    0.027448 MB 	    0.437500 MB
CNetworkMallocObject                 	    0.010877 MB 	    0.250000 MB
CNetworkRecvBufferMallocObject       	   12.098362 MB 	   12.437500 MB
CNetworkSendBufferMallocObject       	    0.019889 MB 	    0.125000 MB
CNpcAIMallocObject                   	    0.005680 MB 	    0.062500 MB
CEntityMallocObject                  	    0.003541 MB 	    0.062500 MB
CConnMallocObject                    	    0.000646 MB 	    0.125000 MB
CConfigMallocObject                  	   10.374055 MB 	   11.875000 MB
CCastingProcessMallocObject          	    0.061019 MB 	    0.125000 MB
CMegaLogMallocObject                 	    0.000464 MB 	    0.125000 MB
CQuadMallocObject                    	    0.000295 MB 	    0.062500 MB
CScriptPoolObject2                   	   33.748748 MB 	   57.125000 MB
CScriptPoolObject3                   	   28.685518 MB 	   57.062500 MB
CScriptPoolObject1                   	   58.425858 MB 	   92.125000 MB
CMathMallocObject                    	    0.000000 MB 	    0.000000 MB
CValueMallocObject                   	    0.527984 MB 	    0.937500 MB
CTrMsgMallocObject                   	   37.173719 MB 	   39.812500 MB
CDataFileMallocObject                	   31.225127 MB 	   39.687500 MB
CCypherVariantMallocObject           	    0.046739 MB 	    0.062500 MB
CVariantMallocObject                 	    0.034943 MB 	    0.187500 MB
CLogMallocObject                     	    0.001743 MB 	    0.187500 MB
CTickMallocObject                    	    0.114569 MB 	    0.250000 MB
CMagicMallocObject                   	    0.098094 MB 	    0.125000 MB
CCfgCalcMallocObject                 	   29.246734 MB 	   31.687500 MB

07-17 14:59:07 CppMemTotal:                         	  264.989689 MB 	  373.000000 MB
CFighterMallocObject                 	    0.030358 MB 	    0.062500 MB
CCoreObjMallocObject                 	    0.000000 MB 	    0.000000 MB
CMetaSceneMallocObject               	    0.000101 MB 	    0.062500 MB
CPtMQMallocObject                    	    0.001233 MB 	    0.125000 MB
CMsgMallocObject                     	    0.002202 MB 	    0.062500 MB
CCoreSceneMallocObject               	    0.000093 MB 	    0.062500 MB
CDistortedTimeMallocObject           	    0.000000 MB 	    0.000000 MB
CFindPathMallocObject                	    0.000000 MB 	    0.000000 MB
CCoreMsgMallocObject                 	    0.019674 MB 	    0.062500 MB
CScriptMallocObject                  	    1.525876 MB 	    1.937500 MB
CPtCORMallocObject                   	    0.000000 MB 	    0.000000 MB
CPTREFMallocObject                   	    0.000000 MB 	    0.000000 MB
CIDMapMallocObject                   	    0.002920 MB 	    0.125000 MB
GlobalPool                           	    7.505465 MB 	    9.312500 MB
CMagicStateMallocObject              	    0.000000 MB 	    0.000000 MB
CConnMsgMallocObject                 	    0.000176 MB 	    0.062500 MB
CServantMallocObject                 	    0.000000 MB 	    0.000000 MB
CActorMallocObject                   	    0.000000 MB 	    0.000000 MB
CMtDbMallocObject                    	    0.048483 MB 	    0.375000 MB
CMirrorMallocObject                  	    8.016025 MB 	    9.062500 MB
CNpcAIDataMallocObject               	    5.891580 MB 	    6.750000 MB
CDbMallocObject                      	    0.027644 MB 	    0.437500 MB
CNetworkMallocObject                 	    0.010877 MB 	    0.250000 MB
CNetworkRecvBufferMallocObject       	   12.098362 MB 	   12.437500 MB
CNetworkSendBufferMallocObject       	    0.019889 MB 	    0.125000 MB
CNpcAIMallocObject                   	    0.005680 MB 	    0.062500 MB
CEntityMallocObject                  	    0.003541 MB 	    0.062500 MB
CConnMallocObject                    	    0.000646 MB 	    0.125000 MB
CConfigMallocObject                  	   10.374055 MB 	   11.875000 MB
CCastingProcessMallocObject          	    0.061019 MB 	    0.125000 MB
CMegaLogMallocObject                 	    0.000464 MB 	    0.125000 MB
CQuadMallocObject                    	    0.000295 MB 	    0.062500 MB
CScriptPoolObject2                   	   33.756579 MB 	   57.125000 MB
CScriptPoolObject3                   	   28.685518 MB 	   57.062500 MB
CScriptPoolObject1                   	   58.427176 MB 	   92.125000 MB
CMathMallocObject                    	    0.000000 MB 	    0.000000 MB
CValueMallocObject                   	    0.527984 MB 	    0.937500 MB
CTrMsgMallocObject                   	   37.173719 MB 	   39.812500 MB
CDataFileMallocObject                	   31.225127 MB 	   39.687500 MB
CCypherVariantMallocObject           	    0.046739 MB 	    0.062500 MB
CVariantMallocObject                 	    0.034943 MB 	    0.187500 MB
CLogMallocObject                     	    0.001743 MB 	    0.187500 MB
CTickMallocObject                    	    0.118675 MB 	    0.250000 MB
CMagicMallocObject                   	    0.098094 MB 	    0.125000 MB
CCfgCalcMallocObject                 	   29.246734 MB 	   31.687500 MB

07-17 14:59:17 CppMemTotal:                         	  265.003607 MB 	  373.000000 MB
CFighterMallocObject                 	    0.030358 MB 	    0.062500 MB
CCoreObjMallocObject                 	    0.000000 MB 	    0.000000 MB
CMetaSceneMallocObject               	    0.000101 MB 	    0.062500 MB
CPtMQMallocObject                    	    0.001233 MB 	    0.125000 MB
CMsgMallocObject                     	    0.002202 MB 	    0.062500 MB
CCoreSceneMallocObject               	    0.000093 MB 	    0.062500 MB
CDistortedTimeMallocObject           	    0.000000 MB 	    0.000000 MB
CFindPathMallocObject                	    0.000000 MB 	    0.000000 MB
CCoreMsgMallocObject                 	    0.019674 MB 	    0.062500 MB
CScriptMallocObject                  	    1.525876 MB 	    1.937500 MB
CPtCORMallocObject                   	    0.000000 MB 	    0.000000 MB
CPTREFMallocObject                   	    0.000000 MB 	    0.000000 MB
CIDMapMallocObject                   	    0.002920 MB 	    0.125000 MB
GlobalPool                           	    7.506618 MB 	    9.312500 MB
CMagicStateMallocObject              	    0.000000 MB 	    0.000000 MB
CConnMsgMallocObject                 	    0.000176 MB 	    0.062500 MB
CServantMallocObject                 	    0.000000 MB 	    0.000000 MB
CActorMallocObject                   	    0.000000 MB 	    0.000000 MB
CMtDbMallocObject                    	    0.048511 MB 	    0.375000 MB
CMirrorMallocObject                  	    8.016025 MB 	    9.062500 MB
CNpcAIDataMallocObject               	    5.891580 MB 	    6.750000 MB
CDbMallocObject                      	    0.027841 MB 	    0.437500 MB
CNetworkMallocObject                 	    0.010877 MB 	    0.250000 MB
CNetworkRecvBufferMallocObject       	   12.098362 MB 	   12.437500 MB
CNetworkSendBufferMallocObject       	    0.019889 MB 	    0.125000 MB
CNpcAIMallocObject                   	    0.005680 MB 	    0.062500 MB
CEntityMallocObject                  	    0.003541 MB 	    0.062500 MB
CConnMallocObject                    	    0.000646 MB 	    0.125000 MB
CConfigMallocObject                  	   10.374055 MB 	   11.875000 MB
CCastingProcessMallocObject          	    0.061019 MB 	    0.125000 MB
CMegaLogMallocObject                 	    0.000464 MB 	    0.125000 MB
CQuadMallocObject                    	    0.000295 MB 	    0.062500 MB
CScriptPoolObject2                   	   33.756579 MB 	   57.125000 MB
CScriptPoolObject3                   	   28.693380 MB 	   57.062500 MB
CScriptPoolObject1                   	   58.428462 MB 	   92.125000 MB
CMathMallocObject                    	    0.000000 MB 	    0.000000 MB
CValueMallocObject                   	    0.527984 MB 	    0.937500 MB
CTrMsgMallocObject                   	   37.173719 MB 	   39.812500 MB
CDataFileMallocObject                	   31.225127 MB 	   39.687500 MB
CCypherVariantMallocObject           	    0.046739 MB 	    0.062500 MB
CVariantMallocObject                 	    0.034943 MB 	    0.187500 MB
CLogMallocObject                     	    0.001743 MB 	    0.187500 MB
CTickMallocObject                    	    0.122067 MB 	    0.250000 MB
CMagicMallocObject                   	    0.098094 MB 	    0.125000 MB
CCfgCalcMallocObject                 	   29.246734 MB 	   31.687500 MB

07-17 14:59:27 CppMemTotal:                         	  265.007973 MB 	  373.000000 MB
CFighterMallocObject                 	    0.030358 MB 	    0.062500 MB
CCoreObjMallocObject                 	    0.000000 MB 	    0.000000 MB
CMetaSceneMallocObject               	    0.000101 MB 	    0.062500 MB
CPtMQMallocObject                    	    0.001233 MB 	    0.125000 MB
CMsgMallocObject                     	    0.002202 MB 	    0.062500 MB
CCoreSceneMallocObject               	    0.000093 MB 	    0.062500 MB
CDistortedTimeMallocObject           	    0.000000 MB 	    0.000000 MB
CFindPathMallocObject                	    0.000000 MB 	    0.000000 MB
CCoreMsgMallocObject                 	    0.019674 MB 	    0.062500 MB
CScriptMallocObject                  	    1.525876 MB 	    1.937500 MB
CPtCORMallocObject                   	    0.000000 MB 	    0.000000 MB
CPTREFMallocObject                   	    0.000000 MB 	    0.000000 MB
CIDMapMallocObject                   	    0.002920 MB 	    0.125000 MB
GlobalPool                           	    7.507719 MB 	    9.312500 MB
CMagicStateMallocObject              	    0.000000 MB 	    0.000000 MB
CConnMsgMallocObject                 	    0.000176 MB 	    0.062500 MB
CServantMallocObject                 	    0.000000 MB 	    0.000000 MB
CActorMallocObject                   	    0.000000 MB 	    0.000000 MB
CMtDbMallocObject                    	    0.048511 MB 	    0.375000 MB
CMirrorMallocObject                  	    8.016025 MB 	    9.062500 MB
CNpcAIDataMallocObject               	    5.891580 MB 	    6.750000 MB
CDbMallocObject                      	    0.027841 MB 	    0.437500 MB
CNetworkMallocObject                 	    0.010877 MB 	    0.250000 MB
CNetworkRecvBufferMallocObject       	   12.098362 MB 	   12.437500 MB
CNetworkSendBufferMallocObject       	    0.019889 MB 	    0.125000 MB
CNpcAIMallocObject                   	    0.005680 MB 	    0.062500 MB
CEntityMallocObject                  	    0.003541 MB 	    0.062500 MB
CConnMallocObject                    	    0.000646 MB 	    0.125000 MB
CConfigMallocObject                  	   10.374055 MB 	   11.875000 MB
CCastingProcessMallocObject          	    0.061019 MB 	    0.125000 MB
CMegaLogMallocObject                 	    0.000464 MB 	    0.125000 MB
CQuadMallocObject                    	    0.000295 MB 	    0.062500 MB
CScriptPoolObject2                   	   33.756579 MB 	   57.125000 MB
CScriptPoolObject3                   	   28.693380 MB 	   57.062500 MB
CScriptPoolObject1                   	   58.428485 MB 	   92.125000 MB
CMathMallocObject                    	    0.000000 MB 	    0.000000 MB
CValueMallocObject                   	    0.527984 MB 	    0.937500 MB
CTrMsgMallocObject                   	   37.173719 MB 	   39.812500 MB
CDataFileMallocObject                	   31.225127 MB 	   39.687500 MB
CCypherVariantMallocObject           	    0.046739 MB 	    0.062500 MB
CVariantMallocObject                 	    0.034943 MB 	    0.187500 MB
CLogMallocObject                     	    0.001743 MB 	    0.187500 MB
CTickMallocObject                    	    0.125309 MB 	    0.250000 MB
CMagicMallocObject                   	    0.098094 MB 	    0.125000 MB
CCfgCalcMallocObject                 	   29.246734 MB 	   31.687500 MB

07-17 14:59:36 CppMemTotal:                         	  259.973562 MB 	  373.000000 MB
CFighterMallocObject                 	    0.030358 MB 	    0.062500 MB
CCoreObjMallocObject                 	    0.000000 MB 	    0.000000 MB
CMetaSceneMallocObject               	    0.000101 MB 	    0.062500 MB
CPtMQMallocObject                    	    0.001233 MB 	    0.125000 MB
CMsgMallocObject                     	    0.002202 MB 	    0.062500 MB
CCoreSceneMallocObject               	    0.000093 MB 	    0.062500 MB
CDistortedTimeMallocObject           	    0.000000 MB 	    0.000000 MB
CFindPathMallocObject                	    0.000000 MB 	    0.000000 MB
CCoreMsgMallocObject                 	    0.019674 MB 	    0.062500 MB
CScriptMallocObject                  	    1.525876 MB 	    1.937500 MB
CPtCORMallocObject                   	    0.000000 MB 	    0.000000 MB
CPTREFMallocObject                   	    0.000000 MB 	    0.000000 MB
CIDMapMallocObject                   	    0.002920 MB 	    0.125000 MB
GlobalPool                           	    7.508506 MB 	    9.312500 MB
CMagicStateMallocObject              	    0.000000 MB 	    0.000000 MB
CConnMsgMallocObject                 	    0.000176 MB 	    0.062500 MB
CServantMallocObject                 	    0.000000 MB 	    0.000000 MB
CActorMallocObject                   	    0.000000 MB 	    0.000000 MB
CMtDbMallocObject                    	    0.048511 MB 	    0.375000 MB
CMirrorMallocObject                  	    8.016025 MB 	    9.062500 MB
CNpcAIDataMallocObject               	    5.891580 MB 	    6.750000 MB
CDbMallocObject                      	    0.028037 MB 	    0.437500 MB
CNetworkMallocObject                 	    0.010877 MB 	    0.250000 MB
CNetworkRecvBufferMallocObject       	   12.098362 MB 	   12.437500 MB
CNetworkSendBufferMallocObject       	    0.019889 MB 	    0.125000 MB
CNpcAIMallocObject                   	    0.005680 MB 	    0.062500 MB
CEntityMallocObject                  	    0.003541 MB 	    0.062500 MB
CConnMallocObject                    	    0.000646 MB 	    0.125000 MB
CConfigMallocObject                  	   10.374055 MB 	   11.875000 MB
CCastingProcessMallocObject          	    0.061019 MB 	    0.125000 MB
CMegaLogMallocObject                 	    0.000464 MB 	    0.125000 MB
CQuadMallocObject                    	    0.000295 MB 	    0.062500 MB
CScriptPoolObject2                   	   29.565805 MB 	   57.125000 MB
CScriptPoolObject3                   	   27.844281 MB 	   57.062500 MB
CScriptPoolObject1                   	   58.429771 MB 	   92.125000 MB
CMathMallocObject                    	    0.000000 MB 	    0.000000 MB
CValueMallocObject                   	    0.527984 MB 	    0.937500 MB
CTrMsgMallocObject                   	   37.173719 MB 	   39.812500 MB
CDataFileMallocObject                	   31.225127 MB 	   39.687500 MB
CCypherVariantMallocObject           	    0.046739 MB 	    0.062500 MB
CVariantMallocObject                 	    0.034943 MB 	    0.187500 MB
CLogMallocObject                     	    0.001743 MB 	    0.187500 MB
CTickMallocObject                    	    0.128502 MB 	    0.250000 MB
CMagicMallocObject                   	    0.098094 MB 	    0.125000 MB
CCfgCalcMallocObject                 	   29.246734 MB 	   31.687500 MB

07-17 14:59:46 CppMemTotal:                         	  259.673485 MB 	  373.000000 MB
CFighterMallocObject                 	    0.030358 MB 	    0.062500 MB
CCoreObjMallocObject                 	    0.000000 MB 	    0.000000 MB
CMetaSceneMallocObject               	    0.000101 MB 	    0.062500 MB
CPtMQMallocObject                    	    0.001233 MB 	    0.125000 MB
CMsgMallocObject                     	    0.002202 MB 	    0.062500 MB
CCoreSceneMallocObject               	    0.000093 MB 	    0.062500 MB
CDistortedTimeMallocObject           	    0.000000 MB 	    0.000000 MB
CFindPathMallocObject                	    0.000000 MB 	    0.000000 MB
CCoreMsgMallocObject                 	    0.019674 MB 	    0.062500 MB
CScriptMallocObject                  	    1.525876 MB 	    1.937500 MB
CPtCORMallocObject                   	    0.000000 MB 	    0.000000 MB
CPTREFMallocObject                   	    0.000000 MB 	    0.000000 MB
CIDMapMallocObject                   	    0.002920 MB 	    0.125000 MB
GlobalPool                           	    7.509766 MB 	    9.312500 MB
CMagicStateMallocObject              	    0.000000 MB 	    0.000000 MB
CConnMsgMallocObject                 	    0.000176 MB 	    0.062500 MB
CServantMallocObject                 	    0.000000 MB 	    0.000000 MB
CActorMallocObject                   	    0.000000 MB 	    0.000000 MB
CMtDbMallocObject                    	    0.002251 MB 	    0.375000 MB
CMirrorMallocObject                  	    8.016025 MB 	    9.062500 MB
CNpcAIDataMallocObject               	    5.891580 MB 	    6.750000 MB
CDbMallocObject                      	    0.028655 MB 	    0.437500 MB
CNetworkMallocObject                 	    0.010877 MB 	    0.250000 MB
CNetworkRecvBufferMallocObject       	   12.098362 MB 	   12.437500 MB
CNetworkSendBufferMallocObject       	    0.019889 MB 	    0.125000 MB
CNpcAIMallocObject                   	    0.005680 MB 	    0.062500 MB
CEntityMallocObject                  	    0.003541 MB 	    0.062500 MB
CConnMallocObject                    	    0.000646 MB 	    0.125000 MB
CConfigMallocObject                  	   10.374055 MB 	   11.875000 MB
CCastingProcessMallocObject          	    0.061019 MB 	    0.125000 MB
CMegaLogMallocObject                 	    0.000464 MB 	    0.125000 MB
CQuadMallocObject                    	    0.000295 MB 	    0.062500 MB
CScriptPoolObject2                   	   29.559806 MB 	   57.125000 MB
CScriptPoolObject3                   	   27.862329 MB 	   57.062500 MB
CScriptPoolObject1                   	   58.433112 MB 	   92.125000 MB
CMathMallocObject                    	    0.000000 MB 	    0.000000 MB
CValueMallocObject                   	    0.277474 MB 	    0.937500 MB
CTrMsgMallocObject                   	   37.173719 MB 	   39.812500 MB
CDataFileMallocObject                	   31.201264 MB 	   39.687500 MB
CCypherVariantMallocObject           	    0.046739 MB 	    0.062500 MB
CVariantMallocObject                 	    0.034943 MB 	    0.187500 MB
CLogMallocObject                     	    0.001743 MB 	    0.187500 MB
CTickMallocObject                    	    0.131790 MB 	    0.250000 MB
CMagicMallocObject                   	    0.098094 MB 	    0.125000 MB
CCfgCalcMallocObject                 	   29.246734 MB 	   31.687500 MB

07-17 14:59:57 CppMemTotal:                         	  259.677448 MB 	  373.062500 MB
CFighterMallocObject                 	    0.030358 MB 	    0.062500 MB
CCoreObjMallocObject                 	    0.000000 MB 	    0.000000 MB
CMetaSceneMallocObject               	    0.000101 MB 	    0.062500 MB
CPtMQMallocObject                    	    0.001233 MB 	    0.125000 MB
CMsgMallocObject                     	    0.002202 MB 	    0.062500 MB
CCoreSceneMallocObject               	    0.000093 MB 	    0.062500 MB
CDistortedTimeMallocObject           	    0.000000 MB 	    0.000000 MB
CFindPathMallocObject                	    0.000000 MB 	    0.000000 MB
CCoreMsgMallocObject                 	    0.019674 MB 	    0.062500 MB
CScriptMallocObject                  	    1.525876 MB 	    1.937500 MB
CPtCORMallocObject                   	    0.000000 MB 	    0.000000 MB
CPTREFMallocObject                   	    0.000000 MB 	    0.000000 MB
CIDMapMallocObject                   	    0.002920 MB 	    0.125000 MB
GlobalPool                           	    7.510552 MB 	    9.375000 MB
CMagicStateMallocObject              	    0.000000 MB 	    0.000000 MB
CConnMsgMallocObject                 	    0.000176 MB 	    0.062500 MB
CServantMallocObject                 	    0.000000 MB 	    0.000000 MB
CActorMallocObject                   	    0.000000 MB 	    0.000000 MB
CMtDbMallocObject                    	    0.002251 MB 	    0.375000 MB
CMirrorMallocObject                  	    8.016025 MB 	    9.062500 MB
CNpcAIDataMallocObject               	    5.891580 MB 	    6.750000 MB
CDbMallocObject                      	    0.028655 MB 	    0.437500 MB
CNetworkMallocObject                 	    0.010877 MB 	    0.250000 MB
CNetworkRecvBufferMallocObject       	   12.098362 MB 	   12.437500 MB
CNetworkSendBufferMallocObject       	    0.019889 MB 	    0.125000 MB
CNpcAIMallocObject                   	    0.005680 MB 	    0.062500 MB
CEntityMallocObject                  	    0.003541 MB 	    0.062500 MB
CConnMallocObject                    	    0.000646 MB 	    0.125000 MB
CConfigMallocObject                  	   10.374055 MB 	   11.875000 MB
CCastingProcessMallocObject          	    0.061019 MB 	    0.125000 MB
CMegaLogMallocObject                 	    0.000464 MB 	    0.125000 MB
CQuadMallocObject                    	    0.000295 MB 	    0.062500 MB
CScriptPoolObject2                   	   29.559806 MB 	   57.125000 MB
CScriptPoolObject3                   	   27.862329 MB 	   57.062500 MB
CScriptPoolObject1                   	   58.433135 MB 	   92.125000 MB
CMathMallocObject                    	    0.000000 MB 	    0.000000 MB
CValueMallocObject                   	    0.277474 MB 	    0.937500 MB
CTrMsgMallocObject                   	   37.173719 MB 	   39.812500 MB
CDataFileMallocObject                	   31.201264 MB 	   39.687500 MB
CCypherVariantMallocObject           	    0.046739 MB 	    0.062500 MB
CVariantMallocObject                 	    0.034943 MB 	    0.187500 MB
CLogMallocObject                     	    0.001743 MB 	    0.187500 MB
CTickMallocObject                    	    0.134944 MB 	    0.250000 MB
CMagicMallocObject                   	    0.098094 MB 	    0.125000 MB
CCfgCalcMallocObject                 	   29.246734 MB 	   31.687500 MB

07-17 15:00:07 CppMemTotal:                         	  259.949732 MB 	  373.062500 MB
CFighterMallocObject                 	    0.030358 MB 	    0.062500 MB
CCoreObjMallocObject                 	    0.000000 MB 	    0.000000 MB
CMetaSceneMallocObject               	    0.000101 MB 	    0.062500 MB
CPtMQMallocObject                    	    0.001233 MB 	    0.125000 MB
CMsgMallocObject                     	    0.002202 MB 	    0.062500 MB
CCoreSceneMallocObject               	    0.000093 MB 	    0.062500 MB
CDistortedTimeMallocObject           	    0.000000 MB 	    0.000000 MB
CFindPathMallocObject                	    0.000000 MB 	    0.000000 MB
CCoreMsgMallocObject                 	    0.019674 MB 	    0.062500 MB
CScriptMallocObject                  	    1.525876 MB 	    1.937500 MB
CPtCORMallocObject                   	    0.000000 MB 	    0.000000 MB
CPTREFMallocObject                   	    0.000000 MB 	    0.000000 MB
CIDMapMallocObject                   	    0.002920 MB 	    0.125000 MB
GlobalPool                           	    7.511732 MB 	    9.375000 MB
CMagicStateMallocObject              	    0.000000 MB 	    0.000000 MB
CConnMsgMallocObject                 	    0.000176 MB 	    0.062500 MB
CServantMallocObject                 	    0.000000 MB 	    0.000000 MB
CActorMallocObject                   	    0.000000 MB 	    0.000000 MB
CMtDbMallocObject                    	    0.002308 MB 	    0.375000 MB
CMirrorMallocObject                  	    8.016025 MB 	    9.062500 MB
CNpcAIDataMallocObject               	    5.891580 MB 	    6.750000 MB
CDbMallocObject                      	    0.029263 MB 	    0.437500 MB
CNetworkMallocObject                 	    0.010877 MB 	    0.250000 MB
CNetworkRecvBufferMallocObject       	   12.098362 MB 	   12.437500 MB
CNetworkSendBufferMallocObject       	    0.019889 MB 	    0.125000 MB
CNpcAIMallocObject                   	    0.005680 MB 	    0.062500 MB
CEntityMallocObject                  	    0.003541 MB 	    0.062500 MB
CConnMallocObject                    	    0.000646 MB 	    0.125000 MB
CConfigMallocObject                  	   10.374055 MB 	   11.875000 MB
CCastingProcessMallocObject          	    0.061019 MB 	    0.125000 MB
CMegaLogMallocObject                 	    0.000464 MB 	    0.125000 MB
CQuadMallocObject                    	    0.000295 MB 	    0.062500 MB
CScriptPoolObject2                   	   29.574901 MB 	   57.125000 MB
CScriptPoolObject3                   	   28.101318 MB 	   57.062500 MB
CScriptPoolObject1                   	   58.438731 MB 	   92.125000 MB
CMathMallocObject                    	    0.000000 MB 	    0.000000 MB
CValueMallocObject                   	    0.278785 MB 	    0.937500 MB
CTrMsgMallocObject                   	   37.173727 MB 	   39.812500 MB
CDataFileMallocObject                	   31.207236 MB 	   39.687500 MB
CCypherVariantMallocObject           	    0.046739 MB 	    0.062500 MB
CVariantMallocObject                 	    0.035026 MB 	    0.187500 MB
CLogMallocObject                     	    0.001743 MB 	    0.187500 MB
CTickMallocObject                    	    0.138329 MB 	    0.250000 MB
CMagicMallocObject                   	    0.098094 MB 	    0.125000 MB
CCfgCalcMallocObject                 	   29.246734 MB 	   31.687500 MB

07-17 15:00:17 CppMemTotal:                         	  259.964342 MB 	  373.062500 MB
CFighterMallocObject                 	    0.030358 MB 	    0.062500 MB
CCoreObjMallocObject                 	    0.000000 MB 	    0.000000 MB
CMetaSceneMallocObject               	    0.000101 MB 	    0.062500 MB
CPtMQMallocObject                    	    0.001233 MB 	    0.125000 MB
CMsgMallocObject                     	    0.002202 MB 	    0.062500 MB
CCoreSceneMallocObject               	    0.000093 MB 	    0.062500 MB
CDistortedTimeMallocObject           	    0.000000 MB 	    0.000000 MB
CFindPathMallocObject                	    0.000000 MB 	    0.000000 MB
CCoreMsgMallocObject                 	    0.019674 MB 	    0.062500 MB
CScriptMallocObject                  	    1.525876 MB 	    1.937500 MB
CPtCORMallocObject                   	    0.000000 MB 	    0.000000 MB
CPTREFMallocObject                   	    0.000000 MB 	    0.000000 MB
CIDMapMallocObject                   	    0.002920 MB 	    0.125000 MB
GlobalPool                           	    7.512597 MB 	    9.375000 MB
CMagicStateMallocObject              	    0.000000 MB 	    0.000000 MB
CConnMsgMallocObject                 	    0.000176 MB 	    0.062500 MB
CServantMallocObject                 	    0.000000 MB 	    0.000000 MB
CActorMallocObject                   	    0.000000 MB 	    0.000000 MB
CMtDbMallocObject                    	    0.002308 MB 	    0.375000 MB
CMirrorMallocObject                  	    8.016025 MB 	    9.062500 MB
CNpcAIDataMallocObject               	    5.891580 MB 	    6.750000 MB
CDbMallocObject                      	    0.029263 MB 	    0.437500 MB
CNetworkMallocObject                 	    0.010877 MB 	    0.250000 MB
CNetworkRecvBufferMallocObject       	   12.098362 MB 	   12.437500 MB
CNetworkSendBufferMallocObject       	    0.019889 MB 	    0.125000 MB
CNpcAIMallocObject                   	    0.005680 MB 	    0.062500 MB
CEntityMallocObject                  	    0.003541 MB 	    0.062500 MB
CConnMallocObject                    	    0.000646 MB 	    0.125000 MB
CConfigMallocObject                  	   10.374055 MB 	   11.875000 MB
CCastingProcessMallocObject          	    0.061019 MB 	    0.125000 MB
CMegaLogMallocObject                 	    0.000464 MB 	    0.125000 MB
CQuadMallocObject                    	    0.000295 MB 	    0.062500 MB
CScriptPoolObject2                   	   29.574901 MB 	   57.125000 MB
CScriptPoolObject3                   	   28.109119 MB 	   57.062500 MB
CScriptPoolObject1                   	   58.441223 MB 	   92.125000 MB
CMathMallocObject                    	    0.000000 MB 	    0.000000 MB
CValueMallocObject                   	    0.278785 MB 	    0.937500 MB
CTrMsgMallocObject                   	   37.173727 MB 	   39.812500 MB
CDataFileMallocObject                	   31.207236 MB 	   39.687500 MB
CCypherVariantMallocObject           	    0.046739 MB 	    0.062500 MB
CVariantMallocObject                 	    0.034943 MB 	    0.187500 MB
CLogMallocObject                     	    0.001743 MB 	    0.187500 MB
CTickMallocObject                    	    0.141864 MB 	    0.250000 MB
CMagicMallocObject                   	    0.098094 MB 	    0.125000 MB
CCfgCalcMallocObject                 	   29.246734 MB 	   31.687500 MB

07-17 15:00:27 CppMemTotal:                         	  259.967713 MB 	  373.062500 MB
CFighterMallocObject                 	    0.030358 MB 	    0.062500 MB
CCoreObjMallocObject                 	    0.000000 MB 	    0.000000 MB
CMetaSceneMallocObject               	    0.000101 MB 	    0.062500 MB
CPtMQMallocObject                    	    0.001233 MB 	    0.125000 MB
CMsgMallocObject                     	    0.002202 MB 	    0.062500 MB
CCoreSceneMallocObject               	    0.000093 MB 	    0.062500 MB
CDistortedTimeMallocObject           	    0.000000 MB 	    0.000000 MB
CFindPathMallocObject                	    0.000000 MB 	    0.000000 MB
CCoreMsgMallocObject                 	    0.019674 MB 	    0.062500 MB
CScriptMallocObject                  	    1.525876 MB 	    1.937500 MB
CPtCORMallocObject                   	    0.000000 MB 	    0.000000 MB
CPTREFMallocObject                   	    0.000000 MB 	    0.000000 MB
CIDMapMallocObject                   	    0.002920 MB 	    0.125000 MB
GlobalPool                           	    7.512943 MB 	    9.375000 MB
CMagicStateMallocObject              	    0.000000 MB 	    0.000000 MB
CConnMsgMallocObject                 	    0.000176 MB 	    0.062500 MB
CServantMallocObject                 	    0.000000 MB 	    0.000000 MB
CActorMallocObject                   	    0.000000 MB 	    0.000000 MB
CMtDbMallocObject                    	    0.002308 MB 	    0.375000 MB
CMirrorMallocObject                  	    8.016025 MB 	    9.062500 MB
CNpcAIDataMallocObject               	    5.891580 MB 	    6.750000 MB
CDbMallocObject                      	    0.029263 MB 	    0.437500 MB
CNetworkMallocObject                 	    0.010877 MB 	    0.250000 MB
CNetworkRecvBufferMallocObject       	   12.098362 MB 	   12.437500 MB
CNetworkSendBufferMallocObject       	    0.019889 MB 	    0.125000 MB
CNpcAIMallocObject                   	    0.005680 MB 	    0.062500 MB
CEntityMallocObject                  	    0.003541 MB 	    0.062500 MB
CConnMallocObject                    	    0.000646 MB 	    0.125000 MB
CConfigMallocObject                  	   10.374055 MB 	   11.875000 MB
CCastingProcessMallocObject          	    0.061019 MB 	    0.125000 MB
CMegaLogMallocObject                 	    0.000464 MB 	    0.125000 MB
CQuadMallocObject                    	    0.000295 MB 	    0.062500 MB
CScriptPoolObject2                   	   29.574901 MB 	   57.125000 MB
CScriptPoolObject3                   	   28.109119 MB 	   57.062500 MB
CScriptPoolObject1                   	   58.441246 MB 	   92.125000 MB
CMathMallocObject                    	    0.000000 MB 	    0.000000 MB
CValueMallocObject                   	    0.278785 MB 	    0.937500 MB
CTrMsgMallocObject                   	   37.173727 MB 	   39.812500 MB
CDataFileMallocObject                	   31.207236 MB 	   39.687500 MB
CCypherVariantMallocObject           	    0.046739 MB 	    0.062500 MB
CVariantMallocObject                 	    0.034943 MB 	    0.187500 MB
CLogMallocObject                     	    0.001743 MB 	    0.187500 MB
CTickMallocObject                    	    0.144866 MB 	    0.250000 MB
CMagicMallocObject                   	    0.098094 MB 	    0.125000 MB
CCfgCalcMallocObject                 	   29.246734 MB 	   31.687500 MB

07-17 15:00:37 CppMemTotal:                         	  259.797524 MB 	  373.062500 MB
CFighterMallocObject                 	    0.030358 MB 	    0.062500 MB
CCoreObjMallocObject                 	    0.000000 MB 	    0.000000 MB
CMetaSceneMallocObject               	    0.000101 MB 	    0.062500 MB
CPtMQMallocObject                    	    0.001233 MB 	    0.125000 MB
CMsgMallocObject                     	    0.002202 MB 	    0.062500 MB
CCoreSceneMallocObject               	    0.000093 MB 	    0.062500 MB
CDistortedTimeMallocObject           	    0.000000 MB 	    0.000000 MB
CFindPathMallocObject                	    0.000000 MB 	    0.000000 MB
CCoreMsgMallocObject                 	    0.019674 MB 	    0.062500 MB
CScriptMallocObject                  	    1.525876 MB 	    1.937500 MB
CPtCORMallocObject                   	    0.000000 MB 	    0.000000 MB
CPTREFMallocObject                   	    0.000000 MB 	    0.000000 MB
CIDMapMallocObject                   	    0.002920 MB 	    0.125000 MB
GlobalPool                           	    7.512943 MB 	    9.375000 MB
CMagicStateMallocObject              	    0.000000 MB 	    0.000000 MB
CConnMsgMallocObject                 	    0.000176 MB 	    0.062500 MB
CServantMallocObject                 	    0.000000 MB 	    0.000000 MB
CActorMallocObject                   	    0.000000 MB 	    0.000000 MB
CMtDbMallocObject                    	    0.002308 MB 	    0.375000 MB
CMirrorMallocObject                  	    8.016025 MB 	    9.062500 MB
CNpcAIDataMallocObject               	    5.891580 MB 	    6.750000 MB
CDbMallocObject                      	    0.029263 MB 	    0.437500 MB
CNetworkMallocObject                 	    0.010877 MB 	    0.250000 MB
CNetworkRecvBufferMallocObject       	   12.098362 MB 	   12.437500 MB
CNetworkSendBufferMallocObject       	    0.019889 MB 	    0.125000 MB
CNpcAIMallocObject                   	    0.005680 MB 	    0.062500 MB
CEntityMallocObject                  	    0.003541 MB 	    0.062500 MB
CConnMallocObject                    	    0.000646 MB 	    0.125000 MB
CConfigMallocObject                  	   10.374055 MB 	   11.875000 MB
CCastingProcessMallocObject          	    0.061019 MB 	    0.125000 MB
CMegaLogMallocObject                 	    0.000464 MB 	    0.125000 MB
CQuadMallocObject                    	    0.000295 MB 	    0.062500 MB
CScriptPoolObject2                   	   29.582702 MB 	   57.125000 MB
CScriptPoolObject3                   	   27.929080 MB 	   57.062500 MB
CScriptPoolObject1                   	   58.442533 MB 	   92.125000 MB
CMathMallocObject                    	    0.000000 MB 	    0.000000 MB
CValueMallocObject                   	    0.278785 MB 	    0.937500 MB
CTrMsgMallocObject                   	   37.173727 MB 	   39.812500 MB
CDataFileMallocObject                	   31.207236 MB 	   39.687500 MB
CCypherVariantMallocObject           	    0.046739 MB 	    0.062500 MB
CVariantMallocObject                 	    0.034943 MB 	    0.187500 MB
CLogMallocObject                     	    0.001743 MB 	    0.187500 MB
CTickMallocObject                    	    0.145629 MB 	    0.250000 MB
CMagicMallocObject                   	    0.098094 MB 	    0.125000 MB
CCfgCalcMallocObject                 	   29.246734 MB 	   31.687500 MB

07-17 15:00:46 CppMemTotal:                         	  259.705041 MB 	  373.062500 MB
CFighterMallocObject                 	    0.030358 MB 	    0.062500 MB
CCoreObjMallocObject                 	    0.000000 MB 	    0.000000 MB
CMetaSceneMallocObject               	    0.000101 MB 	    0.062500 MB
CPtMQMallocObject                    	    0.001233 MB 	    0.125000 MB
CMsgMallocObject                     	    0.002202 MB 	    0.062500 MB
CCoreSceneMallocObject               	    0.000093 MB 	    0.062500 MB
CDistortedTimeMallocObject           	    0.000000 MB 	    0.000000 MB
CFindPathMallocObject                	    0.000000 MB 	    0.000000 MB
CCoreMsgMallocObject                 	    0.019674 MB 	    0.062500 MB
CScriptMallocObject                  	    1.525876 MB 	    1.937500 MB
CPtCORMallocObject                   	    0.000000 MB 	    0.000000 MB
CPTREFMallocObject                   	    0.000000 MB 	    0.000000 MB
CIDMapMallocObject                   	    0.002920 MB 	    0.125000 MB
GlobalPool                           	    7.512943 MB 	    9.375000 MB
CMagicStateMallocObject              	    0.000000 MB 	    0.000000 MB
CConnMsgMallocObject                 	    0.000176 MB 	    0.062500 MB
CServantMallocObject                 	    0.000000 MB 	    0.000000 MB
CActorMallocObject                   	    0.000000 MB 	    0.000000 MB
CMtDbMallocObject                    	    0.002273 MB 	    0.375000 MB
CMirrorMallocObject                  	    8.016025 MB 	    9.062500 MB
CNpcAIDataMallocObject               	    5.891580 MB 	    6.750000 MB
CDbMallocObject                      	    0.029263 MB 	    0.437500 MB
CNetworkMallocObject                 	    0.010877 MB 	    0.250000 MB
CNetworkRecvBufferMallocObject       	   12.098362 MB 	   12.437500 MB
CNetworkSendBufferMallocObject       	    0.019889 MB 	    0.125000 MB
CNpcAIMallocObject                   	    0.005680 MB 	    0.062500 MB
CEntityMallocObject                  	    0.003541 MB 	    0.062500 MB
CConnMallocObject                    	    0.000646 MB 	    0.125000 MB
CConfigMallocObject                  	   10.374055 MB 	   11.875000 MB
CCastingProcessMallocObject          	    0.061019 MB 	    0.125000 MB
CMegaLogMallocObject                 	    0.000464 MB 	    0.125000 MB
CQuadMallocObject                    	    0.000295 MB 	    0.062500 MB
CScriptPoolObject2                   	   29.507189 MB 	   57.125000 MB
CScriptPoolObject3                   	   27.944133 MB 	   57.062500 MB
CScriptPoolObject1                   	   58.410365 MB 	   92.125000 MB
CMathMallocObject                    	    0.000000 MB 	    0.000000 MB
CValueMallocObject                   	    0.278130 MB 	    0.937500 MB
CTrMsgMallocObject                   	   37.173727 MB 	   39.812500 MB
CDataFileMallocObject                	   31.207236 MB 	   39.687500 MB
CCypherVariantMallocObject           	    0.046739 MB 	    0.062500 MB
CVariantMallocObject                 	    0.034943 MB 	    0.187500 MB
CLogMallocObject                     	    0.001743 MB 	    0.187500 MB
CTickMallocObject                    	    0.146463 MB 	    0.250000 MB
CMagicMallocObject                   	    0.098094 MB 	    0.125000 MB
CCfgCalcMallocObject                 	   29.246734 MB 	   31.687500 MB

07-17 15:00:56 CppMemTotal:                         	  259.705851 MB 	  373.062500 MB
CFighterMallocObject                 	    0.030358 MB 	    0.062500 MB
CCoreObjMallocObject                 	    0.000000 MB 	    0.000000 MB
CMetaSceneMallocObject               	    0.000101 MB 	    0.062500 MB
CPtMQMallocObject                    	    0.001233 MB 	    0.125000 MB
CMsgMallocObject                     	    0.002202 MB 	    0.062500 MB
CCoreSceneMallocObject               	    0.000093 MB 	    0.062500 MB
CDistortedTimeMallocObject           	    0.000000 MB 	    0.000000 MB
CFindPathMallocObject                	    0.000000 MB 	    0.000000 MB
CCoreMsgMallocObject                 	    0.019674 MB 	    0.062500 MB
CScriptMallocObject                  	    1.525876 MB 	    1.937500 MB
CPtCORMallocObject                   	    0.000000 MB 	    0.000000 MB
CPTREFMallocObject                   	    0.000000 MB 	    0.000000 MB
CIDMapMallocObject                   	    0.002920 MB 	    0.125000 MB
GlobalPool                           	    7.512943 MB 	    9.375000 MB
CMagicStateMallocObject              	    0.000000 MB 	    0.000000 MB
CConnMsgMallocObject                 	    0.000176 MB 	    0.062500 MB
CServantMallocObject                 	    0.000000 MB 	    0.000000 MB
CActorMallocObject                   	    0.000000 MB 	    0.000000 MB
CMtDbMallocObject                    	    0.002273 MB 	    0.375000 MB
CMirrorMallocObject                  	    8.016025 MB 	    9.062500 MB
CNpcAIDataMallocObject               	    5.891580 MB 	    6.750000 MB
CDbMallocObject                      	    0.029263 MB 	    0.437500 MB
CNetworkMallocObject                 	    0.010877 MB 	    0.250000 MB
CNetworkRecvBufferMallocObject       	   12.098362 MB 	   12.437500 MB
CNetworkSendBufferMallocObject       	    0.019889 MB 	    0.125000 MB
CNpcAIMallocObject                   	    0.005680 MB 	    0.062500 MB
CEntityMallocObject                  	    0.003541 MB 	    0.062500 MB
CConnMallocObject                    	    0.000646 MB 	    0.125000 MB
CConfigMallocObject                  	   10.374055 MB 	   11.875000 MB
CCastingProcessMallocObject          	    0.061019 MB 	    0.125000 MB
CMegaLogMallocObject                 	    0.000464 MB 	    0.125000 MB
CQuadMallocObject                    	    0.000295 MB 	    0.062500 MB
CScriptPoolObject2                   	   29.507189 MB 	   57.125000 MB
CScriptPoolObject3                   	   27.944133 MB 	   57.062500 MB
CScriptPoolObject1                   	   58.410388 MB 	   92.125000 MB
CMathMallocObject                    	    0.000000 MB 	    0.000000 MB
CValueMallocObject                   	    0.278130 MB 	    0.937500 MB
CTrMsgMallocObject                   	   37.173727 MB 	   39.812500 MB
CDataFileMallocObject                	   31.207236 MB 	   39.687500 MB
CCypherVariantMallocObject           	    0.046739 MB 	    0.062500 MB
CVariantMallocObject                 	    0.034943 MB 	    0.187500 MB
CLogMallocObject                     	    0.001743 MB 	    0.187500 MB
CTickMallocObject                    	    0.147250 MB 	    0.250000 MB
CMagicMallocObject                   	    0.098094 MB 	    0.125000 MB
CCfgCalcMallocObject                 	   29.246734 MB 	   31.687500 MB

07-17 15:01:06 CppMemTotal:                         	  259.712987 MB 	  373.062500 MB
CFighterMallocObject                 	    0.030358 MB 	    0.062500 MB
CCoreObjMallocObject                 	    0.000000 MB 	    0.000000 MB
CMetaSceneMallocObject               	    0.000101 MB 	    0.062500 MB
CPtMQMallocObject                    	    0.001233 MB 	    0.125000 MB
CMsgMallocObject                     	    0.002202 MB 	    0.062500 MB
CCoreSceneMallocObject               	    0.000093 MB 	    0.062500 MB
CDistortedTimeMallocObject           	    0.000000 MB 	    0.000000 MB
CFindPathMallocObject                	    0.000000 MB 	    0.000000 MB
CCoreMsgMallocObject                 	    0.019674 MB 	    0.062500 MB
CScriptMallocObject                  	    1.525876 MB 	    1.937500 MB
CPtCORMallocObject                   	    0.000000 MB 	    0.000000 MB
CPTREFMallocObject                   	    0.000000 MB 	    0.000000 MB
CIDMapMallocObject                   	    0.002920 MB 	    0.125000 MB
GlobalPool                           	    7.512881 MB 	    9.375000 MB
CMagicStateMallocObject              	    0.000000 MB 	    0.000000 MB
CConnMsgMallocObject                 	    0.000176 MB 	    0.062500 MB
CServantMallocObject                 	    0.000000 MB 	    0.000000 MB
CActorMallocObject                   	    0.000000 MB 	    0.000000 MB
CMtDbMallocObject                    	    0.002273 MB 	    0.375000 MB
CMirrorMallocObject                  	    8.016025 MB 	    9.062500 MB
CNpcAIDataMallocObject               	    5.891580 MB 	    6.750000 MB
CDbMallocObject                      	    0.029263 MB 	    0.437500 MB
CNetworkMallocObject                 	    0.010877 MB 	    0.250000 MB
CNetworkRecvBufferMallocObject       	   12.098362 MB 	   12.437500 MB
CNetworkSendBufferMallocObject       	    0.019889 MB 	    0.125000 MB
CNpcAIMallocObject                   	    0.005680 MB 	    0.062500 MB
CEntityMallocObject                  	    0.003541 MB 	    0.062500 MB
CConnMallocObject                    	    0.000646 MB 	    0.125000 MB
CConfigMallocObject                  	   10.374055 MB 	   11.875000 MB
CCastingProcessMallocObject          	    0.061019 MB 	    0.125000 MB
CMegaLogMallocObject                 	    0.000464 MB 	    0.125000 MB
CQuadMallocObject                    	    0.000295 MB 	    0.062500 MB
CScriptPoolObject2                   	   29.514990 MB 	   57.125000 MB
CScriptPoolObject3                   	   27.944133 MB 	   57.062500 MB
CScriptPoolObject1                   	   58.411130 MB 	   92.125000 MB
CMathMallocObject                    	    0.000000 MB 	    0.000000 MB
CValueMallocObject                   	    0.276014 MB 	    0.937500 MB
CTrMsgMallocObject                   	   37.173727 MB 	   39.812500 MB
CDataFileMallocObject                	   31.207236 MB 	   39.687500 MB
CCypherVariantMallocObject           	    0.046739 MB 	    0.062500 MB
CVariantMallocObject                 	    0.034943 MB 	    0.187500 MB
CLogMallocObject                     	    0.001743 MB 	    0.187500 MB
CTickMallocObject                    	    0.148021 MB 	    0.250000 MB
CMagicMallocObject                   	    0.098094 MB 	    0.125000 MB
CCfgCalcMallocObject                 	   29.246734 MB 	   31.687500 MB

07-17 15:01:17 CppMemTotal:                         	  259.722916 MB 	  373.062500 MB
CFighterMallocObject                 	    0.030358 MB 	    0.062500 MB
CCoreObjMallocObject                 	    0.000000 MB 	    0.000000 MB
CMetaSceneMallocObject               	    0.000101 MB 	    0.062500 MB
CPtMQMallocObject                    	    0.001233 MB 	    0.125000 MB
CMsgMallocObject                     	    0.002202 MB 	    0.062500 MB
CCoreSceneMallocObject               	    0.000093 MB 	    0.062500 MB
CDistortedTimeMallocObject           	    0.000000 MB 	    0.000000 MB
CFindPathMallocObject                	    0.000000 MB 	    0.000000 MB
CCoreMsgMallocObject                 	    0.019674 MB 	    0.062500 MB
CScriptMallocObject                  	    1.525876 MB 	    1.937500 MB
CPtCORMallocObject                   	    0.000000 MB 	    0.000000 MB
CPTREFMallocObject                   	    0.000000 MB 	    0.000000 MB
CIDMapMallocObject                   	    0.002920 MB 	    0.125000 MB
GlobalPool                           	    7.512881 MB 	    9.375000 MB
CMagicStateMallocObject              	    0.000000 MB 	    0.000000 MB
CConnMsgMallocObject                 	    0.000176 MB 	    0.062500 MB
CServantMallocObject                 	    0.000000 MB 	    0.000000 MB
CActorMallocObject                   	    0.000000 MB 	    0.000000 MB
CMtDbMallocObject                    	    0.002273 MB 	    0.375000 MB
CMirrorMallocObject                  	    8.016025 MB 	    9.062500 MB
CNpcAIDataMallocObject               	    5.891580 MB 	    6.750000 MB
CDbMallocObject                      	    0.029263 MB 	    0.437500 MB
CNetworkMallocObject                 	    0.010877 MB 	    0.250000 MB
CNetworkRecvBufferMallocObject       	   12.098362 MB 	   12.437500 MB
CNetworkSendBufferMallocObject       	    0.019889 MB 	    0.125000 MB
CNpcAIMallocObject                   	    0.005680 MB 	    0.062500 MB
CEntityMallocObject                  	    0.003541 MB 	    0.062500 MB
CConnMallocObject                    	    0.000646 MB 	    0.125000 MB
CConfigMallocObject                  	   10.374055 MB 	   11.875000 MB
CCastingProcessMallocObject          	    0.061019 MB 	    0.125000 MB
CMegaLogMallocObject                 	    0.000464 MB 	    0.125000 MB
CQuadMallocObject                    	    0.000295 MB 	    0.062500 MB
CScriptPoolObject2                   	   29.514990 MB 	   57.125000 MB
CScriptPoolObject3                   	   27.951934 MB 	   57.062500 MB
CScriptPoolObject1                   	   58.412447 MB 	   92.125000 MB
CMathMallocObject                    	    0.000000 MB 	    0.000000 MB
CValueMallocObject                   	    0.276014 MB 	    0.937500 MB
CTrMsgMallocObject                   	   37.173727 MB 	   39.812500 MB
CDataFileMallocObject                	   31.207236 MB 	   39.687500 MB
CCypherVariantMallocObject           	    0.046739 MB 	    0.062500 MB
CVariantMallocObject                 	    0.034943 MB 	    0.187500 MB
CLogMallocObject                     	    0.001743 MB 	    0.187500 MB
CTickMallocObject                    	    0.148831 MB 	    0.250000 MB
CMagicMallocObject                   	    0.098094 MB 	    0.125000 MB
CCfgCalcMallocObject                 	   29.246734 MB 	   31.687500 MB

07-17 15:01:27 CppMemTotal:                         	  259.723725 MB 	  373.062500 MB
CFighterMallocObject                 	    0.030358 MB 	    0.062500 MB
CCoreObjMallocObject                 	    0.000000 MB 	    0.000000 MB
CMetaSceneMallocObject               	    0.000101 MB 	    0.062500 MB
CPtMQMallocObject                    	    0.001233 MB 	    0.125000 MB
CMsgMallocObject                     	    0.002202 MB 	    0.062500 MB
CCoreSceneMallocObject               	    0.000093 MB 	    0.062500 MB
CDistortedTimeMallocObject           	    0.000000 MB 	    0.000000 MB
CFindPathMallocObject                	    0.000000 MB 	    0.000000 MB
CCoreMsgMallocObject                 	    0.019674 MB 	    0.062500 MB
CScriptMallocObject                  	    1.525876 MB 	    1.937500 MB
CPtCORMallocObject                   	    0.000000 MB 	    0.000000 MB
CPTREFMallocObject                   	    0.000000 MB 	    0.000000 MB
CIDMapMallocObject                   	    0.002920 MB 	    0.125000 MB
GlobalPool                           	    7.512881 MB 	    9.375000 MB
CMagicStateMallocObject              	    0.000000 MB 	    0.000000 MB
CConnMsgMallocObject                 	    0.000176 MB 	    0.062500 MB
CServantMallocObject                 	    0.000000 MB 	    0.000000 MB
CActorMallocObject                   	    0.000000 MB 	    0.000000 MB
CMtDbMallocObject                    	    0.002273 MB 	    0.375000 MB
CMirrorMallocObject                  	    8.016025 MB 	    9.062500 MB
CNpcAIDataMallocObject               	    5.891580 MB 	    6.750000 MB
CDbMallocObject                      	    0.029263 MB 	    0.437500 MB
CNetworkMallocObject                 	    0.010877 MB 	    0.250000 MB
CNetworkRecvBufferMallocObject       	   12.098362 MB 	   12.437500 MB
CNetworkSendBufferMallocObject       	    0.019889 MB 	    0.125000 MB
CNpcAIMallocObject                   	    0.005680 MB 	    0.062500 MB
CEntityMallocObject                  	    0.003541 MB 	    0.062500 MB
CConnMallocObject                    	    0.000646 MB 	    0.125000 MB
CConfigMallocObject                  	   10.374055 MB 	   11.875000 MB
CCastingProcessMallocObject          	    0.061019 MB 	    0.125000 MB
CMegaLogMallocObject                 	    0.000464 MB 	    0.125000 MB
CQuadMallocObject                    	    0.000295 MB 	    0.062500 MB
CScriptPoolObject2                   	   29.514990 MB 	   57.125000 MB
CScriptPoolObject3                   	   27.951934 MB 	   57.062500 MB
CScriptPoolObject1                   	   58.412470 MB 	   92.125000 MB
CMathMallocObject                    	    0.000000 MB 	    0.000000 MB
CValueMallocObject                   	    0.276014 MB 	    0.937500 MB
CTrMsgMallocObject                   	   37.173727 MB 	   39.812500 MB
CDataFileMallocObject                	   31.207236 MB 	   39.687500 MB
CCypherVariantMallocObject           	    0.046739 MB 	    0.062500 MB
CVariantMallocObject                 	    0.034943 MB 	    0.187500 MB
CLogMallocObject                     	    0.001743 MB 	    0.187500 MB
CTickMallocObject                    	    0.149618 MB 	    0.250000 MB
CMagicMallocObject                   	    0.098094 MB 	    0.125000 MB
CCfgCalcMallocObject                 	   29.246734 MB 	   31.687500 MB

07-17 15:01:37 CppMemTotal:                         	  259.733356 MB 	  373.062500 MB
CFighterMallocObject                 	    0.030358 MB 	    0.062500 MB
CCoreObjMallocObject                 	    0.000000 MB 	    0.000000 MB
CMetaSceneMallocObject               	    0.000101 MB 	    0.062500 MB
CPtMQMallocObject                    	    0.001233 MB 	    0.125000 MB
CMsgMallocObject                     	    0.002202 MB 	    0.062500 MB
CCoreSceneMallocObject               	    0.000093 MB 	    0.062500 MB
CDistortedTimeMallocObject           	    0.000000 MB 	    0.000000 MB
CFindPathMallocObject                	    0.000000 MB 	    0.000000 MB
CCoreMsgMallocObject                 	    0.019674 MB 	    0.062500 MB
CScriptMallocObject                  	    1.525876 MB 	    1.937500 MB
CPtCORMallocObject                   	    0.000000 MB 	    0.000000 MB
CPTREFMallocObject                   	    0.000000 MB 	    0.000000 MB
CIDMapMallocObject                   	    0.002920 MB 	    0.125000 MB
GlobalPool                           	    7.512881 MB 	    9.375000 MB
CMagicStateMallocObject              	    0.000000 MB 	    0.000000 MB
CConnMsgMallocObject                 	    0.000176 MB 	    0.062500 MB
CServantMallocObject                 	    0.000000 MB 	    0.000000 MB
CActorMallocObject                   	    0.000000 MB 	    0.000000 MB
CMtDbMallocObject                    	    0.002273 MB 	    0.375000 MB
CMirrorMallocObject                  	    8.016025 MB 	    9.062500 MB
CNpcAIDataMallocObject               	    5.891580 MB 	    6.750000 MB
CDbMallocObject                      	    0.029263 MB 	    0.437500 MB
CNetworkMallocObject                 	    0.010877 MB 	    0.250000 MB
CNetworkRecvBufferMallocObject       	   12.098362 MB 	   12.437500 MB
CNetworkSendBufferMallocObject       	    0.019889 MB 	    0.125000 MB
CNpcAIMallocObject                   	    0.005680 MB 	    0.062500 MB
CEntityMallocObject                  	    0.003541 MB 	    0.062500 MB
CConnMallocObject                    	    0.000646 MB 	    0.125000 MB
CConfigMallocObject                  	   10.374055 MB 	   11.875000 MB
CCastingProcessMallocObject          	    0.061019 MB 	    0.125000 MB
CMegaLogMallocObject                 	    0.000464 MB 	    0.125000 MB
CQuadMallocObject                    	    0.000295 MB 	    0.062500 MB
CScriptPoolObject2                   	   29.522791 MB 	   57.125000 MB
CScriptPoolObject3                   	   27.951724 MB 	   57.062500 MB
CScriptPoolObject1                   	   58.413787 MB 	   92.125000 MB
CMathMallocObject                    	    0.000000 MB 	    0.000000 MB
CValueMallocObject                   	    0.276014 MB 	    0.937500 MB
CTrMsgMallocObject                   	   37.173727 MB 	   39.812500 MB
CDataFileMallocObject                	   31.207236 MB 	   39.687500 MB
CCypherVariantMallocObject           	    0.046739 MB 	    0.062500 MB
CVariantMallocObject                 	    0.034943 MB 	    0.187500 MB
CLogMallocObject                     	    0.001743 MB 	    0.187500 MB
CTickMallocObject                    	    0.150341 MB 	    0.250000 MB
CMagicMallocObject                   	    0.098094 MB 	    0.125000 MB
CCfgCalcMallocObject                 	   29.246734 MB 	   31.687500 MB

07-17 15:01:47 CppMemTotal:                         	  259.713369 MB 	  373.062500 MB
CFighterMallocObject                 	    0.030358 MB 	    0.062500 MB
CCoreObjMallocObject                 	    0.000000 MB 	    0.000000 MB
CMetaSceneMallocObject               	    0.000101 MB 	    0.062500 MB
CPtMQMallocObject                    	    0.001233 MB 	    0.125000 MB
CMsgMallocObject                     	    0.002202 MB 	    0.062500 MB
CCoreSceneMallocObject               	    0.000093 MB 	    0.062500 MB
CDistortedTimeMallocObject           	    0.000000 MB 	    0.000000 MB
CFindPathMallocObject                	    0.000000 MB 	    0.000000 MB
CCoreMsgMallocObject                 	    0.019674 MB 	    0.062500 MB
CScriptMallocObject                  	    1.525876 MB 	    1.937500 MB
CPtCORMallocObject                   	    0.000000 MB 	    0.000000 MB
CPTREFMallocObject                   	    0.000000 MB 	    0.000000 MB
CIDMapMallocObject                   	    0.002920 MB 	    0.125000 MB
GlobalPool                           	    7.512881 MB 	    9.375000 MB
CMagicStateMallocObject              	    0.000000 MB 	    0.000000 MB
CConnMsgMallocObject                 	    0.000176 MB 	    0.062500 MB
CServantMallocObject                 	    0.000000 MB 	    0.000000 MB
CActorMallocObject                   	    0.000000 MB 	    0.000000 MB
CMtDbMallocObject                    	    0.002308 MB 	    0.375000 MB
CMirrorMallocObject                  	    8.016025 MB 	    9.062500 MB
CNpcAIDataMallocObject               	    5.891580 MB 	    6.750000 MB
CDbMallocObject                      	    0.029881 MB 	    0.437500 MB
CNetworkMallocObject                 	    0.010877 MB 	    0.250000 MB
CNetworkRecvBufferMallocObject       	   12.098362 MB 	   12.437500 MB
CNetworkSendBufferMallocObject       	    0.019889 MB 	    0.125000 MB
CNpcAIMallocObject                   	    0.005680 MB 	    0.062500 MB
CEntityMallocObject                  	    0.003541 MB 	    0.062500 MB
CConnMallocObject                    	    0.000646 MB 	    0.125000 MB
CConfigMallocObject                  	   10.374055 MB 	   11.875000 MB
CCastingProcessMallocObject          	    0.061019 MB 	    0.125000 MB
CMegaLogMallocObject                 	    0.000464 MB 	    0.125000 MB
CQuadMallocObject                    	    0.000295 MB 	    0.062500 MB
CScriptPoolObject2                   	   29.506511 MB 	   57.125000 MB
CScriptPoolObject3                   	   27.942880 MB 	   57.062500 MB
CScriptPoolObject1                   	   58.417219 MB 	   92.125000 MB
CMathMallocObject                    	    0.000000 MB 	    0.000000 MB
CValueMallocObject                   	    0.276327 MB 	    0.937500 MB
CTrMsgMallocObject                   	   37.173727 MB 	   39.812500 MB
CDataFileMallocObject                	   31.207236 MB 	   39.687500 MB
CCypherVariantMallocObject           	    0.046739 MB 	    0.062500 MB
CVariantMallocObject                 	    0.034943 MB 	    0.187500 MB
CLogMallocObject                     	    0.001743 MB 	    0.187500 MB
CTickMallocObject                    	    0.151080 MB 	    0.250000 MB
CMagicMallocObject                   	    0.098094 MB 	    0.125000 MB
CCfgCalcMallocObject                 	   29.246734 MB 	   31.687500 MB

07-17 15:01:57 CppMemTotal:                         	  259.713531 MB 	  373.062500 MB
CFighterMallocObject                 	    0.030358 MB 	    0.062500 MB
CCoreObjMallocObject                 	    0.000000 MB 	    0.000000 MB
CMetaSceneMallocObject               	    0.000101 MB 	    0.062500 MB
CPtMQMallocObject                    	    0.001233 MB 	    0.125000 MB
CMsgMallocObject                     	    0.002202 MB 	    0.062500 MB
CCoreSceneMallocObject               	    0.000093 MB 	    0.062500 MB
CDistortedTimeMallocObject           	    0.000000 MB 	    0.000000 MB
CFindPathMallocObject                	    0.000000 MB 	    0.000000 MB
CCoreMsgMallocObject                 	    0.019674 MB 	    0.062500 MB
CScriptMallocObject                  	    1.525876 MB 	    1.937500 MB
CPtCORMallocObject                   	    0.000000 MB 	    0.000000 MB
CPTREFMallocObject                   	    0.000000 MB 	    0.000000 MB
CIDMapMallocObject                   	    0.002920 MB 	    0.125000 MB
GlobalPool                           	    7.512881 MB 	    9.375000 MB
CMagicStateMallocObject              	    0.000000 MB 	    0.000000 MB
CConnMsgMallocObject                 	    0.000176 MB 	    0.062500 MB
CServantMallocObject                 	    0.000000 MB 	    0.000000 MB
CActorMallocObject                   	    0.000000 MB 	    0.000000 MB
CMtDbMallocObject                    	    0.002273 MB 	    0.375000 MB
CMirrorMallocObject                  	    8.016025 MB 	    9.062500 MB
CNpcAIDataMallocObject               	    5.891580 MB 	    6.750000 MB
CDbMallocObject                      	    0.029881 MB 	    0.437500 MB
CNetworkMallocObject                 	    0.010877 MB 	    0.250000 MB
CNetworkRecvBufferMallocObject       	   12.098362 MB 	   12.437500 MB
CNetworkSendBufferMallocObject       	    0.019889 MB 	    0.125000 MB
CNpcAIMallocObject                   	    0.005680 MB 	    0.062500 MB
CEntityMallocObject                  	    0.003541 MB 	    0.062500 MB
CConnMallocObject                    	    0.000646 MB 	    0.125000 MB
CConfigMallocObject                  	   10.374055 MB 	   11.875000 MB
CCastingProcessMallocObject          	    0.061019 MB 	    0.125000 MB
CMegaLogMallocObject                 	    0.000464 MB 	    0.125000 MB
CQuadMallocObject                    	    0.000295 MB 	    0.062500 MB
CScriptPoolObject2                   	   29.506354 MB 	   57.125000 MB
CScriptPoolObject3                   	   27.942880 MB 	   57.062500 MB
CScriptPoolObject1                   	   58.417242 MB 	   92.125000 MB
CMathMallocObject                    	    0.000000 MB 	    0.000000 MB
CValueMallocObject                   	    0.276014 MB 	    0.937500 MB
CTrMsgMallocObject                   	   37.173727 MB 	   39.812500 MB
CDataFileMallocObject                	   31.207236 MB 	   39.687500 MB
CCypherVariantMallocObject           	    0.046739 MB 	    0.062500 MB
CVariantMallocObject                 	    0.034943 MB 	    0.187500 MB
CLogMallocObject                     	    0.001743 MB 	    0.187500 MB
CTickMallocObject                    	    0.151724 MB 	    0.250000 MB
CMagicMallocObject                   	    0.098094 MB 	    0.125000 MB
CCfgCalcMallocObject                 	   29.246734 MB 	   31.687500 MB

07-17 15:02:06 CppMemTotal:                         	  259.723222 MB 	  373.062500 MB
CFighterMallocObject                 	    0.030358 MB 	    0.062500 MB
CCoreObjMallocObject                 	    0.000000 MB 	    0.000000 MB
CMetaSceneMallocObject               	    0.000101 MB 	    0.062500 MB
CPtMQMallocObject                    	    0.001233 MB 	    0.125000 MB
CMsgMallocObject                     	    0.002202 MB 	    0.062500 MB
CCoreSceneMallocObject               	    0.000093 MB 	    0.062500 MB
CDistortedTimeMallocObject           	    0.000000 MB 	    0.000000 MB
CFindPathMallocObject                	    0.000000 MB 	    0.000000 MB
CCoreMsgMallocObject                 	    0.019674 MB 	    0.062500 MB
CScriptMallocObject                  	    1.525876 MB 	    1.937500 MB
CPtCORMallocObject                   	    0.000000 MB 	    0.000000 MB
CPTREFMallocObject                   	    0.000000 MB 	    0.000000 MB
CIDMapMallocObject                   	    0.002920 MB 	    0.125000 MB
GlobalPool                           	    7.512881 MB 	    9.375000 MB
CMagicStateMallocObject              	    0.000000 MB 	    0.000000 MB
CConnMsgMallocObject                 	    0.000176 MB 	    0.062500 MB
CServantMallocObject                 	    0.000000 MB 	    0.000000 MB
CActorMallocObject                   	    0.000000 MB 	    0.000000 MB
CMtDbMallocObject                    	    0.002273 MB 	    0.375000 MB
CMirrorMallocObject                  	    8.016025 MB 	    9.062500 MB
CNpcAIDataMallocObject               	    5.891580 MB 	    6.750000 MB
CDbMallocObject                      	    0.029881 MB 	    0.437500 MB
CNetworkMallocObject                 	    0.010877 MB 	    0.250000 MB
CNetworkRecvBufferMallocObject       	   12.098362 MB 	   12.437500 MB
CNetworkSendBufferMallocObject       	    0.019889 MB 	    0.125000 MB
CNpcAIMallocObject                   	    0.005680 MB 	    0.062500 MB
CEntityMallocObject                  	    0.003541 MB 	    0.062500 MB
CConnMallocObject                    	    0.000646 MB 	    0.125000 MB
CConfigMallocObject                  	   10.374055 MB 	   11.875000 MB
CCastingProcessMallocObject          	    0.061019 MB 	    0.125000 MB
CMegaLogMallocObject                 	    0.000464 MB 	    0.125000 MB
CQuadMallocObject                    	    0.000295 MB 	    0.062500 MB
CScriptPoolObject2                   	   29.514155 MB 	   57.125000 MB
CScriptPoolObject3                   	   27.942880 MB 	   57.062500 MB
CScriptPoolObject1                   	   58.418559 MB 	   92.125000 MB
CMathMallocObject                    	    0.000000 MB 	    0.000000 MB
CValueMallocObject                   	    0.276014 MB 	    0.937500 MB
CTrMsgMallocObject                   	   37.173727 MB 	   39.812500 MB
CDataFileMallocObject                	   31.207236 MB 	   39.687500 MB
CCypherVariantMallocObject           	    0.046739 MB 	    0.062500 MB
CVariantMallocObject                 	    0.034943 MB 	    0.187500 MB
CLogMallocObject                     	    0.001743 MB 	    0.187500 MB
CTickMallocObject                    	    0.152296 MB 	    0.250000 MB
CMagicMallocObject                   	    0.098094 MB 	    0.125000 MB
CCfgCalcMallocObject                 	   29.246734 MB 	   31.687500 MB

07-17 15:02:16 CppMemTotal:                         	  259.733007 MB 	  373.062500 MB
CFighterMallocObject                 	    0.030358 MB 	    0.062500 MB
CCoreObjMallocObject                 	    0.000000 MB 	    0.000000 MB
CMetaSceneMallocObject               	    0.000101 MB 	    0.062500 MB
CPtMQMallocObject                    	    0.001233 MB 	    0.125000 MB
CMsgMallocObject                     	    0.002202 MB 	    0.062500 MB
CCoreSceneMallocObject               	    0.000093 MB 	    0.062500 MB
CDistortedTimeMallocObject           	    0.000000 MB 	    0.000000 MB
CFindPathMallocObject                	    0.000000 MB 	    0.000000 MB
CCoreMsgMallocObject                 	    0.019674 MB 	    0.062500 MB
CScriptMallocObject                  	    1.525876 MB 	    1.937500 MB
CPtCORMallocObject                   	    0.000000 MB 	    0.000000 MB
CPTREFMallocObject                   	    0.000000 MB 	    0.000000 MB
CIDMapMallocObject                   	    0.002920 MB 	    0.125000 MB
GlobalPool                           	    7.512881 MB 	    9.375000 MB
CMagicStateMallocObject              	    0.000000 MB 	    0.000000 MB
CConnMsgMallocObject                 	    0.000176 MB 	    0.062500 MB
CServantMallocObject                 	    0.000000 MB 	    0.000000 MB
CActorMallocObject                   	    0.000000 MB 	    0.000000 MB
CMtDbMallocObject                    	    0.002273 MB 	    0.375000 MB
CMirrorMallocObject                  	    8.016025 MB 	    9.062500 MB
CNpcAIDataMallocObject               	    5.891580 MB 	    6.750000 MB
CDbMallocObject                      	    0.029881 MB 	    0.437500 MB
CNetworkMallocObject                 	    0.010877 MB 	    0.250000 MB
CNetworkRecvBufferMallocObject       	   12.098362 MB 	   12.437500 MB
CNetworkSendBufferMallocObject       	    0.019889 MB 	    0.125000 MB
CNpcAIMallocObject                   	    0.005680 MB 	    0.062500 MB
CEntityMallocObject                  	    0.003541 MB 	    0.062500 MB
CConnMallocObject                    	    0.000646 MB 	    0.125000 MB
CConfigMallocObject                  	   10.374055 MB 	   11.875000 MB
CCastingProcessMallocObject          	    0.061019 MB 	    0.125000 MB
CMegaLogMallocObject                 	    0.000464 MB 	    0.125000 MB
CQuadMallocObject                    	    0.000295 MB 	    0.062500 MB
CScriptPoolObject2                   	   29.514155 MB 	   57.125000 MB
CScriptPoolObject3                   	   27.950681 MB 	   57.062500 MB
CScriptPoolObject1                   	   58.419876 MB 	   92.125000 MB
CMathMallocObject                    	    0.000000 MB 	    0.000000 MB
CValueMallocObject                   	    0.276014 MB 	    0.937500 MB
CTrMsgMallocObject                   	   37.173727 MB 	   39.812500 MB
CDataFileMallocObject                	   31.207236 MB 	   39.687500 MB
CCypherVariantMallocObject           	    0.046739 MB 	    0.062500 MB
CVariantMallocObject                 	    0.034943 MB 	    0.187500 MB
CLogMallocObject                     	    0.001743 MB 	    0.187500 MB
CTickMallocObject                    	    0.152964 MB 	    0.250000 MB
CMagicMallocObject                   	    0.098094 MB 	    0.125000 MB
CCfgCalcMallocObject                 	   29.246734 MB 	   31.687500 MB

