07-17 14:53:33 CppMemTotal:                         	   49.107944 MB 	   55.625000 MB
GlobalPool                           	    0.130816 MB 	    0.625000 MB
CMagicStateMallocObject              	    0.000000 MB 	    0.000000 MB
CConnMsgMallocObject                 	    0.000000 MB 	    0.000000 MB
CServantMallocObject                 	    0.000000 MB 	    0.000000 MB
CActorMallocObject                   	    0.000000 MB 	    0.000000 MB
CMtDbMallocObject                    	    0.000639 MB 	    0.125000 MB
CMirrorMallocObject                  	    8.016025 MB 	    9.062500 MB
CNpcAIDataMallocObject               	    0.000124 MB 	    0.062500 MB
CFighterMallocObject                 	    0.000120 MB 	    0.062500 MB
CScriptPoolObject1                   	    1.280269 MB 	    1.500000 MB
CScriptPoolObject2                   	    0.785310 MB 	    0.937500 MB
CScriptPoolObject3                   	    0.785310 MB 	    0.937500 MB
CCoreObjMallocObject                 	    0.000000 MB 	    0.000000 MB
CMetaSceneMallocObject               	    0.000101 MB 	    0.062500 MB
CPtMQMallocObject                    	    0.001036 MB 	    0.062500 MB
CMsgMallocObject                     	    0.001295 MB 	    0.062500 MB
CCoreSceneMallocObject               	    0.000093 MB 	    0.062500 MB
CDistortedTimeMallocObject           	    0.000000 MB 	    0.000000 MB
CFindPathMallocObject                	    0.000000 MB 	    0.000000 MB
CCoreMsgMallocObject                 	    0.019674 MB 	    0.062500 MB
CScriptMallocObject                  	    0.668443 MB 	    0.875000 MB
CPtCORMallocObject                   	    0.000000 MB 	    0.000000 MB
CPTREFMallocObject                   	    0.000000 MB 	    0.000000 MB
CIDMapMallocObject                   	    0.001065 MB 	    0.062500 MB
CDbMallocObject                      	    0.000325 MB 	    0.187500 MB
CNetworkMallocObject                 	    0.007266 MB 	    0.062500 MB
CNetworkRecvBufferMallocObject       	    0.000000 MB 	    0.000000 MB
CNetworkSendBufferMallocObject       	    0.000000 MB 	    0.000000 MB
CNpcAIMallocObject                   	    0.000113 MB 	    0.062500 MB
CEntityMallocObject                  	    0.003346 MB 	    0.062500 MB
CConnMallocObject                    	    0.000240 MB 	    0.062500 MB
CConfigMallocObject                  	    0.009974 MB 	    0.062500 MB
CCastingProcessMallocObject          	    0.000000 MB 	    0.000000 MB
CMegaLogMallocObject                 	    0.000464 MB 	    0.125000 MB
CQuadMallocObject                    	    0.000295 MB 	    0.062500 MB
CMathMallocObject                    	    0.000000 MB 	    0.000000 MB
CValueMallocObject                   	    0.000217 MB 	    0.125000 MB
CTrMsgMallocObject                   	   37.173594 MB 	   39.562500 MB
CDataFileMallocObject                	    0.140059 MB 	    0.312500 MB
CCypherVariantMallocObject           	    0.000000 MB 	    0.000000 MB
CVariantMallocObject                 	    0.000202 MB 	    0.062500 MB
CLogMallocObject                     	    0.000899 MB 	    0.125000 MB
CTickMallocObject                    	    0.075513 MB 	    0.187500 MB
CMagicMallocObject                   	    0.000000 MB 	    0.000000 MB
CCfgCalcMallocObject                 	    0.005889 MB 	    0.062500 MB

07-17 14:53:41 CppMemTotal:                         	  204.373254 MB 	  291.500000 MB
GlobalPool                           	    0.203686 MB 	    0.625000 MB
CMagicStateMallocObject              	    0.000000 MB 	    0.000000 MB
CConnMsgMallocObject                 	    0.000000 MB 	    0.000000 MB
CServantMallocObject                 	    0.000000 MB 	    0.000000 MB
CActorMallocObject                   	    0.000000 MB 	    0.000000 MB
CMtDbMallocObject                    	    0.000639 MB 	    0.125000 MB
CMirrorMallocObject                  	    8.016025 MB 	    9.062500 MB
CNpcAIDataMallocObject               	    0.000124 MB 	    0.062500 MB
CFighterMallocObject                 	    0.000120 MB 	    0.062500 MB
CScriptPoolObject1                   	   75.396847 MB 	   90.062500 MB
CScriptPoolObject2                   	   27.173282 MB 	   57.062500 MB
CScriptPoolObject3                   	   27.173282 MB 	   57.000000 MB
CCoreObjMallocObject                 	    0.000000 MB 	    0.000000 MB
CMetaSceneMallocObject               	    0.000101 MB 	    0.062500 MB
CPtMQMallocObject                    	    0.001036 MB 	    0.062500 MB
CMsgMallocObject                     	    0.001295 MB 	    0.062500 MB
CCoreSceneMallocObject               	    0.000093 MB 	    0.062500 MB
CDistortedTimeMallocObject           	    0.000000 MB 	    0.000000 MB
CFindPathMallocObject                	    0.000000 MB 	    0.000000 MB
CCoreMsgMallocObject                 	    0.019674 MB 	    0.062500 MB
CScriptMallocObject                  	    0.675699 MB 	    0.875000 MB
CPtCORMallocObject                   	    0.000000 MB 	    0.000000 MB
CPTREFMallocObject                   	    0.000000 MB 	    0.000000 MB
CIDMapMallocObject                   	    0.001182 MB 	    0.062500 MB
CDbMallocObject                      	    0.000325 MB 	    0.187500 MB
CNetworkMallocObject                 	    0.007266 MB 	    0.062500 MB
CNetworkRecvBufferMallocObject       	    0.000000 MB 	    0.000000 MB
CNetworkSendBufferMallocObject       	    0.000000 MB 	    0.000000 MB
CNpcAIMallocObject                   	    0.000113 MB 	    0.062500 MB
CEntityMallocObject                  	    0.003346 MB 	    0.062500 MB
CConnMallocObject                    	    0.000240 MB 	    0.062500 MB
CConfigMallocObject                  	    0.009974 MB 	    0.062500 MB
CCastingProcessMallocObject          	    0.000000 MB 	    0.000000 MB
CMegaLogMallocObject                 	    0.000464 MB 	    0.125000 MB
CQuadMallocObject                    	    0.000295 MB 	    0.062500 MB
CMathMallocObject                    	    0.000000 MB 	    0.000000 MB
CValueMallocObject                   	    0.205654 MB 	    0.375000 MB
CTrMsgMallocObject                   	   37.173594 MB 	   39.562500 MB
CDataFileMallocObject                	   28.221923 MB 	   35.062500 MB
CCypherVariantMallocObject           	    0.000000 MB 	    0.000000 MB
CVariantMallocObject                 	    0.000202 MB 	    0.062500 MB
CLogMallocObject                     	    0.000919 MB 	    0.187500 MB
CTickMallocObject                    	    0.079965 MB 	    0.187500 MB
CMagicMallocObject                   	    0.000000 MB 	    0.000000 MB
CCfgCalcMallocObject                 	    0.005889 MB 	    0.062500 MB

07-17 14:53:51 CppMemTotal:                         	  271.921601 MB 	  371.375000 MB
GlobalPool                           	    7.505462 MB 	    9.312500 MB
CMagicStateMallocObject              	    0.000000 MB 	    0.000000 MB
CConnMsgMallocObject                 	    0.000176 MB 	    0.062500 MB
CServantMallocObject                 	    0.000000 MB 	    0.000000 MB
CActorMallocObject                   	    0.000000 MB 	    0.000000 MB
CMtDbMallocObject                    	    0.008920 MB 	    0.375000 MB
CMirrorMallocObject                  	    8.016025 MB 	    9.062500 MB
CNpcAIDataMallocObject               	    5.891580 MB 	    6.750000 MB
CFighterMallocObject                 	    0.030358 MB 	    0.062500 MB
CScriptPoolObject1                   	   68.665358 MB 	   92.125000 MB
CScriptPoolObject2                   	   30.719285 MB 	   57.062500 MB
CScriptPoolObject3                   	   28.413871 MB 	   57.000000 MB
CCoreObjMallocObject                 	    0.000000 MB 	    0.000000 MB
CMetaSceneMallocObject               	    0.000101 MB 	    0.062500 MB
CPtMQMallocObject                    	    0.001185 MB 	    0.062500 MB
CMsgMallocObject                     	    0.002202 MB 	    0.062500 MB
CCoreSceneMallocObject               	    0.000093 MB 	    0.062500 MB
CDistortedTimeMallocObject           	    0.000000 MB 	    0.000000 MB
CFindPathMallocObject                	    0.000000 MB 	    0.000000 MB
CCoreMsgMallocObject                 	    0.019674 MB 	    0.062500 MB
CScriptMallocObject                  	    1.224259 MB 	    1.500000 MB
CPtCORMallocObject                   	    0.000000 MB 	    0.000000 MB
CPTREFMallocObject                   	    0.000000 MB 	    0.000000 MB
CIDMapMallocObject                   	    0.002477 MB 	    0.062500 MB
CDbMallocObject                      	    0.013139 MB 	    0.437500 MB
CNetworkMallocObject                 	    0.009464 MB 	    0.250000 MB
CNetworkRecvBufferMallocObject       	   11.097705 MB 	   11.312500 MB
CNetworkSendBufferMallocObject       	    0.011933 MB 	    0.062500 MB
CNpcAIMallocObject                   	    0.005680 MB 	    0.062500 MB
CEntityMallocObject                  	    0.003541 MB 	    0.062500 MB
CConnMallocObject                    	    0.000646 MB 	    0.125000 MB
CConfigMallocObject                  	   10.374055 MB 	   11.875000 MB
CCastingProcessMallocObject          	    0.061019 MB 	    0.125000 MB
CMegaLogMallocObject                 	    0.008574 MB 	    0.187500 MB
CQuadMallocObject                    	    0.000295 MB 	    0.062500 MB
CMathMallocObject                    	    0.000000 MB 	    0.000000 MB
CValueMallocObject                   	    0.410558 MB 	    0.750000 MB
CTrMsgMallocObject                   	   37.173673 MB 	   39.812500 MB
CDataFileMallocObject                	   32.717446 MB 	   40.125000 MB
CCypherVariantMallocObject           	    0.046739 MB 	    0.062500 MB
CVariantMallocObject                 	    0.034943 MB 	    0.187500 MB
CLogMallocObject                     	    0.001743 MB 	    0.187500 MB
CTickMallocObject                    	    0.104859 MB 	    0.187500 MB
CMagicMallocObject                   	    0.098094 MB 	    0.125000 MB
CCfgCalcMallocObject                 	   29.246734 MB 	   31.687500 MB

07-17 14:54:01 CppMemTotal:                         	  278.856656 MB 	  378.000000 MB
GlobalPool                           	    7.505724 MB 	    9.312500 MB
CMagicStateMallocObject              	    0.000000 MB 	    0.000000 MB
CConnMsgMallocObject                 	    0.000176 MB 	    0.062500 MB
CServantMallocObject                 	    0.000000 MB 	    0.000000 MB
CActorMallocObject                   	    0.000000 MB 	    0.000000 MB
CMtDbMallocObject                    	    0.107415 MB 	    0.562500 MB
CMirrorMallocObject                  	    8.016025 MB 	    9.062500 MB
CNpcAIDataMallocObject               	    5.891580 MB 	    6.750000 MB
CFighterMallocObject                 	    0.030358 MB 	    0.062500 MB
CScriptPoolObject1                   	   58.425858 MB 	   92.125000 MB
CScriptPoolObject2                   	   44.320685 MB 	   58.500000 MB
CScriptPoolObject3                   	   28.685534 MB 	   57.000000 MB
CCoreObjMallocObject                 	    0.000000 MB 	    0.000000 MB
CMetaSceneMallocObject               	    0.000101 MB 	    0.062500 MB
CPtMQMallocObject                    	    0.001233 MB 	    0.125000 MB
CMsgMallocObject                     	    0.002202 MB 	    0.062500 MB
CCoreSceneMallocObject               	    0.000093 MB 	    0.062500 MB
CDistortedTimeMallocObject           	    0.000000 MB 	    0.000000 MB
CFindPathMallocObject                	    0.000000 MB 	    0.000000 MB
CCoreMsgMallocObject                 	    0.019674 MB 	    0.062500 MB
CScriptMallocObject                  	    1.525876 MB 	    1.937500 MB
CPtCORMallocObject                   	    0.000000 MB 	    0.000000 MB
CPTREFMallocObject                   	    0.000000 MB 	    0.000000 MB
CIDMapMallocObject                   	    0.002920 MB 	    0.125000 MB
CDbMallocObject                      	    0.029185 MB 	    0.437500 MB
CNetworkMallocObject                 	    0.010877 MB 	    0.250000 MB
CNetworkRecvBufferMallocObject       	   12.098362 MB 	   12.437500 MB
CNetworkSendBufferMallocObject       	    0.019889 MB 	    0.125000 MB
CNpcAIMallocObject                   	    0.005680 MB 	    0.062500 MB
CEntityMallocObject                  	    0.003541 MB 	    0.062500 MB
CConnMallocObject                    	    0.000646 MB 	    0.125000 MB
CConfigMallocObject                  	   10.374055 MB 	   11.875000 MB
CCastingProcessMallocObject          	    0.061019 MB 	    0.125000 MB
CMegaLogMallocObject                 	    0.000819 MB 	    0.187500 MB
CQuadMallocObject                    	    0.000295 MB 	    0.062500 MB
CMathMallocObject                    	    0.000000 MB 	    0.000000 MB
CValueMallocObject                   	    0.561284 MB 	    1.000000 MB
CTrMsgMallocObject                   	   37.173712 MB 	   39.812500 MB
CDataFileMallocObject                	   34.436840 MB 	   43.062500 MB
CCypherVariantMallocObject           	    0.046739 MB 	    0.062500 MB
CVariantMallocObject                 	    0.034943 MB 	    0.187500 MB
CLogMallocObject                     	    0.001743 MB 	    0.187500 MB
CTickMallocObject                    	    0.116745 MB 	    0.250000 MB
CMagicMallocObject                   	    0.098094 MB 	    0.125000 MB
CCfgCalcMallocObject                 	   29.246734 MB 	   31.687500 MB

07-17 14:54:11 CppMemTotal:                         	  278.870558 MB 	  378.000000 MB
GlobalPool                           	    7.506857 MB 	    9.312500 MB
CMagicStateMallocObject              	    0.000000 MB 	    0.000000 MB
CConnMsgMallocObject                 	    0.000176 MB 	    0.062500 MB
CServantMallocObject                 	    0.000000 MB 	    0.000000 MB
CActorMallocObject                   	    0.000000 MB 	    0.000000 MB
CMtDbMallocObject                    	    0.107423 MB 	    0.562500 MB
CMirrorMallocObject                  	    8.016025 MB 	    9.062500 MB
CNpcAIDataMallocObject               	    5.891580 MB 	    6.750000 MB
CFighterMallocObject                 	    0.030358 MB 	    0.062500 MB
CScriptPoolObject1                   	   58.427176 MB 	   92.125000 MB
CScriptPoolObject2                   	   44.328517 MB 	   58.500000 MB
CScriptPoolObject3                   	   28.685534 MB 	   57.000000 MB
CCoreObjMallocObject                 	    0.000000 MB 	    0.000000 MB
CMetaSceneMallocObject               	    0.000101 MB 	    0.062500 MB
CPtMQMallocObject                    	    0.001233 MB 	    0.125000 MB
CMsgMallocObject                     	    0.002202 MB 	    0.062500 MB
CCoreSceneMallocObject               	    0.000093 MB 	    0.062500 MB
CDistortedTimeMallocObject           	    0.000000 MB 	    0.000000 MB
CFindPathMallocObject                	    0.000000 MB 	    0.000000 MB
CCoreMsgMallocObject                 	    0.019674 MB 	    0.062500 MB
CScriptMallocObject                  	    1.525876 MB 	    1.937500 MB
CPtCORMallocObject                   	    0.000000 MB 	    0.000000 MB
CPTREFMallocObject                   	    0.000000 MB 	    0.000000 MB
CIDMapMallocObject                   	    0.002920 MB 	    0.125000 MB
CDbMallocObject                      	    0.029382 MB 	    0.437500 MB
CNetworkMallocObject                 	    0.010877 MB 	    0.250000 MB
CNetworkRecvBufferMallocObject       	   12.098362 MB 	   12.437500 MB
CNetworkSendBufferMallocObject       	    0.019889 MB 	    0.125000 MB
CNpcAIMallocObject                   	    0.005680 MB 	    0.062500 MB
CEntityMallocObject                  	    0.003541 MB 	    0.062500 MB
CConnMallocObject                    	    0.000646 MB 	    0.125000 MB
CConfigMallocObject                  	   10.374055 MB 	   11.875000 MB
CCastingProcessMallocObject          	    0.061019 MB 	    0.125000 MB
CMegaLogMallocObject                 	    0.000819 MB 	    0.187500 MB
CQuadMallocObject                    	    0.000295 MB 	    0.062500 MB
CMathMallocObject                    	    0.000000 MB 	    0.000000 MB
CValueMallocObject                   	    0.561284 MB 	    1.000000 MB
CTrMsgMallocObject                   	   37.173712 MB 	   39.812500 MB
CDataFileMallocObject                	   34.436840 MB 	   43.062500 MB
CCypherVariantMallocObject           	    0.046739 MB 	    0.062500 MB
CVariantMallocObject                 	    0.034943 MB 	    0.187500 MB
CLogMallocObject                     	    0.001743 MB 	    0.187500 MB
CTickMallocObject                    	    0.120161 MB 	    0.250000 MB
CMagicMallocObject                   	    0.098094 MB 	    0.125000 MB
CCfgCalcMallocObject                 	   29.246734 MB 	   31.687500 MB

07-17 14:54:22 CppMemTotal:                         	  278.874968 MB 	  378.000000 MB
GlobalPool                           	    7.507978 MB 	    9.312500 MB
CMagicStateMallocObject              	    0.000000 MB 	    0.000000 MB
CConnMsgMallocObject                 	    0.000176 MB 	    0.062500 MB
CServantMallocObject                 	    0.000000 MB 	    0.000000 MB
CActorMallocObject                   	    0.000000 MB 	    0.000000 MB
CMtDbMallocObject                    	    0.107423 MB 	    0.562500 MB
CMirrorMallocObject                  	    8.016025 MB 	    9.062500 MB
CNpcAIDataMallocObject               	    5.891580 MB 	    6.750000 MB
CFighterMallocObject                 	    0.030358 MB 	    0.062500 MB
CScriptPoolObject1                   	   58.427198 MB 	   92.125000 MB
CScriptPoolObject2                   	   44.328517 MB 	   58.500000 MB
CScriptPoolObject3                   	   28.685534 MB 	   57.000000 MB
CCoreObjMallocObject                 	    0.000000 MB 	    0.000000 MB
CMetaSceneMallocObject               	    0.000101 MB 	    0.062500 MB
CPtMQMallocObject                    	    0.001233 MB 	    0.125000 MB
CMsgMallocObject                     	    0.002202 MB 	    0.062500 MB
CCoreSceneMallocObject               	    0.000093 MB 	    0.062500 MB
CDistortedTimeMallocObject           	    0.000000 MB 	    0.000000 MB
CFindPathMallocObject                	    0.000000 MB 	    0.000000 MB
CCoreMsgMallocObject                 	    0.019674 MB 	    0.062500 MB
CScriptMallocObject                  	    1.525876 MB 	    1.937500 MB
CPtCORMallocObject                   	    0.000000 MB 	    0.000000 MB
CPTREFMallocObject                   	    0.000000 MB 	    0.000000 MB
CIDMapMallocObject                   	    0.002920 MB 	    0.125000 MB
CDbMallocObject                      	    0.029382 MB 	    0.437500 MB
CNetworkMallocObject                 	    0.010877 MB 	    0.250000 MB
CNetworkRecvBufferMallocObject       	   12.098362 MB 	   12.437500 MB
CNetworkSendBufferMallocObject       	    0.019889 MB 	    0.125000 MB
CNpcAIMallocObject                   	    0.005680 MB 	    0.062500 MB
CEntityMallocObject                  	    0.003541 MB 	    0.062500 MB
CConnMallocObject                    	    0.000646 MB 	    0.125000 MB
CConfigMallocObject                  	   10.374055 MB 	   11.875000 MB
CCastingProcessMallocObject          	    0.061019 MB 	    0.125000 MB
CMegaLogMallocObject                 	    0.000819 MB 	    0.187500 MB
CQuadMallocObject                    	    0.000295 MB 	    0.062500 MB
CMathMallocObject                    	    0.000000 MB 	    0.000000 MB
CValueMallocObject                   	    0.561284 MB 	    1.000000 MB
CTrMsgMallocObject                   	   37.173712 MB 	   39.812500 MB
CDataFileMallocObject                	   34.436840 MB 	   43.062500 MB
CCypherVariantMallocObject           	    0.046739 MB 	    0.062500 MB
CVariantMallocObject                 	    0.034943 MB 	    0.187500 MB
CLogMallocObject                     	    0.001743 MB 	    0.187500 MB
CTickMallocObject                    	    0.123426 MB 	    0.250000 MB
CMagicMallocObject                   	    0.098094 MB 	    0.125000 MB
CCfgCalcMallocObject                 	   29.246734 MB 	   31.687500 MB

07-17 14:54:32 CppMemTotal:                         	  278.888721 MB 	  378.000000 MB
GlobalPool                           	    7.509111 MB 	    9.312500 MB
CMagicStateMallocObject              	    0.000000 MB 	    0.000000 MB
CConnMsgMallocObject                 	    0.000176 MB 	    0.062500 MB
CServantMallocObject                 	    0.000000 MB 	    0.000000 MB
CActorMallocObject                   	    0.000000 MB 	    0.000000 MB
CMtDbMallocObject                    	    0.107450 MB 	    0.562500 MB
CMirrorMallocObject                  	    8.016025 MB 	    9.062500 MB
CNpcAIDataMallocObject               	    5.891580 MB 	    6.750000 MB
CFighterMallocObject                 	    0.030358 MB 	    0.062500 MB
CScriptPoolObject1                   	   58.428485 MB 	   92.125000 MB
CScriptPoolObject2                   	   44.328517 MB 	   58.500000 MB
CScriptPoolObject3                   	   28.693396 MB 	   57.000000 MB
CCoreObjMallocObject                 	    0.000000 MB 	    0.000000 MB
CMetaSceneMallocObject               	    0.000101 MB 	    0.062500 MB
CPtMQMallocObject                    	    0.001233 MB 	    0.125000 MB
CMsgMallocObject                     	    0.002202 MB 	    0.062500 MB
CCoreSceneMallocObject               	    0.000093 MB 	    0.062500 MB
CDistortedTimeMallocObject           	    0.000000 MB 	    0.000000 MB
CFindPathMallocObject                	    0.000000 MB 	    0.000000 MB
CCoreMsgMallocObject                 	    0.019674 MB 	    0.062500 MB
CScriptMallocObject                  	    1.525876 MB 	    1.937500 MB
CPtCORMallocObject                   	    0.000000 MB 	    0.000000 MB
CPTREFMallocObject                   	    0.000000 MB 	    0.000000 MB
CIDMapMallocObject                   	    0.002920 MB 	    0.125000 MB
CDbMallocObject                      	    0.029578 MB 	    0.437500 MB
CNetworkMallocObject                 	    0.010877 MB 	    0.250000 MB
CNetworkRecvBufferMallocObject       	   12.098362 MB 	   12.437500 MB
CNetworkSendBufferMallocObject       	    0.019889 MB 	    0.125000 MB
CNpcAIMallocObject                   	    0.005680 MB 	    0.062500 MB
CEntityMallocObject                  	    0.003541 MB 	    0.062500 MB
CConnMallocObject                    	    0.000646 MB 	    0.125000 MB
CConfigMallocObject                  	   10.374055 MB 	   11.875000 MB
CCastingProcessMallocObject          	    0.061019 MB 	    0.125000 MB
CMegaLogMallocObject                 	    0.000819 MB 	    0.187500 MB
CQuadMallocObject                    	    0.000295 MB 	    0.062500 MB
CMathMallocObject                    	    0.000000 MB 	    0.000000 MB
CValueMallocObject                   	    0.561284 MB 	    1.000000 MB
CTrMsgMallocObject                   	   37.173719 MB 	   39.812500 MB
CDataFileMallocObject                	   34.436840 MB 	   43.062500 MB
CCypherVariantMallocObject           	    0.046739 MB 	    0.062500 MB
CVariantMallocObject                 	    0.034943 MB 	    0.187500 MB
CLogMallocObject                     	    0.001743 MB 	    0.187500 MB
CTickMallocObject                    	    0.126667 MB 	    0.250000 MB
CMagicMallocObject                   	    0.098094 MB 	    0.125000 MB
CCfgCalcMallocObject                 	   29.246734 MB 	   31.687500 MB

07-17 14:54:42 CppMemTotal:                         	  265.348942 MB 	  378.000000 MB
GlobalPool                           	    7.509867 MB 	    9.312500 MB
CMagicStateMallocObject              	    0.000000 MB 	    0.000000 MB
CConnMsgMallocObject                 	    0.000176 MB 	    0.062500 MB
CServantMallocObject                 	    0.000000 MB 	    0.000000 MB
CActorMallocObject                   	    0.000000 MB 	    0.000000 MB
CMtDbMallocObject                    	    0.106956 MB 	    0.562500 MB
CMirrorMallocObject                  	    8.016025 MB 	    9.062500 MB
CNpcAIDataMallocObject               	    5.891580 MB 	    6.750000 MB
CFighterMallocObject                 	    0.030358 MB 	    0.062500 MB
CScriptPoolObject1                   	   58.429771 MB 	   92.125000 MB
CScriptPoolObject2                   	   31.640060 MB 	   58.500000 MB
CScriptPoolObject3                   	   27.844142 MB 	   57.000000 MB
CCoreObjMallocObject                 	    0.000000 MB 	    0.000000 MB
CMetaSceneMallocObject               	    0.000101 MB 	    0.062500 MB
CPtMQMallocObject                    	    0.001233 MB 	    0.125000 MB
CMsgMallocObject                     	    0.002202 MB 	    0.062500 MB
CCoreSceneMallocObject               	    0.000093 MB 	    0.062500 MB
CDistortedTimeMallocObject           	    0.000000 MB 	    0.000000 MB
CFindPathMallocObject                	    0.000000 MB 	    0.000000 MB
CCoreMsgMallocObject                 	    0.019674 MB 	    0.062500 MB
CScriptMallocObject                  	    1.525876 MB 	    1.937500 MB
CPtCORMallocObject                   	    0.000000 MB 	    0.000000 MB
CPTREFMallocObject                   	    0.000000 MB 	    0.000000 MB
CIDMapMallocObject                   	    0.002920 MB 	    0.125000 MB
CDbMallocObject                      	    0.029775 MB 	    0.437500 MB
CNetworkMallocObject                 	    0.010877 MB 	    0.250000 MB
CNetworkRecvBufferMallocObject       	   12.098362 MB 	   12.437500 MB
CNetworkSendBufferMallocObject       	    0.019889 MB 	    0.125000 MB
CNpcAIMallocObject                   	    0.005680 MB 	    0.062500 MB
CEntityMallocObject                  	    0.003541 MB 	    0.062500 MB
CConnMallocObject                    	    0.000646 MB 	    0.125000 MB
CConfigMallocObject                  	   10.374055 MB 	   11.875000 MB
CCastingProcessMallocObject          	    0.061019 MB 	    0.125000 MB
CMegaLogMallocObject                 	    0.000819 MB 	    0.187500 MB
CQuadMallocObject                    	    0.000295 MB 	    0.062500 MB
CMathMallocObject                    	    0.000000 MB 	    0.000000 MB
CValueMallocObject                   	    0.554197 MB 	    1.000000 MB
CTrMsgMallocObject                   	   37.173719 MB 	   39.812500 MB
CDataFileMallocObject                	   34.436840 MB 	   43.062500 MB
CCypherVariantMallocObject           	    0.046739 MB 	    0.062500 MB
CVariantMallocObject                 	    0.034943 MB 	    0.187500 MB
CLogMallocObject                     	    0.001743 MB 	    0.187500 MB
CTickMallocObject                    	    0.129940 MB 	    0.250000 MB
CMagicMallocObject                   	    0.098094 MB 	    0.125000 MB
CCfgCalcMallocObject                 	   29.246734 MB 	   31.687500 MB

07-17 14:54:51 CppMemTotal:                         	  264.980674 MB 	  378.062500 MB
GlobalPool                           	    7.511158 MB 	    9.375000 MB
CMagicStateMallocObject              	    0.000000 MB 	    0.000000 MB
CConnMsgMallocObject                 	    0.000176 MB 	    0.062500 MB
CServantMallocObject                 	    0.000000 MB 	    0.000000 MB
CActorMallocObject                   	    0.000000 MB 	    0.000000 MB
CMtDbMallocObject                    	    0.058403 MB 	    0.562500 MB
CMirrorMallocObject                  	    8.016025 MB 	    9.062500 MB
CNpcAIDataMallocObject               	    5.891580 MB 	    6.750000 MB
CFighterMallocObject                 	    0.030358 MB 	    0.062500 MB
CScriptPoolObject1                   	   58.431849 MB 	   92.125000 MB
CScriptPoolObject2                   	   31.575415 MB 	   58.500000 MB
CScriptPoolObject3                   	   27.854527 MB 	   57.000000 MB
CCoreObjMallocObject                 	    0.000000 MB 	    0.000000 MB
CMetaSceneMallocObject               	    0.000101 MB 	    0.062500 MB
CPtMQMallocObject                    	    0.001233 MB 	    0.125000 MB
CMsgMallocObject                     	    0.002202 MB 	    0.062500 MB
CCoreSceneMallocObject               	    0.000093 MB 	    0.062500 MB
CDistortedTimeMallocObject           	    0.000000 MB 	    0.000000 MB
CFindPathMallocObject                	    0.000000 MB 	    0.000000 MB
CCoreMsgMallocObject                 	    0.019674 MB 	    0.062500 MB
CScriptMallocObject                  	    1.525876 MB 	    1.937500 MB
CPtCORMallocObject                   	    0.000000 MB 	    0.000000 MB
CPTREFMallocObject                   	    0.000000 MB 	    0.000000 MB
CIDMapMallocObject                   	    0.002920 MB 	    0.125000 MB
CDbMallocObject                      	    0.030393 MB 	    0.437500 MB
CNetworkMallocObject                 	    0.010877 MB 	    0.250000 MB
CNetworkRecvBufferMallocObject       	   12.098362 MB 	   12.437500 MB
CNetworkSendBufferMallocObject       	    0.019889 MB 	    0.125000 MB
CNpcAIMallocObject                   	    0.005680 MB 	    0.062500 MB
CEntityMallocObject                  	    0.003541 MB 	    0.062500 MB
CConnMallocObject                    	    0.000646 MB 	    0.125000 MB
CConfigMallocObject                  	   10.374055 MB 	   11.875000 MB
CCastingProcessMallocObject          	    0.061019 MB 	    0.125000 MB
CMegaLogMallocObject                 	    0.000819 MB 	    0.187500 MB
CQuadMallocObject                    	    0.000295 MB 	    0.062500 MB
CMathMallocObject                    	    0.000000 MB 	    0.000000 MB
CValueMallocObject                   	    0.305371 MB 	    1.000000 MB
CTrMsgMallocObject                   	   37.173727 MB 	   39.812500 MB
CDataFileMallocObject                	   34.412977 MB 	   43.062500 MB
CCypherVariantMallocObject           	    0.046739 MB 	    0.062500 MB
CVariantMallocObject                 	    0.034943 MB 	    0.187500 MB
CLogMallocObject                     	    0.001743 MB 	    0.187500 MB
CTickMallocObject                    	    0.133181 MB 	    0.250000 MB
CMagicMallocObject                   	    0.098094 MB 	    0.125000 MB
CCfgCalcMallocObject                 	   29.246734 MB 	   31.687500 MB

07-17 14:55:01 CppMemTotal:                         	  264.993718 MB 	  378.062500 MB
GlobalPool                           	    7.511913 MB 	    9.375000 MB
CMagicStateMallocObject              	    0.000000 MB 	    0.000000 MB
CConnMsgMallocObject                 	    0.000176 MB 	    0.062500 MB
CServantMallocObject                 	    0.000000 MB 	    0.000000 MB
CActorMallocObject                   	    0.000000 MB 	    0.000000 MB
CMtDbMallocObject                    	    0.058403 MB 	    0.562500 MB
CMirrorMallocObject                  	    8.016025 MB 	    9.062500 MB
CNpcAIDataMallocObject               	    5.891580 MB 	    6.750000 MB
CFighterMallocObject                 	    0.030358 MB 	    0.062500 MB
CScriptPoolObject1                   	   58.433135 MB 	   92.125000 MB
CScriptPoolObject2                   	   31.575415 MB 	   58.500000 MB
CScriptPoolObject3                   	   27.862329 MB 	   57.000000 MB
CCoreObjMallocObject                 	    0.000000 MB 	    0.000000 MB
CMetaSceneMallocObject               	    0.000101 MB 	    0.062500 MB
CPtMQMallocObject                    	    0.001233 MB 	    0.125000 MB
CMsgMallocObject                     	    0.002202 MB 	    0.062500 MB
CCoreSceneMallocObject               	    0.000093 MB 	    0.062500 MB
CDistortedTimeMallocObject           	    0.000000 MB 	    0.000000 MB
CFindPathMallocObject                	    0.000000 MB 	    0.000000 MB
CCoreMsgMallocObject                 	    0.019674 MB 	    0.062500 MB
CScriptMallocObject                  	    1.525876 MB 	    1.937500 MB
CPtCORMallocObject                   	    0.000000 MB 	    0.000000 MB
CPTREFMallocObject                   	    0.000000 MB 	    0.000000 MB
CIDMapMallocObject                   	    0.002920 MB 	    0.125000 MB
CDbMallocObject                      	    0.030393 MB 	    0.437500 MB
CNetworkMallocObject                 	    0.010877 MB 	    0.250000 MB
CNetworkRecvBufferMallocObject       	   12.098362 MB 	   12.437500 MB
CNetworkSendBufferMallocObject       	    0.019889 MB 	    0.125000 MB
CNpcAIMallocObject                   	    0.005680 MB 	    0.062500 MB
CEntityMallocObject                  	    0.003541 MB 	    0.062500 MB
CConnMallocObject                    	    0.000646 MB 	    0.125000 MB
CConfigMallocObject                  	   10.374055 MB 	   11.875000 MB
CCastingProcessMallocObject          	    0.061019 MB 	    0.125000 MB
CMegaLogMallocObject                 	    0.000819 MB 	    0.187500 MB
CQuadMallocObject                    	    0.000295 MB 	    0.062500 MB
CMathMallocObject                    	    0.000000 MB 	    0.000000 MB
CValueMallocObject                   	    0.305371 MB 	    1.000000 MB
CTrMsgMallocObject                   	   37.173727 MB 	   39.812500 MB
CDataFileMallocObject                	   34.412977 MB 	   43.062500 MB
CCypherVariantMallocObject           	    0.046739 MB 	    0.062500 MB
CVariantMallocObject                 	    0.034943 MB 	    0.187500 MB
CLogMallocObject                     	    0.001743 MB 	    0.187500 MB
CTickMallocObject                    	    0.136382 MB 	    0.250000 MB
CMagicMallocObject                   	    0.098094 MB 	    0.125000 MB
CCfgCalcMallocObject                 	   29.246734 MB 	   31.687500 MB

