编号: 1501744803
信息: CreateResFile 打开文件错误default.marl
种类: 资源缺失 

编号: 2346234596
信息: 地图: map/swjb 文件和烘焙文件不匹配:tile\树屋酒吧\餐厅（ct）\model\sccw_swjb_sg_t_01.mod[objpolySurface][0]载入烘焙颜色失败
问题原因：
 1.可能没有提交最新的洪培文件 
 2.Res和Resbin下的某些模型文件不同
种类: 资源缺失 

编号: 1832489416
信息: 地图: map/swjb 文件和烘焙文件不匹配:tile\树屋酒吧\餐厅（ct）\model\sccw_swjb_sg_t_01.mod[objpolySurface][1]载入烘焙颜色失败
问题原因：
 1.可能没有提交最新的洪培文件 
 2.Res和Resbin下的某些模型文件不同
种类: 资源缺失 

编号: 1640899415
信息: 地图: map/swjb 文件和烘焙文件不匹配:tile\树屋酒吧\餐厅（ct）\model\sccw_swjb_sg05.mod[objpolySurface][0]载入烘焙颜色失败
问题原因：
 1.可能没有提交最新的洪培文件 
 2.Res和Resbin下的某些模型文件不同
种类: 资源缺失 

编号: 763368770
信息: 地图: map/swjb 文件和烘焙文件不匹配:tile\树屋酒吧\餐厅（ct）\model\sccw_swjb_sg_t_02.mod[objpolySurface][0]载入烘焙颜色失败
问题原因：
 1.可能没有提交最新的洪培文件 
 2.Res和Resbin下的某些模型文件不同
种类: 资源缺失 

编号: 1231474288
信息: 地图: map/swjb 文件和烘焙文件不匹配:tile\树屋酒吧\餐厅（ct）\model\sccw_swjb_sg_t_02.mod[objpolySurface][1]载入烘焙颜色失败
问题原因：
 1.可能没有提交最新的洪培文件 
 2.Res和Resbin下的某些模型文件不同
种类: 资源缺失 

编号: 2105770251
信息: 地图: map/swjb 文件和烘焙文件不匹配:tile\树屋酒吧\餐厅（ct）\model\sccw_swjb_s_07.mod[objobjpolySurface][0]载入烘焙颜色失败
问题原因：
 1.可能没有提交最新的洪培文件 
 2.Res和Resbin下的某些模型文件不同
种类: 资源缺失 

编号: 3062157033
信息: 地图: map/swjb 文件和烘焙文件不匹配:tile\树屋酒吧\餐厅（ct）\model\sccw_swjb_s_07.mod[objpolySurface][0]载入烘焙颜色失败
问题原因：
 1.可能没有提交最新的洪培文件 
 2.Res和Resbin下的某些模型文件不同
种类: 资源缺失 

编号: 2336821408
信息: 地图: map/swjb 文件和烘焙文件不匹配:tile\树屋酒吧\餐厅（ct）\model\sccw_swjb_sg_t_02_a07.mod[a][0]载入烘焙颜色失败
问题原因：
 1.可能没有提交最新的洪培文件 
 2.Res和Resbin下的某些模型文件不同
种类: 资源缺失 

编号: 4154060276
信息: 地图: map/swjb 文件和烘焙文件不匹配:tile\树屋酒吧\餐厅（ct）\model\sccw_swjb_sg_t_02_a01.mod[a][0]载入烘焙颜色失败
问题原因：
 1.可能没有提交最新的洪培文件 
 2.Res和Resbin下的某些模型文件不同
种类: 资源缺失 

编号: 2528253326
信息: 地图: map/swjb 文件和烘焙文件不匹配:tile\树屋酒吧\餐厅（ct）\model\sccw_swjb_sg_t_02_a06.mod[a][0]载入烘焙颜色失败
问题原因：
 1.可能没有提交最新的洪培文件 
 2.Res和Resbin下的某些模型文件不同
种类: 资源缺失 

编号: 2071204684
信息: 地图: map/swjb 文件和烘焙文件不匹配:tile\树屋酒吧\餐厅（ct）\model\sccw_swjb_sg_t_01_a3.mod[a][0]载入烘焙颜色失败
问题原因：
 1.可能没有提交最新的洪培文件 
 2.Res和Resbin下的某些模型文件不同
种类: 资源缺失 

编号: 1618447633
信息: 地图: map/swjb 文件和烘焙文件不匹配:tile\树屋酒吧\餐厅（ct）\model\sccw_swjb_sg_t_02_a05.mod[a][0]载入烘焙颜色失败
问题原因：
 1.可能没有提交最新的洪培文件 
 2.Res和Resbin下的某些模型文件不同
种类: 资源缺失 

编号: 3065758476
信息: 地图: map/swjb 文件和烘焙文件不匹配:tile\树屋酒吧\餐厅（ct）\model\sccw_swjb_sg_t_01_a2.mod[a][0]载入烘焙颜色失败
问题原因：
 1.可能没有提交最新的洪培文件 
 2.Res和Resbin下的某些模型文件不同
种类: 资源缺失 

编号: 1201931407
信息: 地图: map/swjb 文件和烘焙文件不匹配:tile\树屋酒吧\餐厅（ct）\model\sccw_swjb_sg_t_01_a1.mod[a][0]载入烘焙颜色失败
问题原因：
 1.可能没有提交最新的洪培文件 
 2.Res和Resbin下的某些模型文件不同
种类: 资源缺失 

编号: 1727170543
信息: 地图: map/swjb 文件和烘焙文件不匹配:tile\树屋酒吧\餐厅（ct）\model\sccw_swjb_sg_t_02_a03.mod[a][0]载入烘焙颜色失败
问题原因：
 1.可能没有提交最新的洪培文件 
 2.Res和Resbin下的某些模型文件不同
种类: 资源缺失 

编号: 4004623325
信息: 地图: map/swjb 文件和烘焙文件不匹配:tile\树屋酒吧\餐厅（ct）\model\sccw_swjb_sg_t_02_a04.mod[a][0]载入烘焙颜色失败
问题原因：
 1.可能没有提交最新的洪培文件 
 2.Res和Resbin下的某些模型文件不同
种类: 资源缺失 

编号: 2223141464
信息: 地图: map/swjb 文件和烘焙文件不匹配:tile\树屋酒吧\餐厅（ct）\model\sccw_swjb_sg_t_02_a02.mod[a][0]载入烘焙颜色失败
问题原因：
 1.可能没有提交最新的洪培文件 
 2.Res和Resbin下的某些模型文件不同
种类: 资源缺失 

编号: 1092039993
信息: 地图: map/swjb 文件和烘焙文件不匹配:tile\树屋酒吧\餐厅（ct）\model\sccw_swjb_s_05_a_01.mod[0][0]载入烘焙颜色失败
问题原因：
 1.可能没有提交最新的洪培文件 
 2.Res和Resbin下的某些模型文件不同
种类: 资源缺失 

编号: 3355565072
信息: 地图: map/swjb 文件和烘焙文件不匹配:tile\树屋酒吧\餐厅（ct）\model\sccw_swjb_s_05_a_03.mod[0][0]载入烘焙颜色失败
问题原因：
 1.可能没有提交最新的洪培文件 
 2.Res和Resbin下的某些模型文件不同
种类: 资源缺失 

编号: 2693914822
信息: 地图: map/swjb 文件和烘焙文件不匹配:tile\树屋酒吧\餐厅（ct）\model\sccw_swjb_s_05_a_02.mod[0][0]载入烘焙颜色失败
问题原因：
 1.可能没有提交最新的洪培文件 
 2.Res和Resbin下的某些模型文件不同
种类: 资源缺失 

编号: 3645529468
信息: 地图: map/swjb 文件和烘焙文件不匹配:tile\树屋酒吧\餐厅（ct）\model\sccw_swjb_s_08_a01.mod[a][0]载入烘焙颜色失败
问题原因：
 1.可能没有提交最新的洪培文件 
 2.Res和Resbin下的某些模型文件不同
种类: 资源缺失 

编号: 2952412359
信息: 地图: map/swjb 文件和烘焙文件不匹配:tile\树屋酒吧\餐厅（ct）\model\sccw_swjb_s_08_a02.mod[a][0]载入烘焙颜色失败
问题原因：
 1.可能没有提交最新的洪培文件 
 2.Res和Resbin下的某些模型文件不同
种类: 资源缺失 

编号: 1078417051
信息: 地图: map/swjb 文件和烘焙文件不匹配:tile\树屋酒吧\餐厅（ct）\model\sccw_swjb_s_08_a03.mod[a][0]载入烘焙颜色失败
问题原因：
 1.可能没有提交最新的洪培文件 
 2.Res和Resbin下的某些模型文件不同
种类: 资源缺失 

编号: 4088876963
信息: 地图: map/swjb 文件和烘焙文件不匹配:tile\树屋酒吧\魔法工会（mfgh）\model\swjb_mfgh_xsg.mod[Line][0]载入烘焙颜色失败
问题原因：
 1.可能没有提交最新的洪培文件 
 2.Res和Resbin下的某些模型文件不同
种类: 资源缺失 

编号: 4232267911
信息: 播放音效缺失:bar01
种类: 资源缺失 

编号: 1032574912
信息: 播放音效缺失:energy06
种类: 资源缺失 

编号: 4243990278
信息: 播放音效缺失:fireoil02
种类: 资源缺失 

编号: 2426406946
信息: SetRoleName
堆栈: 
#0LogErr=[C]
#1SetRoleName@game/gac/lua/framework/main_frame/ConnClient.lua:19
#2(trunk)@game/gac/lua/character/CharacterDirector.lua:29
#3UnPack=[C]
#4(trunk)@game/gac_gas/lua/framework/rpc/ConnMgrHandler.lua:7
#5Run=[C]
#6Run@engine/lua/client/CoreClient.lua:29
#7(trunk):2

编号: 2261984559
信息: 播放音效缺失:energy04
种类: 资源缺失 

