Process GUID:82f2bbfc-3194-4909-afbf-b2efa5be6694
Process Name:127.0.0.1
Conn Guid:c3bf6ba6-bcde-40d1-8444-d5efa7a6e95a
Server GUID:852cba64-0730-404e-921b-d543fad9a61f
Server Addr:127.0.0.1 52520
Client Addr:127.0.0.1 1231
UserName:tangliult
1501744803 	2010-6-7-13:0:36	1	
2346234596 	2010-6-7-13:0:45	1	
1832489416 	2010-6-7-13:0:45	1	
1640899415 	2010-6-7-13:0:45	1	
763368770 	2010-6-7-13:0:45	1	
1231474288 	2010-6-7-13:0:45	1	
2105770251 	2010-6-7-13:0:45	1	
3062157033 	2010-6-7-13:0:45	1	
2336821408 	2010-6-7-13:0:45	1	
4154060276 	2010-6-7-13:0:46	1	
2528253326 	2010-6-7-13:0:46	1	
2071204684 	2010-6-7-13:0:46	1	
1618447633 	2010-6-7-13:0:46	1	
3065758476 	2010-6-7-13:0:46	1	
1201931407 	2010-6-7-13:0:46	1	
1727170543 	2010-6-7-13:0:46	1	
4004623325 	2010-6-7-13:0:46	1	
2223141464 	2010-6-7-13:0:46	1	
1092039993 	2010-6-7-13:0:46	1	
3355565072 	2010-6-7-13:0:46	1	
2693914822 	2010-6-7-13:0:46	1	
3645529468 	2010-6-7-13:0:46	1	
2952412359 	2010-6-7-13:0:46	1	
1078417051 	2010-6-7-13:0:46	1	
4088876963 	2010-6-7-13:0:48	1	
4232267911 	2010-6-7-13:0:49	1	
1032574912 	2010-6-7-13:0:49	1	
4243990278 	2010-6-7-13:0:49	1	
RoleName:xcvxsd
2426406946 	2010-6-7-13:0:50	1	
Conn Guid:c6c73e74-c379-4feb-99c9-720c0f21c629
Server GUID:852cba64-0730-404e-921b-d543fad9a61f
Server Addr:127.0.0.1 52520
Client Addr:127.0.0.1 1234
UserName:tangliu
2261984559 	2010-6-7-13:1:26	1	
RoleName:aslkdjflk
2426406946 	2010-6-7-13:1:27	2	
